#
# There is insufficient memory for the Java Runtime Environment to continue.
# Native memory allocation (mmap) failed to map 65536 bytes for Failed to commit metaspace.
# Possible reasons:
#   The system is out of physical RAM or swap space
#   The process is running with CompressedOops enabled, and the Java Heap may be blocking the growth of the native heap
# Possible solutions:
#   Reduce memory load on the system
#   Increase physical memory or swap space
#   Check if swap backing store is full
#   Decrease Java heap size (-Xmx/-Xms)
#   Decrease number of Java threads
#   Decrease Java thread stack sizes (-Xss)
#   Set larger code cache with -XX:ReservedCodeCacheSize=
#   JVM is running with Unscaled Compressed Oops mode in which the Java heap is
#     placed in the first 4GB address space. The Java Heap base address is the
#     maximum limit for the native heap growth. Please use -XX:HeapBaseMinAddress
#     to set the Java Heap base and to place the Java Heap above 4GB virtual address.
# This output file may be truncated or incomplete.
#
#  Out of Memory Error (virtualSpaceNode.cpp:110), pid=25380, tid=35820
#
# JRE version: Java(TM) SE Runtime Environment (17.0.12+8) (build 17.0.12+8-LTS-286)
# Java VM: Java HotSpot(TM) 64-Bit Server VM (17.0.12+8-LTS-286, mixed mode, sharing, tiered, compressed oops, compressed class ptrs, g1 gc, windows-amd64)
# No core dump will be written. Minidumps are not enabled by default on client versions of Windows
#

---------------  S U M M A R Y ------------

Command Line: -XX:MaxMetaspaceSize=512m --add-opens=java.base/java.util=ALL-UNNAMED --add-opens=java.base/java.lang=ALL-UNNAMED --add-opens=java.base/java.lang.invoke=ALL-UNNAMED --add-opens=java.prefs/java.util.prefs=ALL-UNNAMED --add-opens=java.base/java.nio.charset=ALL-UNNAMED --add-opens=java.base/java.net=ALL-UNNAMED --add-opens=java.base/java.util.concurrent.atomic=ALL-UNNAMED -Xmx2048m -Dfile.encoding=windows-1252 -Duser.country=US -Duser.language=en -Duser.variant org.gradle.launcher.daemon.bootstrap.GradleDaemon 8.0.1

Host: 11th Gen Intel(R) Core(TM) i7-1195G7 @ 2.90GHz, 8 cores, 7G,  Windows 10 , 64 bit Build 19041 (10.0.19041.5198)
Time: Tue Jan 14 16:51:51 2025 SE Asia Standard Time elapsed time: 52.133000 seconds (0d 0h 0m 52s)

---------------  T H R E A D  ---------------

Current thread (0x0000018e1b408bb0):  JavaThread "Daemon worker" [_thread_in_vm, id=35820, stack(0x000000830dc00000,0x000000830dd00000)]

Stack: [0x000000830dc00000,0x000000830dd00000]
Native frames: (J=compiled Java code, j=interpreted, Vv=VM code, C=native code)
V  [jvm.dll+0x67a04a]
V  [jvm.dll+0x7da4ed]
V  [jvm.dll+0x7dbe33]
V  [jvm.dll+0x7dc4a3]
V  [jvm.dll+0x24508f]
V  [jvm.dll+0x7d60bb]
V  [jvm.dll+0x6206c6]
V  [jvm.dll+0x62072a]
V  [jvm.dll+0x622f4d]
V  [jvm.dll+0x621086]
V  [jvm.dll+0x23936f]
V  [jvm.dll+0x62af35]
V  [jvm.dll+0x1e84b2]
V  [jvm.dll+0x1e89d5]
V  [jvm.dll+0x1e931b]
V  [jvm.dll+0x1dea41]
V  [jvm.dll+0x53f78c]
V  [jvm.dll+0x1ef3ca]
V  [jvm.dll+0x7547ad]
V  [jvm.dll+0x755bc6]
V  [jvm.dll+0x756355]
V  [jvm.dll+0x1e9741]
V  [jvm.dll+0x1dea5a]
V  [jvm.dll+0x53f78c]
V  [jvm.dll+0x1ef3ca]
V  [jvm.dll+0x7547ad]
V  [jvm.dll+0x755bc6]
V  [jvm.dll+0x756355]
V  [jvm.dll+0x1e9741]
V  [jvm.dll+0x1dea5a]
V  [jvm.dll+0x53f78c]
V  [jvm.dll+0x1ef3ca]
V  [jvm.dll+0x7547ad]
V  [jvm.dll+0x755bc6]
V  [jvm.dll+0x414b95]
C  [java.dll+0x1a55]

Java frames: (J=compiled Java code, j=interpreted, Vv=VM code)
J 628  java.lang.ClassLoader.findBootstrapClass(Ljava/lang/String;)Ljava/lang/Class; java.base@17.0.12 (0 bytes) @ 0x0000018e6bba96fa [0x0000018e6bba96a0+0x000000000000005a]
J 2233 c2 java.lang.ClassLoader.loadClass(Ljava/lang/String;Z)Ljava/lang/Class; java.base@17.0.12 (121 bytes) @ 0x0000018e6bc9a114 [0x0000018e6bc98ea0+0x0000000000001274]
J 3016 c2 java.lang.ClassLoader.loadClass(Ljava/lang/String;)Ljava/lang/Class; java.base@17.0.12 (7 bytes) @ 0x0000018e6bd11340 [0x0000018e6bd11300+0x0000000000000040]
v  ~StubRoutines::call_stub
J 2876  java.lang.Class.getDeclaredMethods0(Z)[Ljava/lang/reflect/Method; java.base@17.0.12 (0 bytes) @ 0x0000018e6bcfdd63 [0x0000018e6bcfdd20+0x0000000000000043]
J 2152 c1 java.lang.Class.privateGetDeclaredMethods(Z)[Ljava/lang/reflect/Method; java.base@17.0.12 (64 bytes) @ 0x0000018e644dc7d4 [0x0000018e644dc640+0x0000000000000194]
J 3003 c1 java.lang.Class.getDeclaredMethods()[Ljava/lang/reflect/Method; java.base@17.0.12 (27 bytes) @ 0x0000018e646cb1c4 [0x0000018e646cb000+0x00000000000001c4]
j  org.codehaus.groovy.reflection.CachedClass$3.lambda$initValue$4()[Lorg/codehaus/groovy/reflection/CachedMethod;+7
j  org.codehaus.groovy.reflection.CachedClass$3$$Lambda$348+0x0000018e013a2b68.run()Ljava/lang/Object;+4
J 1968 c1 java.security.AccessController.doPrivileged(Ljava/security/PrivilegedAction;)Ljava/lang/Object; java.base@17.0.12 (9 bytes) @ 0x0000018e64470344 [0x0000018e644701e0+0x0000000000000164]
j  org.codehaus.groovy.reflection.CachedClass$3.initValue()[Lorg/codehaus/groovy/reflection/CachedMethod;+8
j  org.codehaus.groovy.reflection.CachedClass$3.initValue()Ljava/lang/Object;+1
J 3128 c1 org.codehaus.groovy.util.LazyReference.getLocked(Z)Ljava/lang/Object; (85 bytes) @ 0x0000018e646f040c [0x0000018e646f0140+0x00000000000002cc]
J 3038 c1 org.codehaus.groovy.util.LazyReference.get()Ljava/lang/Object; (44 bytes) @ 0x0000018e646d3324 [0x0000018e646d3080+0x00000000000002a4]
j  org.codehaus.groovy.reflection.CachedClass.getMethods()[Lorg/codehaus/groovy/reflection/CachedMethod;+4
j  org.codehaus.groovy.runtime.m12n.SimpleExtensionModule.createMetaMethods(Ljava/lang/Class;Ljava/util/List;Z)V+6
j  org.codehaus.groovy.runtime.m12n.SimpleExtensionModule.getMetaMethods()Ljava/util/List;+44
j  org.codehaus.groovy.runtime.metaclass.MetaClassRegistryImpl$DefaultModuleListener.onModule(Lorg/codehaus/groovy/runtime/m12n/ExtensionModule;)V+113
j  org.codehaus.groovy.runtime.m12n.ExtensionModuleScanner.scanExtensionModuleFromProperties(Ljava/util/Properties;)V+23
j  org.codehaus.groovy.runtime.m12n.ExtensionModuleScanner.scanExtensionModuleFromMetaInf(Ljava/net/URL;)V+52
j  org.codehaus.groovy.runtime.m12n.ExtensionModuleScanner.scanClasspathModulesFrom(Ljava/lang/String;)V+30
j  org.codehaus.groovy.runtime.m12n.ExtensionModuleScanner.scanClasspathModules()V+3
j  org.codehaus.groovy.runtime.metaclass.MetaClassRegistryImpl.<init>(IZ)V+279
j  org.codehaus.groovy.runtime.metaclass.MetaClassRegistryImpl.<init>()V+3
j  groovy.lang.GroovySystem.<clinit>()V+8
v  ~StubRoutines::call_stub
j  org.codehaus.groovy.runtime.InvokerHelper.<clinit>()V+34
v  ~StubRoutines::call_stub
j  groovy.lang.GroovyObjectSupport.getDefaultMetaClass()Lgroovy/lang/MetaClass;+4
j  groovy.lang.GroovyObjectSupport.<init>()V+6
j  org.gradle.internal.extensibility.DefaultExtraPropertiesExtension.<init>()V+1
j  org.gradle.internal.extensibility.DefaultConvention.<init>(Lorg/gradle/internal/instantiation/InstanceGenerator;)V+33
j  org.gradle.internal.extensibility.ExtensibleDynamicObject.<init>(Ljava/lang/Object;Lorg/gradle/internal/metaobject/AbstractDynamicObject;Lorg/gradle/internal/instantiation/InstanceGenerator;)V+8
j  org.gradle.internal.instantiation.generator.MixInExtensibleDynamicObject.<init>(Ljava/lang/Object;Ljava/lang/Class;Lorg/gradle/internal/metaobject/DynamicObject;Lorg/gradle/internal/service/ServiceLookup;)V+13
j  org.gradle.initialization.DefaultSettings_Decorated.getAsDynamicObject()Lorg/gradle/internal/metaobject/DynamicObject;+26
j  org.gradle.initialization.SettingsFactory.createSettings(Lorg/gradle/api/internal/GradleInternal;Ljava/io/File;Lorg/gradle/groovy/scripts/ScriptSource;Lorg/gradle/api/internal/properties/GradleProperties;Lorg/gradle/StartParameter;Lorg/gradle/api/internal/initialization/ClassLoaderScope;)Lorg/gradle/initialization/SettingsState;+137
j  org.gradle.initialization.ScriptEvaluatingSettingsProcessor.process(Lorg/gradle/api/internal/GradleInternal;Lorg/gradle/initialization/SettingsLocation;Lorg/gradle/api/internal/initialization/ClassLoaderScope;Lorg/gradle/StartParameter;)Lorg/gradle/initialization/SettingsState;+47
j  org.gradle.initialization.SettingsEvaluatedCallbackFiringSettingsProcessor.process(Lorg/gradle/api/internal/GradleInternal;Lorg/gradle/initialization/SettingsLocation;Lorg/gradle/api/internal/initialization/ClassLoaderScope;Lorg/gradle/StartParameter;)Lorg/gradle/initialization/SettingsState;+9
j  org.gradle.initialization.RootBuildCacheControllerSettingsProcessor.process(Lorg/gradle/api/internal/GradleInternal;Lorg/gradle/initialization/SettingsLocation;Lorg/gradle/api/internal/initialization/ClassLoaderScope;Lorg/gradle/StartParameter;)Lorg/gradle/initialization/SettingsState;+9
j  org.gradle.initialization.BuildOperationSettingsProcessor$2.call(Lorg/gradle/internal/operations/BuildOperationContext;)Lorg/gradle/initialization/SettingsState;+23
j  org.gradle.initialization.BuildOperationSettingsProcessor$2.call(Lorg/gradle/internal/operations/BuildOperationContext;)Ljava/lang/Object;+2
j  org.gradle.internal.operations.DefaultBuildOperationRunner$CallableBuildOperationWorker.execute(Lorg/gradle/internal/operations/CallableBuildOperation;Lorg/gradle/internal/operations/BuildOperationContext;)V+3
j  org.gradle.internal.operations.DefaultBuildOperationRunner$CallableBuildOperationWorker.execute(Lorg/gradle/internal/operations/BuildOperation;Lorg/gradle/internal/operations/BuildOperationContext;)V+6
j  org.gradle.internal.operations.DefaultBuildOperationRunner$2.execute(Lorg/gradle/internal/operations/BuildOperationDescriptor;Lorg/gradle/internal/operations/BuildOperationState;Lorg/gradle/internal/operations/BuildOperationState;Lorg/gradle/internal/operations/DefaultBuildOperationRunner$ReadableBuildOperationContext;Lorg/gradle/internal/operations/DefaultBuildOperationRunner$BuildOperationExecutionListener;)Lorg/gradle/internal/operations/BuildOperation;+22
j  org.gradle.internal.operations.DefaultBuildOperationRunner$2.execute(Lorg/gradle/internal/operations/BuildOperationDescriptor;Lorg/gradle/internal/operations/BuildOperationState;Lorg/gradle/internal/operations/BuildOperationState;Lorg/gradle/internal/operations/DefaultBuildOperationRunner$ReadableBuildOperationContext;Lorg/gradle/internal/operations/DefaultBuildOperationRunner$BuildOperationExecutionListener;)Ljava/lang/Object;+8
j  org.gradle.internal.operations.DefaultBuildOperationRunner.execute(Lorg/gradle/internal/operations/BuildOperationDescriptor$Builder;Lorg/gradle/internal/operations/BuildOperationState;Lorg/gradle/internal/operations/DefaultBuildOperationRunner$BuildOperationExecution;)Ljava/lang/Object;+141
j  org.gradle.internal.operations.DefaultBuildOperationRunner.execute(Lorg/gradle/internal/operations/BuildOperation;Lorg/gradle/internal/operations/BuildOperationWorker;Lorg/gradle/internal/operations/BuildOperationState;)V+18
j  org.gradle.internal.operations.DefaultBuildOperationRunner.call(Lorg/gradle/internal/operations/CallableBuildOperation;)Ljava/lang/Object;+16
j  org.gradle.internal.operations.DefaultBuildOperationExecutor.call(Lorg/gradle/internal/operations/CallableBuildOperation;)Ljava/lang/Object;+5
j  org.gradle.initialization.BuildOperationSettingsProcessor.process(Lorg/gradle/api/internal/GradleInternal;Lorg/gradle/initialization/SettingsLocation;Lorg/gradle/api/internal/initialization/ClassLoaderScope;Lorg/gradle/StartParameter;)Lorg/gradle/initialization/SettingsState;+17
j  org.gradle.initialization.DefaultSettingsLoader.findSettingsAndLoadIfAppropriate(Lorg/gradle/api/internal/GradleInternal;Lorg/gradle/StartParameter;Lorg/gradle/initialization/SettingsLocation;Lorg/gradle/api/internal/initialization/ClassLoaderScope;)Lorg/gradle/initialization/SettingsState;+9
j  org.gradle.initialization.DefaultSettingsLoader.findAndLoadSettings(Lorg/gradle/api/internal/GradleInternal;)Lorg/gradle/initialization/SettingsState;+33
j  org.gradle.initialization.SettingsAttachingSettingsLoader.findAndLoadSettings(Lorg/gradle/api/internal/GradleInternal;)Lorg/gradle/initialization/SettingsState;+5
j  org.gradle.internal.composite.CommandLineIncludedBuildSettingsLoader.findAndLoadSettings(Lorg/gradle/api/internal/GradleInternal;)Lorg/gradle/initialization/SettingsState;+5
j  org.gradle.internal.composite.ChildBuildRegisteringSettingsLoader.findAndLoadSettings(Lorg/gradle/api/internal/GradleInternal;)Lorg/gradle/initialization/SettingsState;+5
j  org.gradle.internal.composite.CompositeBuildSettingsLoader.findAndLoadSettings(Lorg/gradle/api/internal/GradleInternal;)Lorg/gradle/initialization/SettingsState;+5
j  org.gradle.initialization.InitScriptHandlingSettingsLoader.findAndLoadSettings(Lorg/gradle/api/internal/GradleInternal;)Lorg/gradle/initialization/SettingsState;+13
j  org.gradle.api.internal.initialization.CacheConfigurationsHandlingSettingsLoader.findAndLoadSettings(Lorg/gradle/api/internal/GradleInternal;)Lorg/gradle/initialization/SettingsState;+15
j  org.gradle.initialization.GradlePropertiesHandlingSettingsLoader.findAndLoadSettings(Lorg/gradle/api/internal/GradleInternal;)Lorg/gradle/initialization/SettingsState;+39
j  org.gradle.initialization.DefaultSettingsPreparer.prepareSettings(Lorg/gradle/api/internal/GradleInternal;)V+33
j  org.gradle.initialization.BuildOperationFiringSettingsPreparer$LoadBuild.doLoadBuild()V+11
j  org.gradle.initialization.BuildOperationFiringSettingsPreparer$LoadBuild.run(Lorg/gradle/internal/operations/BuildOperationContext;)V+1
j  org.gradle.internal.operations.DefaultBuildOperationRunner$1.execute(Lorg/gradle/internal/operations/RunnableBuildOperation;Lorg/gradle/internal/operations/BuildOperationContext;)V+2
j  org.gradle.internal.operations.DefaultBuildOperationRunner$1.execute(Lorg/gradle/internal/operations/BuildOperation;Lorg/gradle/internal/operations/BuildOperationContext;)V+6
j  org.gradle.internal.operations.DefaultBuildOperationRunner$2.execute(Lorg/gradle/internal/operations/BuildOperationDescriptor;Lorg/gradle/internal/operations/BuildOperationState;Lorg/gradle/internal/operations/BuildOperationState;Lorg/gradle/internal/operations/DefaultBuildOperationRunner$ReadableBuildOperationContext;Lorg/gradle/internal/operations/DefaultBuildOperationRunner$BuildOperationExecutionListener;)Lorg/gradle/internal/operations/BuildOperation;+22
j  org.gradle.internal.operations.DefaultBuildOperationRunner$2.execute(Lorg/gradle/internal/operations/BuildOperationDescriptor;Lorg/gradle/internal/operations/BuildOperationState;Lorg/gradle/internal/operations/BuildOperationState;Lorg/gradle/internal/operations/DefaultBuildOperationRunner$ReadableBuildOperationContext;Lorg/gradle/internal/operations/DefaultBuildOperationRunner$BuildOperationExecutionListener;)Ljava/lang/Object;+8
j  org.gradle.internal.operations.DefaultBuildOperationRunner.execute(Lorg/gradle/internal/operations/BuildOperationDescriptor$Builder;Lorg/gradle/internal/operations/BuildOperationState;Lorg/gradle/internal/operations/DefaultBuildOperationRunner$BuildOperationExecution;)Ljava/lang/Object;+141
j  org.gradle.internal.operations.DefaultBuildOperationRunner.execute(Lorg/gradle/internal/operations/BuildOperation;Lorg/gradle/internal/operations/BuildOperationWorker;Lorg/gradle/internal/operations/BuildOperationState;)V+18
j  org.gradle.internal.operations.DefaultBuildOperationRunner.run(Lorg/gradle/internal/operations/RunnableBuildOperation;)V+9
j  org.gradle.internal.operations.DefaultBuildOperationExecutor.run(Lorg/gradle/internal/operations/RunnableBuildOperation;)V+5
j  org.gradle.initialization.BuildOperationFiringSettingsPreparer.prepareSettings(Lorg/gradle/api/internal/GradleInternal;)V+31
j  org.gradle.initialization.VintageBuildModelController.lambda$prepareSettings$1()V+8
j  org.gradle.initialization.VintageBuildModelController$$Lambda$254+0x0000018e012da690.run()V+4
j  org.gradle.internal.model.StateTransitionController.lambda$doTransition$13(Ljava/lang/Runnable;)Lorg/gradle/internal/build/ExecutionResult;+1
j  org.gradle.internal.model.StateTransitionController$$Lambda$253+0x0000018e012da470.get()Ljava/lang/Object;+4
j  org.gradle.internal.model.StateTransitionController.doTransition(Lorg/gradle/internal/model/StateTransitionController$State;Lorg/gradle/internal/model/StateTransitionController$State;Ljava/util/function/Supplier;)Lorg/gradle/internal/build/ExecutionResult;+24
j  org.gradle.internal.model.StateTransitionController.doTransition(Lorg/gradle/internal/model/StateTransitionController$State;Lorg/gradle/internal/model/StateTransitionController$State;Ljava/lang/Runnable;)V+9
j  org.gradle.internal.model.StateTransitionController.lambda$transitionIfNotPreviously$11(Lorg/gradle/internal/model/StateTransitionController$State;Lorg/gradle/internal/model/StateTransitionController$State;Ljava/lang/Runnable;)V+16
j  org.gradle.internal.model.StateTransitionController$$Lambda$255+0x0000018e012da8b0.run()V+16
j  org.gradle.internal.work.DefaultSynchronizer.withLock(Ljava/lang/Runnable;)V+6
j  org.gradle.internal.model.StateTransitionController.transitionIfNotPreviously(Lorg/gradle/internal/model/StateTransitionController$State;Lorg/gradle/internal/model/StateTransitionController$State;Ljava/lang/Runnable;)V+13
j  org.gradle.initialization.VintageBuildModelController.prepareSettings()V+16
j  org.gradle.initialization.VintageBuildModelController.prepareToScheduleTasks()V+1
j  org.gradle.internal.build.DefaultBuildLifecycleController.lambda$prepareToScheduleTasks$3()V+9
j  org.gradle.internal.build.DefaultBuildLifecycleController$$Lambda$251+0x0000018e012da030.run()V+4
j  org.gradle.internal.model.StateTransitionController.lambda$doTransition$13(Ljava/lang/Runnable;)Lorg/gradle/internal/build/ExecutionResult;+1
j  org.gradle.internal.model.StateTransitionController$$Lambda$253+0x0000018e012da470.get()Ljava/lang/Object;+4
j  org.gradle.internal.model.StateTransitionController.doTransition(Lorg/gradle/internal/model/StateTransitionController$State;Lorg/gradle/internal/model/StateTransitionController$State;Ljava/util/function/Supplier;)Lorg/gradle/internal/build/ExecutionResult;+24
j  org.gradle.internal.model.StateTransitionController.doTransition(Lorg/gradle/internal/model/StateTransitionController$State;Lorg/gradle/internal/model/StateTransitionController$State;Ljava/lang/Runnable;)V+9
j  org.gradle.internal.model.StateTransitionController.lambda$maybeTransition$9(Lorg/gradle/internal/model/StateTransitionController$State;Lorg/gradle/internal/model/StateTransitionController$State;Ljava/lang/Runnable;)V+16
j  org.gradle.internal.model.StateTransitionController$$Lambda$252+0x0000018e012da250.run()V+16
j  org.gradle.internal.work.DefaultSynchronizer.withLock(Ljava/lang/Runnable;)V+6
j  org.gradle.internal.model.StateTransitionController.maybeTransition(Lorg/gradle/internal/model/StateTransitionController$State;Lorg/gradle/internal/model/StateTransitionController$State;Ljava/lang/Runnable;)V+13
j  org.gradle.internal.build.DefaultBuildLifecycleController.prepareToScheduleTasks()V+16
j  org.gradle.internal.buildtree.DefaultBuildTreeWorkPreparer.scheduleRequestedTasks(Lorg/gradle/internal/buildtree/BuildTreeWorkGraph;Lorg/gradle/execution/EntryTaskSelector;)Lorg/gradle/internal/buildtree/BuildTreeWorkGraph$FinalizedGraph;+4
j  org.gradle.configurationcache.VintageBuildTreeWorkController$scheduleAndRunRequestedTasks$1.apply(Lorg/gradle/internal/buildtree/BuildTreeWorkGraph;)Lorg/gradle/internal/build/ExecutionResult;+18
j  org.gradle.configurationcache.VintageBuildTreeWorkController$scheduleAndRunRequestedTasks$1.apply(Ljava/lang/Object;)Ljava/lang/Object;+5
j  org.gradle.composite.internal.DefaultIncludedBuildTaskGraph.withNewWorkGraph(Ljava/util/function/Function;)Ljava/lang/Object;+30
j  org.gradle.configurationcache.VintageBuildTreeWorkController.scheduleAndRunRequestedTasks(Lorg/gradle/execution/EntryTaskSelector;)Lorg/gradle/internal/build/ExecutionResult;+16
j  org.gradle.internal.buildtree.DefaultBuildTreeLifecycleController.lambda$scheduleAndRunTasks$1(Lorg/gradle/execution/EntryTaskSelector;)Lorg/gradle/internal/build/ExecutionResult;+5
j  org.gradle.internal.buildtree.DefaultBuildTreeLifecycleController$$Lambda$246+0x0000018e012d93c0.get()Ljava/lang/Object;+8
j  org.gradle.internal.buildtree.DefaultBuildTreeLifecycleController.lambda$runBuild$4(Ljava/util/function/Supplier;)Ljava/lang/Object;+1
j  org.gradle.internal.buildtree.DefaultBuildTreeLifecycleController$$Lambda$247+0x0000018e012d95e0.get()Ljava/lang/Object;+8
j  org.gradle.internal.model.StateTransitionController.lambda$transition$6(Ljava/util/function/Supplier;)Lorg/gradle/internal/build/ExecutionResult;+1
j  org.gradle.internal.model.StateTransitionController$$Lambda$249+0x0000018e012d9a20.get()Ljava/lang/Object;+4
j  org.gradle.internal.model.StateTransitionController.doTransition(Lorg/gradle/internal/model/StateTransitionController$State;Lorg/gradle/internal/model/StateTransitionController$State;Ljava/util/function/Supplier;)Lorg/gradle/internal/build/ExecutionResult;+24
j  org.gradle.internal.model.StateTransitionController.lambda$transition$7(Lorg/gradle/internal/model/StateTransitionController$State;Lorg/gradle/internal/model/StateTransitionController$State;Ljava/util/function/Supplier;)Ljava/lang/Object;+9
j  org.gradle.internal.model.StateTransitionController$$Lambda$248+0x0000018e012d9800.create()Ljava/lang/Object;+16
j  org.gradle.internal.work.DefaultSynchronizer.withLock(Lorg/gradle/internal/Factory;)Ljava/lang/Object;+6
j  org.gradle.internal.model.StateTransitionController.transition(Lorg/gradle/internal/model/StateTransitionController$State;Lorg/gradle/internal/model/StateTransitionController$State;Ljava/util/function/Supplier;)Ljava/lang/Object;+13
j  org.gradle.internal.buildtree.DefaultBuildTreeLifecycleController.runBuild(Ljava/util/function/Supplier;)Ljava/lang/Object;+17
j  org.gradle.internal.buildtree.DefaultBuildTreeLifecycleController.scheduleAndRunTasks(Lorg/gradle/execution/EntryTaskSelector;)V+8
j  org.gradle.internal.buildtree.DefaultBuildTreeLifecycleController.scheduleAndRunTasks()V+2
j  org.gradle.tooling.internal.provider.ExecuteBuildActionRunner.run(Lorg/gradle/internal/invocation/BuildAction;Lorg/gradle/internal/buildtree/BuildTreeLifecycleController;)Lorg/gradle/internal/buildtree/BuildActionRunner$Result;+12
j  org.gradle.launcher.exec.ChainingBuildActionRunner.run(Lorg/gradle/internal/invocation/BuildAction;Lorg/gradle/internal/buildtree/BuildTreeLifecycleController;)Lorg/gradle/internal/buildtree/BuildActionRunner$Result;+34
j  org.gradle.internal.buildtree.ProblemReportingBuildActionRunner.run(Lorg/gradle/internal/invocation/BuildAction;Lorg/gradle/internal/buildtree/BuildTreeLifecycleController;)Lorg/gradle/internal/buildtree/BuildActionRunner$Result;+12
j  org.gradle.launcher.exec.BuildOutcomeReportingBuildActionRunner.run(Lorg/gradle/internal/invocation/BuildAction;Lorg/gradle/internal/buildtree/BuildTreeLifecycleController;)Lorg/gradle/internal/buildtree/BuildActionRunner$Result;+69
j  org.gradle.tooling.internal.provider.FileSystemWatchingBuildActionRunner.run(Lorg/gradle/internal/invocation/BuildAction;Lorg/gradle/internal/buildtree/BuildTreeLifecycleController;)Lorg/gradle/internal/buildtree/BuildActionRunner$Result;+335
j  org.gradle.launcher.exec.BuildCompletionNotifyingBuildActionRunner.run(Lorg/gradle/internal/invocation/BuildAction;Lorg/gradle/internal/buildtree/BuildTreeLifecycleController;)Lorg/gradle/internal/buildtree/BuildActionRunner$Result;+6
j  org.gradle.launcher.exec.RootBuildLifecycleBuildActionExecutor.lambda$execute$0(Lorg/gradle/internal/invocation/BuildAction;Lorg/gradle/internal/buildtree/BuildTreeLifecycleController;)Lorg/gradle/internal/buildtree/BuildActionRunner$Result;+6
j  org.gradle.launcher.exec.RootBuildLifecycleBuildActionExecutor$$Lambda$205+0x0000018e012bde60.apply(Ljava/lang/Object;)Ljava/lang/Object;+12
j  org.gradle.composite.internal.DefaultRootBuildState.run(Ljava/util/function/Function;)Ljava/lang/Object;+87
j  org.gradle.launcher.exec.RootBuildLifecycleBuildActionExecutor.execute(Lorg/gradle/internal/invocation/BuildAction;Lorg/gradle/internal/buildtree/BuildTreeContext;)Lorg/gradle/internal/buildtree/BuildActionRunner$Result;+28
j  org.gradle.internal.buildtree.DefaultBuildTreeContext.execute(Lorg/gradle/internal/invocation/BuildAction;)Lorg/gradle/internal/buildtree/BuildActionRunner$Result;+64
j  org.gradle.launcher.exec.BuildTreeLifecycleBuildActionExecutor.lambda$execute$0(Lorg/gradle/internal/invocation/BuildAction;Lorg/gradle/internal/buildtree/BuildTreeContext;)Lorg/gradle/internal/buildtree/BuildActionRunner$Result;+2
j  org.gradle.launcher.exec.BuildTreeLifecycleBuildActionExecutor$$Lambda$157+0x0000018e0121a208.apply(Ljava/lang/Object;)Ljava/lang/Object;+8
j  org.gradle.internal.buildtree.BuildTreeState.run(Ljava/util/function/Function;)Ljava/lang/Object;+5
j  org.gradle.launcher.exec.BuildTreeLifecycleBuildActionExecutor.execute(Lorg/gradle/internal/invocation/BuildAction;Lorg/gradle/internal/session/BuildSessionContext;)Lorg/gradle/internal/buildtree/BuildActionRunner$Result;+181
j  org.gradle.launcher.exec.RunAsBuildOperationBuildActionExecutor$3.call(Lorg/gradle/internal/operations/BuildOperationContext;)Lorg/gradle/internal/buildtree/BuildActionRunner$Result;+25
j  org.gradle.launcher.exec.RunAsBuildOperationBuildActionExecutor$3.call(Lorg/gradle/internal/operations/BuildOperationContext;)Ljava/lang/Object;+2
j  org.gradle.internal.operations.DefaultBuildOperationRunner$CallableBuildOperationWorker.execute(Lorg/gradle/internal/operations/CallableBuildOperation;Lorg/gradle/internal/operations/BuildOperationContext;)V+3
j  org.gradle.internal.operations.DefaultBuildOperationRunner$CallableBuildOperationWorker.execute(Lorg/gradle/internal/operations/BuildOperation;Lorg/gradle/internal/operations/BuildOperationContext;)V+6
j  org.gradle.internal.operations.DefaultBuildOperationRunner$2.execute(Lorg/gradle/internal/operations/BuildOperationDescriptor;Lorg/gradle/internal/operations/BuildOperationState;Lorg/gradle/internal/operations/BuildOperationState;Lorg/gradle/internal/operations/DefaultBuildOperationRunner$ReadableBuildOperationContext;Lorg/gradle/internal/operations/DefaultBuildOperationRunner$BuildOperationExecutionListener;)Lorg/gradle/internal/operations/BuildOperation;+22
j  org.gradle.internal.operations.DefaultBuildOperationRunner$2.execute(Lorg/gradle/internal/operations/BuildOperationDescriptor;Lorg/gradle/internal/operations/BuildOperationState;Lorg/gradle/internal/operations/BuildOperationState;Lorg/gradle/internal/operations/DefaultBuildOperationRunner$ReadableBuildOperationContext;Lorg/gradle/internal/operations/DefaultBuildOperationRunner$BuildOperationExecutionListener;)Ljava/lang/Object;+8
j  org.gradle.internal.operations.DefaultBuildOperationRunner.execute(Lorg/gradle/internal/operations/BuildOperationDescriptor$Builder;Lorg/gradle/internal/operations/BuildOperationState;Lorg/gradle/internal/operations/DefaultBuildOperationRunner$BuildOperationExecution;)Ljava/lang/Object;+141
j  org.gradle.internal.operations.DefaultBuildOperationRunner.execute(Lorg/gradle/internal/operations/BuildOperation;Lorg/gradle/internal/operations/BuildOperationWorker;Lorg/gradle/internal/operations/BuildOperationState;)V+18
j  org.gradle.internal.operations.DefaultBuildOperationRunner.call(Lorg/gradle/internal/operations/CallableBuildOperation;)Ljava/lang/Object;+16
j  org.gradle.internal.operations.DefaultBuildOperationExecutor.call(Lorg/gradle/internal/operations/CallableBuildOperation;)Ljava/lang/Object;+5
j  org.gradle.launcher.exec.RunAsBuildOperationBuildActionExecutor.execute(Lorg/gradle/internal/invocation/BuildAction;Lorg/gradle/internal/session/BuildSessionContext;)Lorg/gradle/internal/buildtree/BuildActionRunner$Result;+23
j  org.gradle.launcher.exec.RunAsWorkerThreadBuildActionExecutor.lambda$execute$0(Lorg/gradle/internal/invocation/BuildAction;Lorg/gradle/internal/session/BuildSessionContext;)Lorg/gradle/internal/buildtree/BuildActionRunner$Result;+6
j  org.gradle.launcher.exec.RunAsWorkerThreadBuildActionExecutor$$Lambda$156+0x0000018e012013c8.create()Ljava/lang/Object;+12
j  org.gradle.internal.work.DefaultWorkerLeaseService.withLocks(Ljava/util/Collection;Lorg/gradle/internal/Factory;)Ljava/lang/Object;+28
j  org.gradle.internal.work.DefaultWorkerLeaseService.runAsWorkerThread(Lorg/gradle/internal/Factory;)Ljava/lang/Object;+33
j  org.gradle.launcher.exec.RunAsWorkerThreadBuildActionExecutor.execute(Lorg/gradle/internal/invocation/BuildAction;Lorg/gradle/internal/session/BuildSessionContext;)Lorg/gradle/internal/buildtree/BuildActionRunner$Result;+12
j  org.gradle.tooling.internal.provider.continuous.ContinuousBuildActionExecutor.execute(Lorg/gradle/internal/invocation/BuildAction;Lorg/gradle/internal/session/BuildSessionContext;)Lorg/gradle/internal/buildtree/BuildActionRunner$Result;+58
j  org.gradle.tooling.internal.provider.SubscribableBuildActionExecutor.execute(Lorg/gradle/internal/invocation/BuildAction;Lorg/gradle/internal/session/BuildSessionContext;)Lorg/gradle/internal/buildtree/BuildActionRunner$Result;+30
j  org.gradle.internal.session.DefaultBuildSessionContext.execute(Lorg/gradle/internal/invocation/BuildAction;)Lorg/gradle/internal/buildtree/BuildActionRunner$Result;+64
j  org.gradle.tooling.internal.provider.BuildSessionLifecycleBuildActionExecuter$ActionImpl.apply(Lorg/gradle/internal/session/BuildSessionContext;)Lorg/gradle/launcher/exec/BuildActionResult;+6
j  org.gradle.tooling.internal.provider.BuildSessionLifecycleBuildActionExecuter$ActionImpl.apply(Ljava/lang/Object;)Ljava/lang/Object;+5
j  org.gradle.internal.session.BuildSessionState.run(Ljava/util/function/Function;)Ljava/lang/Object;+5
j  org.gradle.tooling.internal.provider.BuildSessionLifecycleBuildActionExecuter.execute(Lorg/gradle/internal/invocation/BuildAction;Lorg/gradle/launcher/exec/BuildActionParameters;Lorg/gradle/initialization/BuildRequestContext;)Lorg/gradle/launcher/exec/BuildActionResult;+95
j  org.gradle.tooling.internal.provider.BuildSessionLifecycleBuildActionExecuter.execute(Lorg/gradle/internal/invocation/BuildAction;Ljava/lang/Object;Ljava/lang/Object;)Lorg/gradle/launcher/exec/BuildActionResult;+10
j  org.gradle.tooling.internal.provider.StartParamsValidatingActionExecuter.execute(Lorg/gradle/internal/invocation/BuildAction;Lorg/gradle/launcher/exec/BuildActionParameters;Lorg/gradle/initialization/BuildRequestContext;)Lorg/gradle/launcher/exec/BuildActionResult;+177
j  org.gradle.tooling.internal.provider.StartParamsValidatingActionExecuter.execute(Lorg/gradle/internal/invocation/BuildAction;Ljava/lang/Object;Ljava/lang/Object;)Lorg/gradle/launcher/exec/BuildActionResult;+10
j  org.gradle.tooling.internal.provider.SessionFailureReportingActionExecuter.execute(Lorg/gradle/internal/invocation/BuildAction;Lorg/gradle/launcher/exec/BuildActionParameters;Lorg/gradle/initialization/BuildRequestContext;)Lorg/gradle/launcher/exec/BuildActionResult;+7
j  org.gradle.tooling.internal.provider.SessionFailureReportingActionExecuter.execute(Lorg/gradle/internal/invocation/BuildAction;Ljava/lang/Object;Ljava/lang/Object;)Lorg/gradle/launcher/exec/BuildActionResult;+10
j  org.gradle.tooling.internal.provider.SetupLoggingActionExecuter.execute(Lorg/gradle/internal/invocation/BuildAction;Lorg/gradle/launcher/exec/BuildActionParameters;Lorg/gradle/initialization/BuildRequestContext;)Lorg/gradle/launcher/exec/BuildActionResult;+50
j  org.gradle.tooling.internal.provider.SetupLoggingActionExecuter.execute(Lorg/gradle/internal/invocation/BuildAction;Ljava/lang/Object;Ljava/lang/Object;)Lorg/gradle/launcher/exec/BuildActionResult;+10
j  org.gradle.launcher.daemon.server.exec.ExecuteBuild.doBuild(Lorg/gradle/launcher/daemon/server/api/DaemonCommandExecution;Lorg/gradle/launcher/daemon/protocol/Build;)V+117
j  org.gradle.launcher.daemon.server.exec.BuildCommandOnly.execute(Lorg/gradle/launcher/daemon/server/api/DaemonCommandExecution;)V+49
j  org.gradle.launcher.daemon.server.api.DaemonCommandExecution.proceed()Z+23
j  org.gradle.launcher.daemon.server.exec.WatchForDisconnection.execute(Lorg/gradle/launcher/daemon/server/api/DaemonCommandExecution;)V+19
j  org.gradle.launcher.daemon.server.api.DaemonCommandExecution.proceed()Z+23
j  org.gradle.launcher.daemon.server.exec.ResetDeprecationLogger.execute(Lorg/gradle/launcher/daemon/server/api/DaemonCommandExecution;)V+7
j  org.gradle.launcher.daemon.server.api.DaemonCommandExecution.proceed()Z+23
j  org.gradle.launcher.daemon.server.exec.RequestStopIfSingleUsedDaemon.execute(Lorg/gradle/launcher/daemon/server/api/DaemonCommandExecution;)V+33
j  org.gradle.launcher.daemon.server.api.DaemonCommandExecution.proceed()Z+23
j  org.gradle.launcher.daemon.server.exec.ForwardClientInput$2.create()Ljava/lang/Void;+4
j  org.gradle.launcher.daemon.server.exec.ForwardClientInput$2.create()Ljava/lang/Object;+1
j  org.gradle.util.internal.Swapper.swap(Ljava/lang/Object;Lorg/gradle/internal/Factory;)Ljava/lang/Object;+21
j  org.gradle.launcher.daemon.server.exec.ForwardClientInput.execute(Lorg/gradle/launcher/daemon/server/api/DaemonCommandExecution;)V+63
j  org.gradle.launcher.daemon.server.api.DaemonCommandExecution.proceed()Z+23
j  org.gradle.launcher.daemon.server.exec.LogAndCheckHealth.execute(Lorg/gradle/launcher/daemon/server/api/DaemonCommandExecution;)V+51
j  org.gradle.launcher.daemon.server.api.DaemonCommandExecution.proceed()Z+23
j  org.gradle.launcher.daemon.server.exec.LogToClient.doBuild(Lorg/gradle/launcher/daemon/server/api/DaemonCommandExecution;Lorg/gradle/launcher/daemon/protocol/Build;)V+87
j  org.gradle.launcher.daemon.server.exec.BuildCommandOnly.execute(Lorg/gradle/launcher/daemon/server/api/DaemonCommandExecution;)V+49
j  org.gradle.launcher.daemon.server.api.DaemonCommandExecution.proceed()Z+23
j  org.gradle.launcher.daemon.server.exec.EstablishBuildEnvironment.doBuild(Lorg/gradle/launcher/daemon/server/api/DaemonCommandExecution;Lorg/gradle/launcher/daemon/protocol/Build;)V+356
j  org.gradle.launcher.daemon.server.exec.BuildCommandOnly.execute(Lorg/gradle/launcher/daemon/server/api/DaemonCommandExecution;)V+49
j  org.gradle.launcher.daemon.server.api.DaemonCommandExecution.proceed()Z+23
j  org.gradle.launcher.daemon.server.exec.StartBuildOrRespondWithBusy$1.run()V+44
j  org.gradle.launcher.daemon.server.DaemonStateCoordinator$1.run()V+4
j  org.gradle.internal.concurrent.ExecutorPolicy$CatchAndRecordFailures.onExecute(Ljava/lang/Runnable;)V+1
j  org.gradle.internal.concurrent.ManagedExecutorImpl$1.run()V+25
j  java.util.concurrent.ThreadPoolExecutor.runWorker(Ljava/util/concurrent/ThreadPoolExecutor$Worker;)V+92 java.base@17.0.12
j  java.util.concurrent.ThreadPoolExecutor$Worker.run()V+5 java.base@17.0.12
j  java.lang.Thread.run()V+11 java.base@17.0.12
v  ~StubRoutines::call_stub

---------------  P R O C E S S  ---------------

Threads class SMR info:
_java_thread_list=0x0000018e1bbd1940, length=34, elements={
0x0000018e5c7dd300, 0x0000018e7a9d10a0, 0x0000018e7a9d1c60, 0x0000018e7a9e1d50,
0x0000018e7a9e2910, 0x0000018e7a9e73f0, 0x0000018e7a9e8dc0, 0x0000018e7a9e9ab0,
0x0000018e7aa56860, 0x0000018e7aa58e80, 0x0000018e7ac2e970, 0x0000018e7ac394c0,
0x0000018e1c38c010, 0x0000018e1c9a7aa0, 0x0000018e1b9f0ec0, 0x0000018e1bbb36f0,
0x0000018e1bbb3bd0, 0x0000018e1bb22030, 0x0000018e1b408bb0, 0x0000018e1b406330,
0x0000018e1b406d50, 0x0000018e1b4090c0, 0x0000018e1b408190, 0x0000018e1b407260,
0x0000018e1b405910, 0x0000018e1b407770, 0x0000018e1b406840, 0x0000018e1b407c80,
0x0000018e1b4086a0, 0x0000018e1b4db390, 0x0000018e1b4dd700, 0x0000018e1b4d9530,
0x0000018e1b4d9020, 0x0000018e1b4ddc10
}

Java Threads: ( => current thread )
  0x0000018e5c7dd300 JavaThread "main" [_thread_blocked, id=30184, stack(0x000000830c000000,0x000000830c100000)]
  0x0000018e7a9d10a0 JavaThread "Reference Handler" daemon [_thread_blocked, id=27000, stack(0x000000830c700000,0x000000830c800000)]
  0x0000018e7a9d1c60 JavaThread "Finalizer" daemon [_thread_blocked, id=32668, stack(0x000000830c800000,0x000000830c900000)]
  0x0000018e7a9e1d50 JavaThread "Signal Dispatcher" daemon [_thread_blocked, id=28620, stack(0x000000830c900000,0x000000830ca00000)]
  0x0000018e7a9e2910 JavaThread "Attach Listener" daemon [_thread_blocked, id=25820, stack(0x000000830ca00000,0x000000830cb00000)]
  0x0000018e7a9e73f0 JavaThread "Service Thread" daemon [_thread_blocked, id=28088, stack(0x000000830cb00000,0x000000830cc00000)]
  0x0000018e7a9e8dc0 JavaThread "Monitor Deflation Thread" daemon [_thread_blocked, id=29632, stack(0x000000830cc00000,0x000000830cd00000)]
  0x0000018e7a9e9ab0 JavaThread "C2 CompilerThread0" daemon [_thread_blocked, id=23148, stack(0x000000830cd00000,0x000000830ce00000)]
  0x0000018e7aa56860 JavaThread "C1 CompilerThread0" daemon [_thread_blocked, id=17804, stack(0x000000830ce00000,0x000000830cf00000)]
  0x0000018e7aa58e80 JavaThread "Sweeper thread" daemon [_thread_blocked, id=18952, stack(0x000000830cf00000,0x000000830d000000)]
  0x0000018e7ac2e970 JavaThread "Common-Cleaner" daemon [_thread_blocked, id=2388, stack(0x000000830d000000,0x000000830d100000)]
  0x0000018e7ac394c0 JavaThread "Notification Thread" daemon [_thread_blocked, id=29408, stack(0x000000830d100000,0x000000830d200000)]
  0x0000018e1c38c010 JavaThread "Daemon health stats" [_thread_blocked, id=23660, stack(0x000000830d700000,0x000000830d800000)]
  0x0000018e1c9a7aa0 JavaThread "Incoming local TCP Connector on port 64490" [_thread_in_native, id=26852, stack(0x000000830be00000,0x000000830bf00000)]
  0x0000018e1b9f0ec0 JavaThread "Daemon periodic checks" [_thread_blocked, id=25956, stack(0x000000830d800000,0x000000830d900000)]
  0x0000018e1bbb36f0 JavaThread "Daemon" [_thread_blocked, id=30144, stack(0x000000830d900000,0x000000830da00000)]
  0x0000018e1bbb3bd0 JavaThread "Handler for socket connection from /127.0.0.1:64490 to /127.0.0.1:64502" [_thread_in_native, id=29580, stack(0x000000830da00000,0x000000830db00000)]
  0x0000018e1bb22030 JavaThread "Cancel handler" [_thread_blocked, id=35816, stack(0x000000830db00000,0x000000830dc00000)]
=>0x0000018e1b408bb0 JavaThread "Daemon worker" [_thread_in_vm, id=35820, stack(0x000000830dc00000,0x000000830dd00000)]
  0x0000018e1b406330 JavaThread "Asynchronous log dispatcher for DefaultDaemonConnection: socket connection from /127.0.0.1:64490 to /127.0.0.1:64502" [_thread_blocked, id=35628, stack(0x000000830dd00000,0x000000830de00000)]
  0x0000018e1b406d50 JavaThread "Stdin handler" [_thread_blocked, id=30444, stack(0x000000830de00000,0x000000830df00000)]
  0x0000018e1b4090c0 JavaThread "Daemon client event forwarder" [_thread_blocked, id=30504, stack(0x000000830df00000,0x000000830e000000)]
  0x0000018e1b408190 JavaThread "Cache worker for journal cache (C:\Users\vietp\.gradle\caches\journal-1)" [_thread_blocked, id=27936, stack(0x000000830e000000,0x000000830e100000)]
  0x0000018e1b407260 JavaThread "File lock request listener" [_thread_blocked, id=27736, stack(0x000000830e100000,0x000000830e200000)]
  0x0000018e1b405910 JavaThread "File lock release action executor" [_thread_blocked, id=18924, stack(0x000000830e200000,0x000000830e300000)]
  0x0000018e1b407770 JavaThread "Cache worker for file hash cache (C:\Users\vietp\.gradle\caches\8.0.1\fileHashes)" [_thread_blocked, id=18904, stack(0x000000830e300000,0x000000830e400000)]
  0x0000018e1b406840 JavaThread "File watcher server" daemon [_thread_in_native, id=20536, stack(0x000000830e700000,0x000000830e800000)]
  0x0000018e1b407c80 JavaThread "File watcher consumer" daemon [_thread_blocked, id=19940, stack(0x000000830e800000,0x000000830e900000)]
  0x0000018e1b4086a0 JavaThread "Cache worker for checksums cache (D:\UI\Harmony-Chat\android\.gradle\8.0.1\checksums)" [_thread_blocked, id=31740, stack(0x000000830e900000,0x000000830ea00000)]
  0x0000018e1b4db390 JavaThread "Cache worker for cache directory md-rule (C:\Users\vietp\.gradle\caches\8.0.1\md-rule)" [_thread_blocked, id=32040, stack(0x000000830ea00000,0x000000830eb00000)]
  0x0000018e1b4dd700 JavaThread "Cache worker for file content cache (C:\Users\vietp\.gradle\caches\8.0.1\fileContent)" [_thread_blocked, id=24152, stack(0x000000830eb00000,0x000000830ec00000)]
  0x0000018e1b4d9530 JavaThread "Cache worker for file hash cache (D:\UI\Harmony-Chat\android\.gradle\8.0.1\fileHashes)" [_thread_blocked, id=14028, stack(0x000000830ec00000,0x000000830ed00000)]
  0x0000018e1b4d9020 JavaThread "Cache worker for cache directory md-supplier (C:\Users\vietp\.gradle\caches\8.0.1\md-supplier)" [_thread_blocked, id=21724, stack(0x000000830ee00000,0x000000830ef00000)]
  0x0000018e1b4ddc10 JavaThread "Cache worker for execution history cache (C:\Users\vietp\.gradle\caches\8.0.1\executionHistory)" [_thread_blocked, id=13988, stack(0x000000830ef00000,0x000000830f000000)]

Other Threads:
  0x0000018e7a9c9580 VMThread "VM Thread" [stack: 0x000000830c600000,0x000000830c700000] [id=16024] _threads_hazard_ptr=0x0000018e1bbd1940
  0x0000018e7ac3b9b0 WatcherThread [stack: 0x000000830d200000,0x000000830d300000] [id=29472]
  0x0000018e5c838f70 GCTaskThread "GC Thread#0" [stack: 0x000000830c100000,0x000000830c200000] [id=7276]
  0x0000018e7f7333e0 GCTaskThread "GC Thread#1" [stack: 0x000000830d300000,0x000000830d400000] [id=34620]
  0x0000018e7aa2d7f0 GCTaskThread "GC Thread#2" [stack: 0x000000830d400000,0x000000830d500000] [id=34688]
  0x0000018e7aa2dab0 GCTaskThread "GC Thread#3" [stack: 0x000000830d500000,0x000000830d600000] [id=34692]
  0x0000018e1b71b950 GCTaskThread "GC Thread#4" [stack: 0x000000830d600000,0x000000830d700000] [id=34308]
  0x0000018e1be88ba0 GCTaskThread "GC Thread#5" [stack: 0x000000830e400000,0x000000830e500000] [id=10528]
  0x0000018e1be88620 GCTaskThread "GC Thread#6" [stack: 0x000000830e500000,0x000000830e600000] [id=33240]
  0x0000018e1be888e0 GCTaskThread "GC Thread#7" [stack: 0x000000830e600000,0x000000830e700000] [id=19108]
  0x0000018e5c849ec0 ConcurrentGCThread "G1 Main Marker" [stack: 0x000000830c200000,0x000000830c300000] [id=28608]
  0x0000018e5c84a8d0 ConcurrentGCThread "G1 Conc#0" [stack: 0x000000830c300000,0x000000830c400000] [id=31892]
  0x0000018e1be875a0 ConcurrentGCThread "G1 Conc#1" [stack: 0x000000830ed00000,0x000000830ee00000] [id=27088]
  0x0000018e5c8aec20 ConcurrentGCThread "G1 Refine#0" [stack: 0x000000830c400000,0x000000830c500000] [id=25728]
  0x0000018e7a8827f0 ConcurrentGCThread "G1 Service" [stack: 0x000000830c500000,0x000000830c600000] [id=32016]

Threads with active compile tasks:

VM state: synchronizing (normal execution)

VM Mutex/Monitor currently owned by a thread:  ([mutex/lock_event])
[0x0000018e5c7d65d0] Metaspace_lock - owner thread: 0x0000018e1b408bb0
[0x0000018e5c7d7c10] Threads_lock - owner thread: 0x0000018e7a9c9580

Heap address: 0x0000000080000000, size: 2048 MB, Compressed Oops mode: 32-bit

CDS archive(s) mapped at: [0x0000018e00000000-0x0000018e00bd0000-0x0000018e00bd0000), size 12386304, SharedBaseAddress: 0x0000018e00000000, ArchiveRelocationMode: 1.
Compressed class space mapped at: 0x0000018e01000000-0x0000018e1b000000, reserved size: 436207616
Narrow klass base: 0x0000018e00000000, Narrow klass shift: 0, Narrow klass range: 0x100000000

GC Precious Log:
 CPUs: 8 total, 8 available
 Memory: 7894M
 Large Page Support: Disabled
 NUMA Support: Disabled
 Compressed Oops: Enabled (32-bit)
 Heap Region Size: 1M
 Heap Min Capacity: 8M
 Heap Initial Capacity: 124M
 Heap Max Capacity: 2G
 Pre-touch: Disabled
 Parallel Workers: 8
 Concurrent Workers: 2
 Concurrent Refinement Workers: 8
 Periodic GC: Disabled

Heap:
 garbage-first heap   total 86016K, used 49246K [0x0000000080000000, 0x0000000100000000)
  region size 1024K, 30 young (30720K), 3 survivors (3072K)
 Metaspace       used 25938K, committed 26240K, reserved 491520K
  class space    used 3700K, committed 3840K, reserved 425984K

Heap Regions: E=young(eden), S=young(survivor), O=old, HS=humongous(starts), HC=humongous(continues), CS=collection set, F=free, OA=open archive, CA=closed archive, TAMS=top-at-mark-start (previous, next)
|   0|0x0000000080000000, 0x0000000080100000, 0x0000000080100000|100%|HS|  |TAMS 0x0000000080100000, 0x0000000080000000| Complete 
|   1|0x0000000080100000, 0x0000000080200000, 0x0000000080200000|100%|HC|  |TAMS 0x0000000080200000, 0x0000000080100000| Complete 
|   2|0x0000000080200000, 0x0000000080300000, 0x0000000080300000|100%|HC|  |TAMS 0x0000000080300000, 0x0000000080200000| Complete 
|   3|0x0000000080300000, 0x0000000080400000, 0x0000000080400000|100%|HC|  |TAMS 0x0000000080400000, 0x0000000080300000| Complete 
|   4|0x0000000080400000, 0x0000000080500000, 0x0000000080500000|100%| O|  |TAMS 0x0000000080500000, 0x0000000080400000| Untracked 
|   5|0x0000000080500000, 0x0000000080600000, 0x0000000080600000|100%| O|  |TAMS 0x0000000080600000, 0x0000000080500000| Untracked 
|   6|0x0000000080600000, 0x0000000080700000, 0x0000000080700000|100%| O|  |TAMS 0x0000000080700000, 0x0000000080600000| Untracked 
|   7|0x0000000080700000, 0x0000000080800000, 0x0000000080800000|100%| O|  |TAMS 0x0000000080732e00, 0x0000000080700000| Untracked 
|   8|0x0000000080800000, 0x0000000080900000, 0x0000000080900000|100%| O|  |TAMS 0x0000000080900000, 0x0000000080800000| Untracked 
|   9|0x0000000080900000, 0x0000000080a00000, 0x0000000080a00000|100%| O|  |TAMS 0x0000000080a00000, 0x0000000080900000| Untracked 
|  10|0x0000000080a00000, 0x0000000080b00000, 0x0000000080b00000|100%| O|  |TAMS 0x0000000080b00000, 0x0000000080a00000| Complete 
|  11|0x0000000080b00000, 0x0000000080c00000, 0x0000000080c00000|100%| O|  |TAMS 0x0000000080b00000, 0x0000000080b00000| Untracked 
|  12|0x0000000080c00000, 0x0000000080d00000, 0x0000000080d00000|100%| O|  |TAMS 0x0000000080c00000, 0x0000000080c00000| Untracked 
|  13|0x0000000080d00000, 0x0000000080e00000, 0x0000000080e00000|100%| O|  |TAMS 0x0000000080d00000, 0x0000000080d00000| Untracked 
|  14|0x0000000080e00000, 0x0000000080f00000, 0x0000000080f00000|100%| O|  |TAMS 0x0000000080e00000, 0x0000000080e00000| Untracked 
|  15|0x0000000080f00000, 0x0000000081000000, 0x0000000081000000|100%| O|  |TAMS 0x0000000080f00000, 0x0000000080f00000| Untracked 
|  16|0x0000000081000000, 0x0000000081100000, 0x0000000081100000|100%| O|  |TAMS 0x0000000081000000, 0x0000000081000000| Untracked 
|  17|0x0000000081100000, 0x0000000081200000, 0x0000000081200000|100%| O|  |TAMS 0x0000000081100000, 0x0000000081100000| Untracked 
|  18|0x0000000081200000, 0x0000000081300000, 0x0000000081300000|100%| O|  |TAMS 0x0000000081200000, 0x0000000081200000| Untracked 
|  19|0x0000000081300000, 0x00000000813f5c00, 0x0000000081400000| 95%| O|  |TAMS 0x0000000081300000, 0x0000000081300000| Untracked 
|  20|0x0000000081400000, 0x0000000081400000, 0x0000000081500000|  0%| F|  |TAMS 0x0000000081400000, 0x0000000081400000| Untracked 
|  21|0x0000000081500000, 0x0000000081500000, 0x0000000081600000|  0%| F|  |TAMS 0x0000000081500000, 0x0000000081500000| Untracked 
|  22|0x0000000081600000, 0x0000000081600000, 0x0000000081700000|  0%| F|  |TAMS 0x0000000081600000, 0x0000000081600000| Untracked 
|  23|0x0000000081700000, 0x0000000081700000, 0x0000000081800000|  0%| F|  |TAMS 0x0000000081700000, 0x0000000081700000| Untracked 
|  24|0x0000000081800000, 0x0000000081800000, 0x0000000081900000|  0%| F|  |TAMS 0x0000000081800000, 0x0000000081800000| Untracked 
|  25|0x0000000081900000, 0x0000000081900000, 0x0000000081a00000|  0%| F|  |TAMS 0x0000000081900000, 0x0000000081900000| Untracked 
|  26|0x0000000081a00000, 0x0000000081a00000, 0x0000000081b00000|  0%| F|  |TAMS 0x0000000081a00000, 0x0000000081a00000| Untracked 
|  27|0x0000000081b00000, 0x0000000081b00000, 0x0000000081c00000|  0%| F|  |TAMS 0x0000000081b00000, 0x0000000081b00000| Untracked 
|  28|0x0000000081c00000, 0x0000000081c00000, 0x0000000081d00000|  0%| F|  |TAMS 0x0000000081c00000, 0x0000000081c00000| Untracked 
|  29|0x0000000081d00000, 0x0000000081d00000, 0x0000000081e00000|  0%| F|  |TAMS 0x0000000081d00000, 0x0000000081d00000| Untracked 
|  30|0x0000000081e00000, 0x0000000081e00000, 0x0000000081f00000|  0%| F|  |TAMS 0x0000000081e00000, 0x0000000081e00000| Untracked 
|  31|0x0000000081f00000, 0x0000000081f00000, 0x0000000082000000|  0%| F|  |TAMS 0x0000000081f00000, 0x0000000081f00000| Untracked 
|  32|0x0000000082000000, 0x0000000082000000, 0x0000000082100000|  0%| F|  |TAMS 0x0000000082000000, 0x0000000082000000| Untracked 
|  33|0x0000000082100000, 0x0000000082100000, 0x0000000082200000|  0%| F|  |TAMS 0x0000000082100000, 0x0000000082100000| Untracked 
|  34|0x0000000082200000, 0x0000000082200000, 0x0000000082300000|  0%| F|  |TAMS 0x0000000082200000, 0x0000000082200000| Untracked 
|  35|0x0000000082300000, 0x0000000082300000, 0x0000000082400000|  0%| F|  |TAMS 0x0000000082300000, 0x0000000082300000| Untracked 
|  36|0x0000000082400000, 0x0000000082400000, 0x0000000082500000|  0%| F|  |TAMS 0x0000000082400000, 0x0000000082400000| Untracked 
|  37|0x0000000082500000, 0x0000000082500000, 0x0000000082600000|  0%| F|  |TAMS 0x0000000082500000, 0x0000000082500000| Untracked 
|  38|0x0000000082600000, 0x0000000082600000, 0x0000000082700000|  0%| F|  |TAMS 0x0000000082600000, 0x0000000082600000| Untracked 
|  39|0x0000000082700000, 0x0000000082700000, 0x0000000082800000|  0%| F|  |TAMS 0x0000000082700000, 0x0000000082700000| Untracked 
|  40|0x0000000082800000, 0x0000000082800000, 0x0000000082900000|  0%| F|  |TAMS 0x0000000082800000, 0x0000000082800000| Untracked 
|  41|0x0000000082900000, 0x0000000082900000, 0x0000000082a00000|  0%| F|  |TAMS 0x0000000082900000, 0x0000000082900000| Untracked 
|  42|0x0000000082a00000, 0x0000000082a00000, 0x0000000082b00000|  0%| F|  |TAMS 0x0000000082a00000, 0x0000000082a00000| Untracked 
|  43|0x0000000082b00000, 0x0000000082b00000, 0x0000000082c00000|  0%| F|  |TAMS 0x0000000082b00000, 0x0000000082b00000| Untracked 
|  44|0x0000000082c00000, 0x0000000082c00000, 0x0000000082d00000|  0%| F|  |TAMS 0x0000000082c00000, 0x0000000082c00000| Untracked 
|  45|0x0000000082d00000, 0x0000000082d00000, 0x0000000082e00000|  0%| F|  |TAMS 0x0000000082d00000, 0x0000000082d00000| Untracked 
|  46|0x0000000082e00000, 0x0000000082e00000, 0x0000000082f00000|  0%| F|  |TAMS 0x0000000082e00000, 0x0000000082e00000| Untracked 
|  47|0x0000000082f00000, 0x0000000082f00000, 0x0000000083000000|  0%| F|  |TAMS 0x0000000082f00000, 0x0000000082f00000| Untracked 
|  48|0x0000000083000000, 0x0000000083000000, 0x0000000083100000|  0%| F|  |TAMS 0x0000000083000000, 0x0000000083000000| Untracked 
|  49|0x0000000083100000, 0x0000000083100000, 0x0000000083200000|  0%| F|  |TAMS 0x0000000083100000, 0x0000000083100000| Untracked 
|  50|0x0000000083200000, 0x0000000083200000, 0x0000000083300000|  0%| F|  |TAMS 0x0000000083200000, 0x0000000083200000| Untracked 
|  51|0x0000000083300000, 0x0000000083300000, 0x0000000083400000|  0%| F|  |TAMS 0x0000000083300000, 0x0000000083300000| Untracked 
|  52|0x0000000083400000, 0x0000000083400000, 0x0000000083500000|  0%| F|  |TAMS 0x0000000083400000, 0x0000000083400000| Untracked 
|  53|0x0000000083500000, 0x0000000083500000, 0x0000000083600000|  0%| F|  |TAMS 0x0000000083500000, 0x0000000083500000| Untracked 
|  54|0x0000000083600000, 0x00000000836bc620, 0x0000000083700000| 73%| E|  |TAMS 0x0000000083600000, 0x0000000083600000| Complete 
|  55|0x0000000083700000, 0x0000000083800000, 0x0000000083800000|100%| E|CS|TAMS 0x0000000083700000, 0x0000000083700000| Complete 
|  56|0x0000000083800000, 0x0000000083900000, 0x0000000083900000|100%| E|CS|TAMS 0x0000000083800000, 0x0000000083800000| Complete 
|  57|0x0000000083900000, 0x0000000083a00000, 0x0000000083a00000|100%| E|CS|TAMS 0x0000000083900000, 0x0000000083900000| Complete 
|  58|0x0000000083a00000, 0x0000000083b00000, 0x0000000083b00000|100%| E|CS|TAMS 0x0000000083a00000, 0x0000000083a00000| Complete 
|  59|0x0000000083b00000, 0x0000000083c00000, 0x0000000083c00000|100%| E|CS|TAMS 0x0000000083b00000, 0x0000000083b00000| Complete 
|  60|0x0000000083c00000, 0x0000000083d00000, 0x0000000083d00000|100%| E|CS|TAMS 0x0000000083c00000, 0x0000000083c00000| Complete 
|  61|0x0000000083d00000, 0x0000000083e00000, 0x0000000083e00000|100%| E|CS|TAMS 0x0000000083d00000, 0x0000000083d00000| Complete 
|  62|0x0000000083e00000, 0x0000000083f00000, 0x0000000083f00000|100%| E|CS|TAMS 0x0000000083e00000, 0x0000000083e00000| Complete 
|  63|0x0000000083f00000, 0x0000000084000000, 0x0000000084000000|100%| E|CS|TAMS 0x0000000083f00000, 0x0000000083f00000| Complete 
|  64|0x0000000084000000, 0x0000000084100000, 0x0000000084100000|100%| E|CS|TAMS 0x0000000084000000, 0x0000000084000000| Complete 
|  65|0x0000000084100000, 0x0000000084200000, 0x0000000084200000|100%| E|CS|TAMS 0x0000000084100000, 0x0000000084100000| Complete 
|  66|0x0000000084200000, 0x0000000084300000, 0x0000000084300000|100%| E|CS|TAMS 0x0000000084200000, 0x0000000084200000| Complete 
|  67|0x0000000084300000, 0x0000000084400000, 0x0000000084400000|100%| E|CS|TAMS 0x0000000084300000, 0x0000000084300000| Complete 
|  68|0x0000000084400000, 0x0000000084500000, 0x0000000084500000|100%| E|CS|TAMS 0x0000000084400000, 0x0000000084400000| Complete 
|  69|0x0000000084500000, 0x0000000084600000, 0x0000000084600000|100%| E|CS|TAMS 0x0000000084500000, 0x0000000084500000| Complete 
|  70|0x0000000084600000, 0x0000000084700000, 0x0000000084700000|100%| E|CS|TAMS 0x0000000084600000, 0x0000000084600000| Complete 
|  71|0x0000000084700000, 0x0000000084800000, 0x0000000084800000|100%| E|CS|TAMS 0x0000000084700000, 0x0000000084700000| Complete 
|  72|0x0000000084800000, 0x0000000084900000, 0x0000000084900000|100%| E|CS|TAMS 0x0000000084800000, 0x0000000084800000| Complete 
|  73|0x0000000084900000, 0x0000000084a00000, 0x0000000084a00000|100%| E|CS|TAMS 0x0000000084900000, 0x0000000084900000| Complete 
|  74|0x0000000084a00000, 0x0000000084b00000, 0x0000000084b00000|100%| E|CS|TAMS 0x0000000084a00000, 0x0000000084a00000| Complete 
|  75|0x0000000084b00000, 0x0000000084c00000, 0x0000000084c00000|100%| E|CS|TAMS 0x0000000084b00000, 0x0000000084b00000| Complete 
|  76|0x0000000084c00000, 0x0000000084d00000, 0x0000000084d00000|100%| E|CS|TAMS 0x0000000084c00000, 0x0000000084c00000| Complete 
|  77|0x0000000084d00000, 0x0000000084e00000, 0x0000000084e00000|100%| E|CS|TAMS 0x0000000084d00000, 0x0000000084d00000| Complete 
|  78|0x0000000084e00000, 0x0000000084f00000, 0x0000000084f00000|100%| E|CS|TAMS 0x0000000084e00000, 0x0000000084e00000| Complete 
|  89|0x0000000085900000, 0x0000000085921f98, 0x0000000085a00000| 13%| S|CS|TAMS 0x0000000085900000, 0x0000000085900000| Complete 
|  90|0x0000000085a00000, 0x0000000085b00000, 0x0000000085b00000|100%| S|CS|TAMS 0x0000000085a00000, 0x0000000085a00000| Complete 
|  91|0x0000000085b00000, 0x0000000085c00000, 0x0000000085c00000|100%| S|CS|TAMS 0x0000000085b00000, 0x0000000085b00000| Complete 
| 122|0x0000000087a00000, 0x0000000087b00000, 0x0000000087b00000|100%| E|CS|TAMS 0x0000000087a00000, 0x0000000087a00000| Complete 
| 123|0x0000000087b00000, 0x0000000087c00000, 0x0000000087c00000|100%| E|CS|TAMS 0x0000000087b00000, 0x0000000087b00000| Complete 

Card table byte_map: [0x0000018e737d0000,0x0000018e73bd0000] _byte_map_base: 0x0000018e733d0000

Marking Bits (Prev, Next): (CMBitMap*) 0x0000018e5c8395d0, (CMBitMap*) 0x0000018e5c839590
 Prev Bits: [0x0000018e75fd0000, 0x0000018e77fd0000)
 Next Bits: [0x0000018e73fd0000, 0x0000018e75fd0000)

Polling page: 0x0000018e5a790000

Metaspace:

Usage:
  Non-class:     21.72 MB used.
      Class:      3.61 MB used.
       Both:     25.33 MB used.

Virtual space:
  Non-class space:       64.00 MB reserved,      21.88 MB ( 34%) committed,  1 nodes.
      Class space:      416.00 MB reserved,       3.75 MB ( <1%) committed,  1 nodes.
             Both:      480.00 MB reserved,      25.62 MB (  5%) committed. 

Chunk freelists:
   Non-Class:  9.83 MB
       Class:  12.25 MB
        Both:  22.08 MB

MaxMetaspaceSize: 512.00 MB
CompressedClassSpaceSize: 416.00 MB
Initial GC threshold: 21.00 MB
Current GC threshold: 35.25 MB
CDS: on
MetaspaceReclaimPolicy: balanced
 - commit_granule_bytes: 65536.
 - commit_granule_words: 8192.
 - virtual_space_node_default_size: 8388608.
 - enlarge_chunks_in_place: 1.
 - new_chunks_are_fully_committed: 0.
 - uncommit_free_chunks: 1.
 - use_allocation_guard: 0.
 - handle_deallocations: 1.


Internal statistics:

num_allocs_failed_limit: 3.
num_arena_births: 294.
num_arena_deaths: 0.
num_vsnodes_births: 2.
num_vsnodes_deaths: 0.
num_space_committed: 410.
num_space_uncommitted: 0.
num_chunks_returned_to_freelist: 3.
num_chunks_taken_from_freelist: 1234.
num_chunk_merges: 3.
num_chunk_splits: 834.
num_chunks_enlarged: 591.
num_inconsistent_stats: 0.

CodeHeap 'non-profiled nmethods': size=120000Kb used=1833Kb max_used=1833Kb free=118166Kb
 bounds [0x0000018e6bb70000, 0x0000018e6bde0000, 0x0000018e730a0000]
CodeHeap 'profiled nmethods': size=120000Kb used=6610Kb max_used=6610Kb free=113389Kb
 bounds [0x0000018e640a0000, 0x0000018e64720000, 0x0000018e6b5d0000]
CodeHeap 'non-nmethods': size=5760Kb used=1249Kb max_used=1288Kb free=4510Kb
 bounds [0x0000018e6b5d0000, 0x0000018e6b840000, 0x0000018e6bb70000]
 total_blobs=3767 nmethods=3219 adapters=460
 compilation: enabled
              stopped_count=0, restarted_count=0
 full_count=0

Compilation events (20 events):
Event: 51.092 Thread 0x0000018e7aa56860 3211       3       java.lang.management.ManagementFactory$$Lambda$57/0x0000018e0106d278::apply (12 bytes)
Event: 51.092 Thread 0x0000018e7aa56860 nmethod 3211 0x0000018e6470ff10 code [0x0000018e647100e0, 0x0000018e647104f8]
Event: 51.092 Thread 0x0000018e7aa56860 3212       3       java.lang.management.ManagementFactory::lambda$getPlatformMXBeans$3 (13 bytes)
Event: 51.092 Thread 0x0000018e7aa56860 nmethod 3212 0x0000018e64710610 code [0x0000018e647107c0, 0x0000018e64710a38]
Event: 51.092 Thread 0x0000018e7aa56860 3213       3       sun.management.spi.PlatformMBeanProvider$PlatformComponent::getMBeans (87 bytes)
Event: 51.093 Thread 0x0000018e7aa56860 nmethod 3213 0x0000018e64710b10 code [0x0000018e64710e80, 0x0000018e64712538]
Event: 51.093 Thread 0x0000018e7aa56860 3209       3       java.util.stream.ReferencePipeline$3::opWrapSink (10 bytes)
Event: 51.094 Thread 0x0000018e7aa56860 nmethod 3209 0x0000018e64712c10 code [0x0000018e64712e00, 0x0000018e647133c8]
Event: 51.094 Thread 0x0000018e7aa56860 3210       3       java.util.stream.ReferencePipeline$3$1::<init> (11 bytes)
Event: 51.094 Thread 0x0000018e7aa56860 nmethod 3210 0x0000018e64713590 code [0x0000018e64713760, 0x0000018e64713c68]
Event: 51.094 Thread 0x0000018e7aa56860 3214       1       java.net.JarURLConnection::getJarFileURL (5 bytes)
Event: 51.094 Thread 0x0000018e7aa56860 nmethod 3214 0x0000018e6bd39d90 code [0x0000018e6bd39f20, 0x0000018e6bd39ff8]
Event: 51.300 Thread 0x0000018e7aa56860 3215       3       jdk.internal.misc.Unsafe::putByte (8 bytes)
Event: 51.300 Thread 0x0000018e7aa56860 nmethod 3215 0x0000018e64713e10 code [0x0000018e64713fa0, 0x0000018e647140b8]
Event: 51.300 Thread 0x0000018e7aa56860 3217       3       sun.nio.ch.FileChannelImpl::ensureOpen (16 bytes)
Event: 51.301 Thread 0x0000018e7aa56860 nmethod 3217 0x0000018e64714190 code [0x0000018e64714340, 0x0000018e64714628]
Event: 51.301 Thread 0x0000018e7aa56860 3218       1       org.gradle.cache.internal.filelock.FileLockOutcome$3::isLockWasAcquired (2 bytes)
Event: 51.301 Thread 0x0000018e7aa56860 nmethod 3218 0x0000018e6bd3a490 code [0x0000018e6bd3a620, 0x0000018e6bd3a6f8]
Event: 51.301 Thread 0x0000018e7aa56860 3219       3       java.net.InetSocketAddress::getAddress (8 bytes)
Event: 51.301 Thread 0x0000018e7aa56860 nmethod 3219 0x0000018e64714790 code [0x0000018e64714920, 0x0000018e64714a58]

GC Heap History (8 events):
Event: 10.991 GC heap before
{Heap before GC invocations=0 (full 0):
 garbage-first heap   total 126976K, used 26624K [0x0000000080000000, 0x0000000100000000)
  region size 1024K, 23 young (23552K), 0 survivors (0K)
 Metaspace       used 3019K, committed 3200K, reserved 491520K
  class space    used 380K, committed 448K, reserved 425984K
}
Event: 11.112 GC heap after
{Heap after GC invocations=1 (full 0):
 garbage-first heap   total 126976K, used 10072K [0x0000000080000000, 0x0000000100000000)
  region size 1024K, 3 young (3072K), 3 survivors (3072K)
 Metaspace       used 3019K, committed 3200K, reserved 491520K
  class space    used 380K, committed 448K, reserved 425984K
}
Event: 20.429 GC heap before
{Heap before GC invocations=1 (full 0):
 garbage-first heap   total 126976K, used 38744K [0x0000000080000000, 0x0000000100000000)
  region size 1024K, 30 young (30720K), 3 survivors (3072K)
 Metaspace       used 3942K, committed 4096K, reserved 491520K
  class space    used 475K, committed 576K, reserved 425984K
}
Event: 20.436 GC heap after
{Heap after GC invocations=2 (full 0):
 garbage-first heap   total 126976K, used 12969K [0x0000000080000000, 0x0000000100000000)
  region size 1024K, 3 young (3072K), 3 survivors (3072K)
 Metaspace       used 3942K, committed 4096K, reserved 491520K
  class space    used 475K, committed 576K, reserved 425984K
}
Event: 42.389 GC heap before
{Heap before GC invocations=2 (full 0):
 garbage-first heap   total 126976K, used 85673K [0x0000000080000000, 0x0000000100000000)
  region size 1024K, 74 young (75776K), 3 survivors (3072K)
 Metaspace       used 16698K, committed 17024K, reserved 491520K
  class space    used 2409K, committed 2560K, reserved 425984K
}
Event: 42.402 GC heap after
{Heap after GC invocations=3 (full 0):
 garbage-first heap   total 126976K, used 20683K [0x0000000080000000, 0x0000000100000000)
  region size 1024K, 10 young (10240K), 10 survivors (10240K)
 Metaspace       used 16698K, committed 17024K, reserved 491520K
  class space    used 2409K, committed 2560K, reserved 425984K
}
Event: 47.481 GC heap before
{Heap before GC invocations=3 (full 0):
 garbage-first heap   total 126976K, used 52427K [0x0000000080000000, 0x0000000100000000)
  region size 1024K, 42 young (43008K), 10 survivors (10240K)
 Metaspace       used 21256K, committed 21504K, reserved 491520K
  class space    used 3131K, committed 3264K, reserved 425984K
}
Event: 47.518 GC heap after
{Heap after GC invocations=4 (full 0):
 garbage-first heap   total 126976K, used 22622K [0x0000000080000000, 0x0000000100000000)
  region size 1024K, 3 young (3072K), 3 survivors (3072K)
 Metaspace       used 21256K, committed 21504K, reserved 491520K
  class space    used 3131K, committed 3264K, reserved 425984K
}

Deoptimization events (20 events):
Event: 49.347 Thread 0x0000018e1b408bb0 Uncommon trap: trap_request=0xffffffde fr.pc=0x0000018e6bcb2ce4 relative=0x00000000000023c4
Event: 49.347 Thread 0x0000018e1b408bb0 Uncommon trap: reason=class_check action=maybe_recompile pc=0x0000018e6bcb2ce4 method=java.io.BufferedInputStream.read([BII)I @ 101 c2
Event: 49.347 Thread 0x0000018e1b408bb0 DEOPT PACKING pc=0x0000018e6bcb2ce4 sp=0x000000830dcf9340
Event: 49.347 Thread 0x0000018e1b408bb0 DEOPT UNPACKING pc=0x0000018e6b625ba3 sp=0x000000830dcf91f0 mode 2
Event: 49.348 Thread 0x0000018e1b408bb0 Uncommon trap: trap_request=0xffffffde fr.pc=0x0000018e6bcb2ce4 relative=0x00000000000023c4
Event: 49.348 Thread 0x0000018e1b408bb0 Uncommon trap: reason=class_check action=maybe_recompile pc=0x0000018e6bcb2ce4 method=java.io.BufferedInputStream.read([BII)I @ 101 c2
Event: 49.348 Thread 0x0000018e1b408bb0 DEOPT PACKING pc=0x0000018e6bcb2ce4 sp=0x000000830dcf9340
Event: 49.348 Thread 0x0000018e1b408bb0 DEOPT UNPACKING pc=0x0000018e6b625ba3 sp=0x000000830dcf91f0 mode 2
Event: 49.349 Thread 0x0000018e1b408bb0 Uncommon trap: trap_request=0xffffffde fr.pc=0x0000018e6bcb2ce4 relative=0x00000000000023c4
Event: 49.349 Thread 0x0000018e1b408bb0 Uncommon trap: reason=class_check action=maybe_recompile pc=0x0000018e6bcb2ce4 method=java.io.BufferedInputStream.read([BII)I @ 101 c2
Event: 49.352 Thread 0x0000018e1b408bb0 DEOPT PACKING pc=0x0000018e6bcb2ce4 sp=0x000000830dcf9340
Event: 49.355 Thread 0x0000018e1b408bb0 DEOPT UNPACKING pc=0x0000018e6b625ba3 sp=0x000000830dcf91f0 mode 2
Event: 51.165 Thread 0x0000018e1b9f0ec0 Uncommon trap: trap_request=0xffffffbe fr.pc=0x0000018e6bd34f74 relative=0x0000000000003c14
Event: 51.165 Thread 0x0000018e1b9f0ec0 Uncommon trap: reason=profile_predicate action=maybe_recompile pc=0x0000018e6bd34f74 method=java.util.AbstractCollection.addAll(Ljava/util/Collection;)Z @ 15 c2
Event: 51.165 Thread 0x0000018e1b9f0ec0 DEOPT PACKING pc=0x0000018e6bd34f74 sp=0x000000830d8fea80
Event: 51.165 Thread 0x0000018e1b9f0ec0 DEOPT UNPACKING pc=0x0000018e6b625ba3 sp=0x000000830d8fea78 mode 2
Event: 51.165 Thread 0x0000018e1b9f0ec0 Uncommon trap: trap_request=0xffffffbe fr.pc=0x0000018e6bd34f74 relative=0x0000000000003c14
Event: 51.165 Thread 0x0000018e1b9f0ec0 Uncommon trap: reason=profile_predicate action=maybe_recompile pc=0x0000018e6bd34f74 method=java.util.AbstractCollection.addAll(Ljava/util/Collection;)Z @ 15 c2
Event: 51.165 Thread 0x0000018e1b9f0ec0 DEOPT PACKING pc=0x0000018e6bd34f74 sp=0x000000830d8fea80
Event: 51.165 Thread 0x0000018e1b9f0ec0 DEOPT UNPACKING pc=0x0000018e6b625ba3 sp=0x000000830d8fea78 mode 2

Classes unloaded (0 events):
No events

Classes redefined (0 events):
No events

Internal exceptions (20 events):
Event: 44.572 Thread 0x0000018e1b408bb0 Exception <a 'java/lang/NoSuchMethodError'{0x0000000086f314a0}: 'int java.lang.invoke.DirectMethodHandle$Holder.invokeVirtual(java.lang.Object, java.lang.Object)'> (0x0000000086f314a0) 
thrown [s\open\src\hotspot\share\interpreter\linkResolver.cpp, line 759]
Event: 44.584 Thread 0x0000018e1b408bb0 Exception <a 'java/lang/NoSuchMethodError'{0x0000000086f66148}: 'int java.lang.invoke.DirectMethodHandle$Holder.invokeVirtual(java.lang.Object, java.lang.Object, java.lang.Object)'> (0x0000000086f66148) 
thrown [s\open\src\hotspot\share\interpreter\linkResolver.cpp, line 759]
Event: 45.759 Thread 0x0000018e1b408bb0 Exception <a 'java/lang/NoSuchMethodError'{0x000000008652bc08}: 'java.lang.Object java.lang.invoke.DirectMethodHandle$Holder.invokeSpecialIFC(java.lang.Object, java.lang.Object, java.lang.Object, java.lang.Object)'> (0x000000008652bc08) 
thrown [s\open\src\hotspot\share\interpreter\linkResolver.cpp, line 759]
Event: 46.995 Thread 0x0000018e1b408bb0 Implicit null exception at 0x0000018e6bbb9a0e to 0x0000018e6bbb9e40
Event: 47.402 Thread 0x0000018e1b408bb0 Exception <a 'java/lang/NoSuchMethodError'{0x0000000085e866a0}: 'java.lang.Object java.lang.invoke.DirectMethodHandle$Holder.invokeSpecial(java.lang.Object, java.lang.Object, java.lang.Object, java.lang.Object, java.lang.Object, java.lang.Object, java.lang.Object, java.lang.Object, java.lang.Object, java.lang.Object, java.lang.Object, java.lang.Object, java.lang.Object)'> (0x0000000085e866a0) 
thrown [s\open\src\hotspot\share\interpreter\linkResolver.cpp, line 759]
Event: 47.403 Thread 0x0000018e1b408bb0 Exception <a 'java/lang/NoSuchMethodError'{0x0000000085e97cc8}: 'java.lang.Object java.lang.invoke.DirectMethodHandle$Holder.newInvokeSpecial(java.lang.Object, java.lang.Object, java.lang.Object, java.lang.Object, java.lang.Object, java.lang.Object, java.lang.Object, java.lang.Object, java.lang.Object, java.lang.Object, java.lang.Object)'> (0x0000000085e97cc8) 
thrown [s\open\src\hotspot\share\interpreter\linkResolver.cpp, line 759]
Event: 47.404 Thread 0x0000018e1b408bb0 Exception <a 'java/lang/NoSuchMethodError'{0x0000000085e9cd60}: 'java.lang.Object java.lang.invoke.Invokers$Holder.linkToTargetMethod(java.lang.Object, java.lang.Object, java.lang.Object, java.lang.Object, java.lang.Object, java.lang.Object, java.lang.Object, java.lang.Object, java.lang.Object, java.lang.Object, java.lang.Object)'> (0x0000000085e9cd60) 
thrown [s\open\src\hotspot\share\interpreter\linkResolver.cpp, line 759]
Event: 47.413 Thread 0x0000018e1b408bb0 Exception <a 'java/lang/NoSuchMethodError'{0x0000000085ee2350}: 'java.lang.Object java.lang.invoke.DirectMethodHandle$Holder.invokeSpecial(java.lang.Object, java.lang.Object, java.lang.Object, java.lang.Object, java.lang.Object, java.lang.Object, java.lang.Object, java.lang.Object, java.lang.Object, java.lang.Object, java.lang.Object, java.lang.Object, java.lang.Object, java.lang.Object)'> (0x0000000085ee2350) 
thrown [s\open\src\hotspot\share\interpreter\linkResolver.cpp, line 759]
Event: 47.413 Thread 0x0000018e1b408bb0 Exception <a 'java/lang/NoSuchMethodError'{0x0000000085ef4978}: 'java.lang.Object java.lang.invoke.DirectMethodHandle$Holder.newInvokeSpecial(java.lang.Object, java.lang.Object, java.lang.Object, java.lang.Object, java.lang.Object, java.lang.Object, java.lang.Object, java.lang.Object, java.lang.Object, java.lang.Object, java.lang.Object, java.lang.Object)'> (0x0000000085ef4978) 
thrown [s\open\src\hotspot\share\interpreter\linkResolver.cpp, line 759]
Event: 47.414 Thread 0x0000018e1b408bb0 Exception <a 'java/lang/NoSuchMethodError'{0x0000000085efa310}: 'java.lang.Object java.lang.invoke.Invokers$Holder.linkToTargetMethod(java.lang.Object, java.lang.Object, java.lang.Object, java.lang.Object, java.lang.Object, java.lang.Object, java.lang.Object, java.lang.Object, java.lang.Object, java.lang.Object, java.lang.Object, java.lang.Object)'> (0x0000000085efa310) 
thrown [s\open\src\hotspot\share\interpreter\linkResolver.cpp, line 759]
Event: 47.468 Thread 0x0000018e1b408bb0 Exception <a 'java/lang/NoSuchMethodError'{0x0000000085dbb988}: 'java.lang.Object java.lang.invoke.DirectMethodHandle$Holder.invokeStaticInit(java.lang.Object, java.lang.Object, java.lang.Object, java.lang.Object)'> (0x0000000085dbb988) 
thrown [s\open\src\hotspot\share\interpreter\linkResolver.cpp, line 759]
Event: 48.528 Thread 0x0000018e1b408bb0 Exception <a 'java/lang/NoSuchMethodError'{0x0000000084778498}: 'java.lang.Object java.lang.invoke.DirectMethodHandle$Holder.newInvokeSpecial(java.lang.Object, java.lang.Object, java.lang.Object, java.lang.Object, java.lang.Object, java.lang.Object, java.lang.Object, java.lang.Object)'> (0x0000000084778498) 
thrown [s\open\src\hotspot\share\interpreter\linkResolver.cpp, line 759]
Event: 48.529 Thread 0x0000018e1b408bb0 Exception <a 'java/lang/NoSuchMethodError'{0x000000008477e278}: 'java.lang.Object java.lang.invoke.Invokers$Holder.linkToTargetMethod(java.lang.Object, java.lang.Object, java.lang.Object, java.lang.Object, java.lang.Object, java.lang.Object, java.lang.Object, java.lang.Object)'> (0x000000008477e278) 
thrown [s\open\src\hotspot\share\interpreter\linkResolver.cpp, line 759]
Event: 48.548 Thread 0x0000018e1b408bb0 Exception <a 'java/lang/IncompatibleClassChangeError'{0x00000000846082a8}: Found class java.lang.Object, but interface was expected> (0x00000000846082a8) 
thrown [s\open\src\hotspot\share\interpreter\linkResolver.cpp, line 826]
Event: 49.117 Thread 0x0000018e1b408bb0 Exception <a 'java/lang/NoSuchMethodError'{0x00000000842f3dc0}: 'java.lang.Object java.lang.invoke.DirectMethodHandle$Holder.newInvokeSpecial(java.lang.Object, java.lang.Object, int, int)'> (0x00000000842f3dc0) 
thrown [s\open\src\hotspot\share\interpreter\linkResolver.cpp, line 759]
Event: 49.712 Thread 0x0000018e1b408bb0 Exception <a 'java/lang/NoSuchMethodError'{0x0000000083c74df0}: 'void java.lang.invoke.DirectMethodHandle$Holder.invokeStaticInit(java.lang.Object, java.lang.Object, java.lang.Object)'> (0x0000000083c74df0) 
thrown [s\open\src\hotspot\share\interpreter\linkResolver.cpp, line 759]
Event: 49.713 Thread 0x0000018e1b408bb0 Exception <a 'java/lang/NoSuchMethodError'{0x0000000083c7c290}: 'void java.lang.invoke.DirectMethodHandle$Holder.invokeStaticInit(java.lang.Object, java.lang.Object, java.lang.Object, java.lang.Object)'> (0x0000000083c7c290) 
thrown [s\open\src\hotspot\share\interpreter\linkResolver.cpp, line 759]
Event: 49.717 Thread 0x0000018e1b408bb0 Exception <a 'java/lang/NoSuchMethodError'{0x0000000083c9e7b8}: 'void java.lang.invoke.DirectMethodHandle$Holder.invokeStaticInit(java.lang.Object, java.lang.Object, java.lang.Object, java.lang.Object, java.lang.Object)'> (0x0000000083c9e7b8) 
thrown [s\open\src\hotspot\share\interpreter\linkResolver.cpp, line 759]
Event: 49.718 Thread 0x0000018e1b408bb0 Exception <a 'java/lang/NoSuchMethodError'{0x0000000083ca6580}: 'int java.lang.invoke.DirectMethodHandle$Holder.invokeStaticInit(java.lang.Object, java.lang.Object, java.lang.Object)'> (0x0000000083ca6580) 
thrown [s\open\src\hotspot\share\interpreter\linkResolver.cpp, line 759]
Event: 49.737 Thread 0x0000018e1b408bb0 Exception <a 'java/lang/NoSuchMethodError'{0x0000000083cfda38}: 'int java.lang.invoke.DirectMethodHandle$Holder.invokeStaticInit(java.lang.Object, java.lang.Object, java.lang.Object, java.lang.Object)'> (0x0000000083cfda38) 
thrown [s\open\src\hotspot\share\interpreter\linkResolver.cpp, line 759]

VM Operations (20 events):
Event: 46.907 Executing VM operation: Cleanup done
Event: 46.998 Executing VM operation: HandshakeAllThreads
Event: 46.998 Executing VM operation: HandshakeAllThreads done
Event: 47.481 Executing VM operation: CollectForMetadataAllocation
Event: 47.524 Executing VM operation: CollectForMetadataAllocation done
Event: 47.537 Executing VM operation: G1Concurrent
Event: 47.619 Executing VM operation: G1Concurrent done
Event: 47.623 Executing VM operation: G1Concurrent
Event: 47.624 Executing VM operation: G1Concurrent done
Event: 47.867 Executing VM operation: HandshakeAllThreads
Event: 47.867 Executing VM operation: HandshakeAllThreads done
Event: 48.877 Executing VM operation: Cleanup
Event: 48.877 Executing VM operation: Cleanup done
Event: 49.352 Executing VM operation: HandshakeAllThreads
Event: 49.370 Executing VM operation: HandshakeAllThreads done
Event: 49.371 Executing VM operation: HandshakeAllThreads
Event: 49.372 Executing VM operation: HandshakeAllThreads done
Event: 50.384 Executing VM operation: Cleanup
Event: 50.400 Executing VM operation: Cleanup done
Event: 51.415 Executing VM operation: Cleanup

Events (20 events):
Event: 51.075 loading class java/nio/file/WatchEvent$Modifier done
Event: 51.096 loading class javax/swing/ListModel
Event: 51.097 loading class javax/swing/ListModel done
Event: 51.097 loading class javax/swing/tree/MutableTreeNode
Event: 51.097 loading class javax/swing/tree/TreeNode
Event: 51.097 loading class javax/swing/tree/TreeNode done
Event: 51.097 loading class javax/swing/tree/MutableTreeNode done
Event: 51.097 loading class javax/swing/JComboBox
Event: 51.104 loading class java/awt/ItemSelectable
Event: 51.104 loading class java/awt/ItemSelectable done
Event: 51.104 loading class javax/swing/event/ListDataListener
Event: 51.104 loading class javax/swing/event/ListDataListener done
Event: 51.104 loading class java/awt/event/ActionListener
Event: 51.104 loading class java/awt/event/ActionListener done
Event: 51.104 loading class javax/accessibility/Accessible
Event: 51.108 loading class javax/accessibility/Accessible done
Event: 51.108 loading class javax/swing/JComponent
Event: 51.563 loading class javax/swing/TransferHandler$HasGetTransferHandler
Event: 51.605 loading class javax/swing/TransferHandler$HasGetTransferHandler done
Event: 51.605 loading class java/awt/Container


Dynamic libraries:
0x00007ff654010000 - 0x00007ff654020000 	C:\Program Files\Java\jdk-17\bin\java.exe
0x00007ffc41b50000 - 0x00007ffc41d48000 	C:\Windows\SYSTEM32\ntdll.dll
0x00007ffc40d10000 - 0x00007ffc40dd2000 	C:\Windows\System32\KERNEL32.DLL
0x00007ffc3f3e0000 - 0x00007ffc3f6de000 	C:\Windows\System32\KERNELBASE.dll
0x00007ffc3f9d0000 - 0x00007ffc3fad0000 	C:\Windows\System32\ucrtbase.dll
0x00007ffc08a30000 - 0x00007ffc08a49000 	C:\Program Files\Java\jdk-17\bin\jli.dll
0x00007ffc40bf0000 - 0x00007ffc40ca1000 	C:\Windows\System32\ADVAPI32.dll
0x00007ffc402a0000 - 0x00007ffc4033e000 	C:\Windows\System32\msvcrt.dll
0x00007ffc3fbd0000 - 0x00007ffc3fc6f000 	C:\Windows\System32\sechost.dll
0x00007ffc419e0000 - 0x00007ffc41b03000 	C:\Windows\System32\RPCRT4.dll
0x00007ffc3f1f0000 - 0x00007ffc3f217000 	C:\Windows\System32\bcrypt.dll
0x00007ffc413d0000 - 0x00007ffc4156d000 	C:\Windows\System32\USER32.dll
0x00007ffc3f220000 - 0x00007ffc3f242000 	C:\Windows\System32\win32u.dll
0x00007ffc02b80000 - 0x00007ffc02b9b000 	C:\Program Files\Java\jdk-17\bin\VCRUNTIME140.dll
0x00007ffc40e10000 - 0x00007ffc40e3b000 	C:\Windows\System32\GDI32.dll
0x00007ffc3f250000 - 0x00007ffc3f367000 	C:\Windows\System32\gdi32full.dll
0x00007ffc23aa0000 - 0x00007ffc23d3a000 	C:\Windows\WinSxS\amd64_microsoft.windows.common-controls_6595b64144ccf1df_6.0.19041.4355_none_60b8b9eb71f62e16\COMCTL32.dll
0x00007ffc3fad0000 - 0x00007ffc3fb6d000 	C:\Windows\System32\msvcp_win.dll
0x00007ffc34b60000 - 0x00007ffc34b6a000 	C:\Windows\SYSTEM32\VERSION.dll
0x00007ffc40de0000 - 0x00007ffc40e0f000 	C:\Windows\System32\IMM32.DLL
0x00007ffc208e0000 - 0x00007ffc208ec000 	C:\Program Files\Java\jdk-17\bin\vcruntime140_1.dll
0x00007ffbec670000 - 0x00007ffbec6fe000 	C:\Program Files\Java\jdk-17\bin\msvcp140.dll
0x00007ffbe8370000 - 0x00007ffbe8f50000 	C:\Program Files\Java\jdk-17\bin\server\jvm.dll
0x00007ffc3ffc0000 - 0x00007ffc3ffc8000 	C:\Windows\System32\PSAPI.DLL
0x00007ffc1c6c0000 - 0x00007ffc1c6c9000 	C:\Windows\SYSTEM32\WSOCK32.dll
0x00007ffc40ec0000 - 0x00007ffc40f2b000 	C:\Windows\System32\WS2_32.dll
0x00007ffc296d0000 - 0x00007ffc296f7000 	C:\Windows\SYSTEM32\WINMM.dll
0x00007ffc3d9d0000 - 0x00007ffc3d9e2000 	C:\Windows\SYSTEM32\kernel.appcore.dll
0x00007ffc1f4d0000 - 0x00007ffc1f4da000 	C:\Program Files\Java\jdk-17\bin\jimage.dll
0x00007ffc3d6e0000 - 0x00007ffc3d8c4000 	C:\Windows\SYSTEM32\DBGHELP.DLL
0x00007ffc28d30000 - 0x00007ffc28d64000 	C:\Windows\SYSTEM32\dbgcore.DLL
0x00007ffc3f6e0000 - 0x00007ffc3f762000 	C:\Windows\System32\bcryptPrimitives.dll
0x00007ffbf25d0000 - 0x00007ffbf25f5000 	C:\Program Files\Java\jdk-17\bin\java.dll
0x00007ffbea100000 - 0x00007ffbea1d7000 	C:\Program Files\Java\jdk-17\bin\jsvml.dll
0x00007ffc40470000 - 0x00007ffc40bdd000 	C:\Windows\System32\SHELL32.dll
0x00007ffc3ce60000 - 0x00007ffc3d604000 	C:\Windows\SYSTEM32\windows.storage.dll
0x00007ffc40f30000 - 0x00007ffc41283000 	C:\Windows\System32\combase.dll
0x00007ffc3eb40000 - 0x00007ffc3eb6e000 	C:\Windows\SYSTEM32\Wldp.dll
0x00007ffc3fc70000 - 0x00007ffc3fd3d000 	C:\Windows\System32\OLEAUT32.dll
0x00007ffc41290000 - 0x00007ffc4133d000 	C:\Windows\System32\SHCORE.dll
0x00007ffc40e40000 - 0x00007ffc40e95000 	C:\Windows\System32\shlwapi.dll
0x00007ffc3f120000 - 0x00007ffc3f144000 	C:\Windows\SYSTEM32\profapi.dll
0x00007ffbfd2f0000 - 0x00007ffbfd309000 	C:\Program Files\Java\jdk-17\bin\net.dll
0x00007ffc366a0000 - 0x00007ffc367ad000 	C:\Windows\SYSTEM32\WINHTTP.dll
0x00007ffc3e8b0000 - 0x00007ffc3e91a000 	C:\Windows\system32\mswsock.dll
0x00007ffbf1650000 - 0x00007ffbf1666000 	C:\Program Files\Java\jdk-17\bin\nio.dll
0x00007ffbec650000 - 0x00007ffbec668000 	C:\Program Files\Java\jdk-17\bin\zip.dll
0x00007ffc143c0000 - 0x00007ffc143d0000 	C:\Program Files\Java\jdk-17\bin\verify.dll
0x00007ffbf16a0000 - 0x00007ffbf16c7000 	C:\Users\vietp\.gradle\native\68d5fa5c4cc2d200863cafc0d521ce42e7d3e7ee720ec0a83991735586a16f82\windows-amd64\native-platform.dll
0x00007ffbea750000 - 0x00007ffbea894000 	C:\Users\vietp\.gradle\native\e376f236ea51e6404a007f0833ffe2c6e607c4080706a723a18a27aeea778392\windows-amd64\native-platform-file-events.dll
0x00007ffc372a0000 - 0x00007ffc372aa000 	C:\Program Files\Java\jdk-17\bin\management.dll
0x00007ffc1c800000 - 0x00007ffc1c80b000 	C:\Program Files\Java\jdk-17\bin\management_ext.dll
0x00007ffc3eb80000 - 0x00007ffc3eb98000 	C:\Windows\SYSTEM32\CRYPTSP.dll
0x00007ffc3e1f0000 - 0x00007ffc3e224000 	C:\Windows\system32\rsaenh.dll
0x00007ffc3f0e0000 - 0x00007ffc3f10e000 	C:\Windows\SYSTEM32\USERENV.dll
0x00007ffc3ea40000 - 0x00007ffc3ea4c000 	C:\Windows\SYSTEM32\CRYPTBASE.dll
0x00007ffc3e5b0000 - 0x00007ffc3e5eb000 	C:\Windows\SYSTEM32\IPHLPAPI.DLL
0x00007ffc3fed0000 - 0x00007ffc3fed8000 	C:\Windows\System32\NSI.dll
0x00007ffc35100000 - 0x00007ffc35117000 	C:\Windows\SYSTEM32\dhcpcsvc6.DLL
0x00007ffc35090000 - 0x00007ffc350ad000 	C:\Windows\SYSTEM32\dhcpcsvc.DLL
0x00007ffc3e5f0000 - 0x00007ffc3e6ba000 	C:\Windows\SYSTEM32\DNSAPI.dll
0x00007ffc12c60000 - 0x00007ffc12c6e000 	C:\Program Files\Java\jdk-17\bin\sunmscapi.dll
0x00007ffc3f770000 - 0x00007ffc3f8cc000 	C:\Windows\System32\CRYPT32.dll
0x00007ffc3ec90000 - 0x00007ffc3ecb7000 	C:\Windows\SYSTEM32\ncrypt.dll
0x00007ffc3ec50000 - 0x00007ffc3ec8b000 	C:\Windows\SYSTEM32\NTASN1.dll
0x00007ffc36090000 - 0x00007ffc36097000 	C:\Windows\system32\wshunix.dll

dbghelp: loaded successfully - version: 4.0.5 - missing functions: none
symbol engine: initialized successfully - sym options: 0x614 - pdb path: .;C:\Program Files\Java\jdk-17\bin;C:\Windows\SYSTEM32;C:\Windows\WinSxS\amd64_microsoft.windows.common-controls_6595b64144ccf1df_6.0.19041.4355_none_60b8b9eb71f62e16;C:\Program Files\Java\jdk-17\bin\server;C:\Users\vietp\.gradle\native\68d5fa5c4cc2d200863cafc0d521ce42e7d3e7ee720ec0a83991735586a16f82\windows-amd64;C:\Users\vietp\.gradle\native\e376f236ea51e6404a007f0833ffe2c6e607c4080706a723a18a27aeea778392\windows-amd64

VM Arguments:
jvm_args: -XX:MaxMetaspaceSize=512m --add-opens=java.base/java.util=ALL-UNNAMED --add-opens=java.base/java.lang=ALL-UNNAMED --add-opens=java.base/java.lang.invoke=ALL-UNNAMED --add-opens=java.prefs/java.util.prefs=ALL-UNNAMED --add-opens=java.base/java.nio.charset=ALL-UNNAMED --add-opens=java.base/java.net=ALL-UNNAMED --add-opens=java.base/java.util.concurrent.atomic=ALL-UNNAMED -Xmx2048m -Dfile.encoding=windows-1252 -Duser.country=US -Duser.language=en -Duser.variant 
java_command: org.gradle.launcher.daemon.bootstrap.GradleDaemon 8.0.1
java_class_path (initial): C:\Users\vietp\.gradle\wrapper\dists\gradle-8.0.1-all\aro4hu1c3oeioove7l0i4i14o\gradle-8.0.1\lib\gradle-launcher-8.0.1.jar
Launcher Type: SUN_STANDARD

[Global flags]
     intx CICompilerCount                          = 4                                         {product} {ergonomic}
   size_t CompressedClassSpaceSize                 = 436207616                                 {product} {ergonomic}
     uint ConcGCThreads                            = 2                                         {product} {ergonomic}
     uint G1ConcRefinementThreads                  = 8                                         {product} {ergonomic}
   size_t G1HeapRegionSize                         = 1048576                                   {product} {ergonomic}
    uintx GCDrainStackTargetSize                   = 64                                        {product} {ergonomic}
   size_t InitialHeapSize                          = 130023424                                 {product} {ergonomic}
   size_t MarkStackSize                            = 4194304                                   {product} {ergonomic}
   size_t MaxHeapSize                              = 2147483648                                {product} {command line}
   size_t MaxMetaspaceSize                         = 536870912                                 {product} {command line}
   size_t MaxNewSize                               = 1287651328                                {product} {ergonomic}
   size_t MinHeapDeltaBytes                        = 1048576                                   {product} {ergonomic}
   size_t MinHeapSize                              = 8388608                                   {product} {ergonomic}
    uintx NonNMethodCodeHeapSize                   = 5839372                                {pd product} {ergonomic}
    uintx NonProfiledCodeHeapSize                  = 122909434                              {pd product} {ergonomic}
    uintx ProfiledCodeHeapSize                     = 122909434                              {pd product} {ergonomic}
    uintx ReservedCodeCacheSize                    = 251658240                              {pd product} {ergonomic}
     bool SegmentedCodeCache                       = true                                      {product} {ergonomic}
   size_t SoftMaxHeapSize                          = 2147483648                             {manageable} {ergonomic}
     bool UseCompressedClassPointers               = true                           {product lp64_product} {ergonomic}
     bool UseCompressedOops                        = true                           {product lp64_product} {ergonomic}
     bool UseG1GC                                  = true                                      {product} {ergonomic}
     bool UseLargePagesIndividualAllocation        = false                                  {pd product} {ergonomic}

Logging:
Log output configuration:
 #0: stdout all=warning uptime,level,tags
 #1: stderr all=off uptime,level,tags

Environment Variables:
JAVA_HOME=C:\Program Files\Java\jdk-17
CLASSPATH=D:\UI\Harmony-Chat\android\\gradle\wrapper\gradle-wrapper.jar
PATH=D:\UI\Harmony-Chat\node_modules\.bin;D:\UI\Harmony-Chat\node_modules\.bin;D:\UI\node_modules\.bin;D:\node_modules\.bin;C:\Program Files\nodejs\node_modules\npm\node_modules\@npmcli\run-script\lib\node-gyp-bin;D:\UI\Harmony-Chat\node_modules\.bin;D:\UI\node_modules\.bin;D:\node_modules\.bin;C:\Program Files\nodejs\node_modules\npm\node_modules\@npmcli\run-script\lib\node-gyp-bin;C:\Program Files\Common Files\Oracle\Java\javapath;C:\Program Files (x86)\Common Files\Oracle\Java\java8path;C:\Program Files (x86)\Common Files\Oracle\Java\javapath;C:\Python312\Scripts\;C:\Python312\;C:\Windows\system32;C:\Windows;C:\Windows\System32\Wbem;C:\Windows\System32\WindowsPowerShell\v1.0\;C:\Windows\System32\OpenSSH\;C:\ProgramData\chocolatey\bin;C:\Program Files\Git\cmd;C:\Program Files\Cloudflare\Cloudflare WARP\;C:\Program Files\Microsoft SQL Server\150\Tools\Binn\;C:\Program Files\Microsoft SQL Server\Client SDK\ODBC\170\Tools\Binn\;C:\Program Files\Intel\Intel(R) Memory and Storage Tool\;C:\Program Files (x86)\Microsoft SQL Server\160\Tools\Binn\;C:\Program Files\Microsoft SQL Server\160\Tools\Binn\;C:\Program Files\Microsoft SQL Server\160\DTS\Binn\;C:\Program Files\Docker\Docker\resources\bin;C:\Program Files (x86)\Microsoft SQL Server\160\DTS\Binn\;C:\Program Files\OpenSSL-Win64\bin;C:\Program Files\dotnet\;C:\Program Files\Java\jdk-17\bin;C:\Users\vietp\AppData\Local\Android\Sdk\platform-tools;C:\Users\vietp\AppData\Local\Android\Sdk\emulator;C:\Users\vietp\AppData\Local\Android\Sdk\cmdline-tools\latest\bin;C:\Program Files\nodejs\;C:\poppler-24.07.0\Library\bin;C:\Program Files\Tesseract-OCR;C:\Users\vietp\AppData\Local\Android\Sdk\tools;C:\Program Files\MySQL\MySQL Shell 8.0\bin\;C:\Users\vietp\AppData\Local\Microsoft\WindowsApps;C:\Program Files\JetBrains\WebStorm 2024.1.5\bin;;C:\Program Files\JetBrains\IntelliJ IDEA 2024.1.4\bin;;C:\Users\vietp\AppData\Local\Programs\Microsoft VS Code\bin;C:\Users\vietp\AppData\Local\GitHubDesktop\bin;C:\Users\vietp\.dotnet\tools;C
USERNAME=vietp
LANG=en_US.UTF-8
OS=Windows_NT
PROCESSOR_IDENTIFIER=Intel64 Family 6 Model 140 Stepping 2, GenuineIntel



---------------  S Y S T E M  ---------------

OS:
 Windows 10 , 64 bit Build 19041 (10.0.19041.5198)
OS uptime: 20 days 16:09 hours
Hyper-V role detected

CPU: total 8 (initial active 8) (4 cores per cpu, 2 threads per core) family 6 model 140 stepping 2 microcode 0x16, cx8, cmov, fxsr, ht, mmx, 3dnowpref, sse, sse2, sse3, ssse3, sse4.1, sse4.2, popcnt, lzcnt, tsc, tscinvbit, avx, avx2, aes, erms, clmul, bmi1, bmi2, adx, avx512f, avx512dq, avx512cd, avx512bw, avx512vl, sha, fma, vzeroupper, avx512_vpopcntdq, avx512_vpclmulqdq, avx512_vaes, avx512_vnni, clflush, clflushopt, clwb, avx512_vbmi2, avx512_vbmi, hv

Memory: 4k page, system-wide physical 7894M (309M free)
TotalPageFile size 32470M (AvailPageFile size 812M)
current process WorkingSet (physical memory assigned to process): 81M, peak: 173M
current process commit charge ("private bytes"): 237M, peak: 279M

vm_info: Java HotSpot(TM) 64-Bit Server VM (17.0.12+8-LTS-286) for windows-amd64 JRE (17.0.12+8-LTS-286), built on Jun  5 2024 06:46:59 by "mach5one" with MS VC++ 17.6 (VS2022)

END.
