#
# There is insufficient memory for the Java Runtime Environment to continue.
# Native memory allocation (malloc) failed to allocate 1961936 bytes for Chunk::new
# Possible reasons:
#   The system is out of physical RAM or swap space
#   The process is running with CompressedOops enabled, and the Java Heap may be blocking the growth of the native heap
# Possible solutions:
#   Reduce memory load on the system
#   Increase physical memory or swap space
#   Check if swap backing store is full
#   Decrease Java heap size (-Xmx/-Xms)
#   Decrease number of Java threads
#   Decrease Java thread stack sizes (-Xss)
#   Set larger code cache with -XX:ReservedCodeCacheSize=
#   JVM is running with Unscaled Compressed Oops mode in which the Java heap is
#     placed in the first 4GB address space. The Java Heap base address is the
#     maximum limit for the native heap growth. Please use -XX:HeapBaseMinAddress
#     to set the Java Heap base and to place the Java Heap above 4GB virtual address.
# This output file may be truncated or incomplete.
#
#  Out of Memory Error (arena.cpp:189), pid=25080, tid=7316
#
# JRE version: Java(TM) SE Runtime Environment (17.0.12+8) (build 17.0.12+8-LTS-286)
# Java VM: Java HotSpot(TM) 64-Bit Server VM (17.0.12+8-LTS-286, mixed mode, sharing, tiered, compressed oops, compressed class ptrs, g1 gc, windows-amd64)
# No core dump will be written. Minidumps are not enabled by default on client versions of Windows
#

---------------  S U M M A R Y ------------

Command Line: -XX:MaxMetaspaceSize=512m --add-opens=java.base/java.util=ALL-UNNAMED --add-opens=java.base/java.lang=ALL-UNNAMED --add-opens=java.base/java.lang.invoke=ALL-UNNAMED --add-opens=java.prefs/java.util.prefs=ALL-UNNAMED --add-opens=java.base/java.nio.charset=ALL-UNNAMED --add-opens=java.base/java.net=ALL-UNNAMED --add-opens=java.base/java.util.concurrent.atomic=ALL-UNNAMED -Xmx2048m -Dfile.encoding=windows-1252 -Duser.country=US -Duser.language=en -Duser.variant org.gradle.launcher.daemon.bootstrap.GradleDaemon 8.0.1

Host: 11th Gen Intel(R) Core(TM) i7-1195G7 @ 2.90GHz, 8 cores, 7G,  Windows 10 , 64 bit Build 19041 (10.0.19041.5198)
Time: Tue Jan 14 16:51:51 2025 SE Asia Standard Time elapsed time: 51.780301 seconds (0d 0h 0m 51s)

---------------  T H R E A D  ---------------

Current thread (0x000001eb0793c250):  JavaThread "C2 CompilerThread0" daemon [_thread_in_native, id=7316, stack(0x000000950d400000,0x000000950d500000)]


Current CompileTask:
C2:  51780 2166       4       jdk.internal.org.objectweb.asm.Frame::execute (2305 bytes)

Stack: [0x000000950d400000,0x000000950d500000]
Native frames: (J=compiled Java code, j=interpreted, Vv=VM code, C=native code)
V  [jvm.dll+0x67a04a]
V  [jvm.dll+0x7da4ed]
V  [jvm.dll+0x7dbe33]
V  [jvm.dll+0x7dc4a3]
V  [jvm.dll+0x24508f]
V  [jvm.dll+0xab773]
V  [jvm.dll+0xabd3c]
V  [jvm.dll+0x361b9f]
V  [jvm.dll+0x32c431]
V  [jvm.dll+0x32b8ca]
V  [jvm.dll+0x21683f]
V  [jvm.dll+0x215c6f]
V  [jvm.dll+0x1a2960]
V  [jvm.dll+0x22610b]
V  [jvm.dll+0x2242ab]
V  [jvm.dll+0x79075c]
V  [jvm.dll+0x78abea]
V  [jvm.dll+0x678f35]
C  [ucrtbase.dll+0x21bb2]
C  [KERNEL32.DLL+0x17374]
C  [ntdll.dll+0x4cc91]


---------------  P R O C E S S  ---------------

Threads class SMR info:
_java_thread_list=0x000001eb272eaa50, length=22, elements={
0x000001eb6963df80, 0x000001eb079223f0, 0x000001eb07922ec0, 0x000001eb07934800,
0x000001eb079352d0, 0x000001eb07939cc0, 0x000001eb0793b5a0, 0x000001eb0793c250,
0x000001eb0793f020, 0x000001eb07ac8070, 0x000001eb07b999e0, 0x000001eb07b9bed0,
0x000001eb2803d430, 0x000001eb27dfea60, 0x000001eb28221190, 0x000001eb272ac820,
0x000001eb27ce9500, 0x000001eb27cee1e0, 0x000001eb285bf800, 0x000001eb285c2080,
0x000001eb285c2590, 0x000001eb285bfd10
}

Java Threads: ( => current thread )
  0x000001eb6963df80 JavaThread "main" [_thread_blocked, id=30316, stack(0x000000950c700000,0x000000950c800000)]
  0x000001eb079223f0 JavaThread "Reference Handler" daemon [_thread_blocked, id=32276, stack(0x000000950ce00000,0x000000950cf00000)]
  0x000001eb07922ec0 JavaThread "Finalizer" daemon [_thread_blocked, id=29376, stack(0x000000950cf00000,0x000000950d000000)]
  0x000001eb07934800 JavaThread "Signal Dispatcher" daemon [_thread_blocked, id=9660, stack(0x000000950d000000,0x000000950d100000)]
  0x000001eb079352d0 JavaThread "Attach Listener" daemon [_thread_blocked, id=8476, stack(0x000000950d100000,0x000000950d200000)]
  0x000001eb07939cc0 JavaThread "Service Thread" daemon [_thread_blocked, id=7624, stack(0x000000950d200000,0x000000950d300000)]
  0x000001eb0793b5a0 JavaThread "Monitor Deflation Thread" daemon [_thread_blocked, id=3144, stack(0x000000950d300000,0x000000950d400000)]
=>0x000001eb0793c250 JavaThread "C2 CompilerThread0" daemon [_thread_in_native, id=7316, stack(0x000000950d400000,0x000000950d500000)]
  0x000001eb0793f020 JavaThread "C1 CompilerThread0" daemon [_thread_blocked, id=28876, stack(0x000000950d500000,0x000000950d600000)]
  0x000001eb07ac8070 JavaThread "Sweeper thread" daemon [_thread_blocked, id=27864, stack(0x000000950d600000,0x000000950d700000)]
  0x000001eb07b999e0 JavaThread "Common-Cleaner" daemon [_thread_blocked, id=4528, stack(0x000000950d700000,0x000000950d800000)]
  0x000001eb07b9bed0 JavaThread "Notification Thread" daemon [_thread_blocked, id=27168, stack(0x000000950d800000,0x000000950d900000)]
  0x000001eb2803d430 JavaThread "Daemon health stats" [_thread_in_Java, id=20440, stack(0x000000950c500000,0x000000950c600000)]
  0x000001eb27dfea60 JavaThread "Incoming local TCP Connector on port 64514" [_thread_in_native, id=29824, stack(0x000000950de00000,0x000000950df00000)]
  0x000001eb28221190 JavaThread "Daemon periodic checks" [_thread_blocked, id=15948, stack(0x000000950df00000,0x000000950e000000)]
  0x000001eb272ac820 JavaThread "Daemon" [_thread_blocked, id=27028, stack(0x000000950e000000,0x000000950e100000)]
  0x000001eb27ce9500 JavaThread "Handler for socket connection from /127.0.0.1:64514 to /127.0.0.1:64534" [_thread_in_native, id=13188, stack(0x000000950e100000,0x000000950e200000)]
  0x000001eb27cee1e0 JavaThread "Cancel handler" [_thread_blocked, id=33404, stack(0x000000950e200000,0x000000950e300000)]
  0x000001eb285bf800 JavaThread "Daemon worker" [_thread_in_Java, id=34204, stack(0x000000950e300000,0x000000950e400000)]
  0x000001eb285c2080 JavaThread "Asynchronous log dispatcher for DefaultDaemonConnection: socket connection from /127.0.0.1:64514 to /127.0.0.1:64534" [_thread_blocked, id=28528, stack(0x000000950e400000,0x000000950e500000)]
  0x000001eb285c2590 JavaThread "Stdin handler" [_thread_blocked, id=30940, stack(0x000000950e500000,0x000000950e600000)]
  0x000001eb285bfd10 JavaThread "Daemon client event forwarder" [_thread_blocked, id=15344, stack(0x000000950e600000,0x000000950e700000)]

Other Threads:
  0x000001eb0791a9c0 VMThread "VM Thread" [stack: 0x000000950cd00000,0x000000950ce00000] [id=24292]
  0x000001eb07b9e5e0 WatcherThread [stack: 0x000000950d900000,0x000000950da00000] [id=13584]
  0x000001eb69698d30 GCTaskThread "GC Thread#0" [stack: 0x000000950c800000,0x000000950c900000] [id=29008]
  0x000001eb271eb890 GCTaskThread "GC Thread#1" [stack: 0x000000950da00000,0x000000950db00000] [id=35484]
  0x000001eb07c93a00 GCTaskThread "GC Thread#2" [stack: 0x000000950db00000,0x000000950dc00000] [id=35520]
  0x000001eb271318e0 GCTaskThread "GC Thread#3" [stack: 0x000000950dc00000,0x000000950dd00000] [id=35524]
  0x000001eb277f5800 GCTaskThread "GC Thread#4" [stack: 0x000000950dd00000,0x000000950de00000] [id=13036]
  0x000001eb696aaba0 ConcurrentGCThread "G1 Main Marker" [stack: 0x000000950c900000,0x000000950ca00000] [id=21132]
  0x000001eb696ab4c0 ConcurrentGCThread "G1 Conc#0" [stack: 0x000000950ca00000,0x000000950cb00000] [id=31548]
  0x000001eb6970e240 ConcurrentGCThread "G1 Refine#0" [stack: 0x000000950cb00000,0x000000950cc00000] [id=11112]
  0x000001eb6970eb80 ConcurrentGCThread "G1 Service" [stack: 0x000000950cc00000,0x000000950cd00000] [id=31464]

Threads with active compile tasks:
C2 CompilerThread0    52065 2166       4       jdk.internal.org.objectweb.asm.Frame::execute (2305 bytes)

VM state: not at safepoint (normal execution)

VM Mutex/Monitor currently owned by a thread: None

Heap address: 0x0000000080000000, size: 2048 MB, Compressed Oops mode: 32-bit

CDS archive(s) mapped at: [0x000001eb08000000-0x000001eb08bd0000-0x000001eb08bd0000), size 12386304, SharedBaseAddress: 0x000001eb08000000, ArchiveRelocationMode: 1.
Compressed class space mapped at: 0x000001eb09000000-0x000001eb23000000, reserved size: 436207616
Narrow klass base: 0x000001eb08000000, Narrow klass shift: 0, Narrow klass range: 0x100000000

GC Precious Log:
 CPUs: 8 total, 8 available
 Memory: 7894M
 Large Page Support: Disabled
 NUMA Support: Disabled
 Compressed Oops: Enabled (32-bit)
 Heap Region Size: 1M
 Heap Min Capacity: 8M
 Heap Initial Capacity: 124M
 Heap Max Capacity: 2G
 Pre-touch: Disabled
 Parallel Workers: 8
 Concurrent Workers: 2
 Concurrent Refinement Workers: 8
 Periodic GC: Disabled

Heap:
 garbage-first heap   total 126976K, used 55737K [0x0000000080000000, 0x0000000100000000)
  region size 1024K, 46 young (47104K), 3 survivors (3072K)
 Metaspace       used 12184K, committed 12480K, reserved 491520K
  class space    used 1679K, committed 1856K, reserved 425984K

Heap Regions: E=young(eden), S=young(survivor), O=old, HS=humongous(starts), HC=humongous(continues), CS=collection set, F=free, OA=open archive, CA=closed archive, TAMS=top-at-mark-start (previous, next)
|   0|0x0000000080000000, 0x0000000080100000, 0x0000000080100000|100%|HS|  |TAMS 0x0000000080000000, 0x0000000080000000| Complete 
|   1|0x0000000080100000, 0x0000000080200000, 0x0000000080200000|100%|HC|  |TAMS 0x0000000080100000, 0x0000000080100000| Complete 
|   2|0x0000000080200000, 0x0000000080300000, 0x0000000080300000|100%|HC|  |TAMS 0x0000000080200000, 0x0000000080200000| Complete 
|   3|0x0000000080300000, 0x0000000080400000, 0x0000000080400000|100%|HC|  |TAMS 0x0000000080300000, 0x0000000080300000| Complete 
|   4|0x0000000080400000, 0x0000000080500000, 0x0000000080500000|100%| O|  |TAMS 0x0000000080400000, 0x0000000080400000| Untracked 
|   5|0x0000000080500000, 0x0000000080600000, 0x0000000080600000|100%| O|  |TAMS 0x0000000080500000, 0x0000000080500000| Untracked 
|   6|0x0000000080600000, 0x0000000080700000, 0x0000000080700000|100%| O|  |TAMS 0x0000000080600000, 0x0000000080600000| Untracked 
|   7|0x0000000080700000, 0x0000000080700000, 0x0000000080800000|  0%| F|  |TAMS 0x0000000080700000, 0x0000000080700000| Untracked 
|   8|0x0000000080800000, 0x0000000080900000, 0x0000000080900000|100%| O|  |TAMS 0x0000000080800000, 0x0000000080800000| Untracked 
|   9|0x0000000080900000, 0x0000000080a00000, 0x0000000080a00000|100%| O|  |TAMS 0x0000000080900000, 0x0000000080900000| Untracked 
|  10|0x0000000080a00000, 0x0000000080b00000, 0x0000000080b00000|100%| O|  |TAMS 0x0000000080a00000, 0x0000000080a00000| Untracked 
|  11|0x0000000080b00000, 0x0000000080b2bc00, 0x0000000080c00000| 17%| O|  |TAMS 0x0000000080b00000, 0x0000000080b00000| Untracked 
|  12|0x0000000080c00000, 0x0000000080c00000, 0x0000000080d00000|  0%| F|  |TAMS 0x0000000080c00000, 0x0000000080c00000| Untracked 
|  13|0x0000000080d00000, 0x0000000080d00000, 0x0000000080e00000|  0%| F|  |TAMS 0x0000000080d00000, 0x0000000080d00000| Untracked 
|  14|0x0000000080e00000, 0x0000000080e00000, 0x0000000080f00000|  0%| F|  |TAMS 0x0000000080e00000, 0x0000000080e00000| Untracked 
|  15|0x0000000080f00000, 0x0000000080f00000, 0x0000000081000000|  0%| F|  |TAMS 0x0000000080f00000, 0x0000000080f00000| Untracked 
|  16|0x0000000081000000, 0x0000000081000000, 0x0000000081100000|  0%| F|  |TAMS 0x0000000081000000, 0x0000000081000000| Untracked 
|  17|0x0000000081100000, 0x0000000081100000, 0x0000000081200000|  0%| F|  |TAMS 0x0000000081100000, 0x0000000081100000| Untracked 
|  18|0x0000000081200000, 0x0000000081200000, 0x0000000081300000|  0%| F|  |TAMS 0x0000000081200000, 0x0000000081200000| Untracked 
|  19|0x0000000081300000, 0x0000000081300000, 0x0000000081400000|  0%| F|  |TAMS 0x0000000081300000, 0x0000000081300000| Untracked 
|  20|0x0000000081400000, 0x0000000081400000, 0x0000000081500000|  0%| F|  |TAMS 0x0000000081400000, 0x0000000081400000| Untracked 
|  21|0x0000000081500000, 0x0000000081500000, 0x0000000081600000|  0%| F|  |TAMS 0x0000000081500000, 0x0000000081500000| Untracked 
|  22|0x0000000081600000, 0x0000000081600000, 0x0000000081700000|  0%| F|  |TAMS 0x0000000081600000, 0x0000000081600000| Untracked 
|  23|0x0000000081700000, 0x0000000081700000, 0x0000000081800000|  0%| F|  |TAMS 0x0000000081700000, 0x0000000081700000| Untracked 
|  24|0x0000000081800000, 0x0000000081800000, 0x0000000081900000|  0%| F|  |TAMS 0x0000000081800000, 0x0000000081800000| Untracked 
|  25|0x0000000081900000, 0x0000000081900000, 0x0000000081a00000|  0%| F|  |TAMS 0x0000000081900000, 0x0000000081900000| Untracked 
|  26|0x0000000081a00000, 0x0000000081a00000, 0x0000000081b00000|  0%| F|  |TAMS 0x0000000081a00000, 0x0000000081a00000| Untracked 
|  27|0x0000000081b00000, 0x0000000081b00000, 0x0000000081c00000|  0%| F|  |TAMS 0x0000000081b00000, 0x0000000081b00000| Untracked 
|  28|0x0000000081c00000, 0x0000000081c00000, 0x0000000081d00000|  0%| F|  |TAMS 0x0000000081c00000, 0x0000000081c00000| Untracked 
|  29|0x0000000081d00000, 0x0000000081d00000, 0x0000000081e00000|  0%| F|  |TAMS 0x0000000081d00000, 0x0000000081d00000| Untracked 
|  30|0x0000000081e00000, 0x0000000081e00000, 0x0000000081f00000|  0%| F|  |TAMS 0x0000000081e00000, 0x0000000081e00000| Untracked 
|  31|0x0000000081f00000, 0x0000000081f00000, 0x0000000082000000|  0%| F|  |TAMS 0x0000000081f00000, 0x0000000081f00000| Untracked 
|  32|0x0000000082000000, 0x0000000082000000, 0x0000000082100000|  0%| F|  |TAMS 0x0000000082000000, 0x0000000082000000| Untracked 
|  33|0x0000000082100000, 0x0000000082100000, 0x0000000082200000|  0%| F|  |TAMS 0x0000000082100000, 0x0000000082100000| Untracked 
|  34|0x0000000082200000, 0x0000000082200000, 0x0000000082300000|  0%| F|  |TAMS 0x0000000082200000, 0x0000000082200000| Untracked 
|  35|0x0000000082300000, 0x0000000082300000, 0x0000000082400000|  0%| F|  |TAMS 0x0000000082300000, 0x0000000082300000| Untracked 
|  36|0x0000000082400000, 0x0000000082400000, 0x0000000082500000|  0%| F|  |TAMS 0x0000000082400000, 0x0000000082400000| Untracked 
|  37|0x0000000082500000, 0x0000000082500000, 0x0000000082600000|  0%| F|  |TAMS 0x0000000082500000, 0x0000000082500000| Untracked 
|  38|0x0000000082600000, 0x0000000082600000, 0x0000000082700000|  0%| F|  |TAMS 0x0000000082600000, 0x0000000082600000| Untracked 
|  39|0x0000000082700000, 0x0000000082700000, 0x0000000082800000|  0%| F|  |TAMS 0x0000000082700000, 0x0000000082700000| Untracked 
|  40|0x0000000082800000, 0x0000000082800000, 0x0000000082900000|  0%| F|  |TAMS 0x0000000082800000, 0x0000000082800000| Untracked 
|  41|0x0000000082900000, 0x0000000082900000, 0x0000000082a00000|  0%| F|  |TAMS 0x0000000082900000, 0x0000000082900000| Untracked 
|  42|0x0000000082a00000, 0x0000000082a00000, 0x0000000082b00000|  0%| F|  |TAMS 0x0000000082a00000, 0x0000000082a00000| Untracked 
|  43|0x0000000082b00000, 0x0000000082b00000, 0x0000000082c00000|  0%| F|  |TAMS 0x0000000082b00000, 0x0000000082b00000| Untracked 
|  44|0x0000000082c00000, 0x0000000082c00000, 0x0000000082d00000|  0%| F|  |TAMS 0x0000000082c00000, 0x0000000082c00000| Untracked 
|  45|0x0000000082d00000, 0x0000000082d00000, 0x0000000082e00000|  0%| F|  |TAMS 0x0000000082d00000, 0x0000000082d00000| Untracked 
|  46|0x0000000082e00000, 0x0000000082e00000, 0x0000000082f00000|  0%| F|  |TAMS 0x0000000082e00000, 0x0000000082e00000| Untracked 
|  47|0x0000000082f00000, 0x0000000082f00000, 0x0000000083000000|  0%| F|  |TAMS 0x0000000082f00000, 0x0000000082f00000| Untracked 
|  48|0x0000000083000000, 0x0000000083000000, 0x0000000083100000|  0%| F|  |TAMS 0x0000000083000000, 0x0000000083000000| Untracked 
|  49|0x0000000083100000, 0x0000000083100000, 0x0000000083200000|  0%| F|  |TAMS 0x0000000083100000, 0x0000000083100000| Untracked 
|  50|0x0000000083200000, 0x0000000083200000, 0x0000000083300000|  0%| F|  |TAMS 0x0000000083200000, 0x0000000083200000| Untracked 
|  51|0x0000000083300000, 0x0000000083300000, 0x0000000083400000|  0%| F|  |TAMS 0x0000000083300000, 0x0000000083300000| Untracked 
|  52|0x0000000083400000, 0x0000000083400000, 0x0000000083500000|  0%| F|  |TAMS 0x0000000083400000, 0x0000000083400000| Untracked 
|  53|0x0000000083500000, 0x0000000083500000, 0x0000000083600000|  0%| F|  |TAMS 0x0000000083500000, 0x0000000083500000| Untracked 
|  54|0x0000000083600000, 0x0000000083600000, 0x0000000083700000|  0%| F|  |TAMS 0x0000000083600000, 0x0000000083600000| Untracked 
|  55|0x0000000083700000, 0x0000000083700000, 0x0000000083800000|  0%| F|  |TAMS 0x0000000083700000, 0x0000000083700000| Untracked 
|  56|0x0000000083800000, 0x0000000083800000, 0x0000000083900000|  0%| F|  |TAMS 0x0000000083800000, 0x0000000083800000| Untracked 
|  57|0x0000000083900000, 0x0000000083900000, 0x0000000083a00000|  0%| F|  |TAMS 0x0000000083900000, 0x0000000083900000| Untracked 
|  58|0x0000000083a00000, 0x0000000083a00000, 0x0000000083b00000|  0%| F|  |TAMS 0x0000000083a00000, 0x0000000083a00000| Untracked 
|  59|0x0000000083b00000, 0x0000000083b00000, 0x0000000083c00000|  0%| F|  |TAMS 0x0000000083b00000, 0x0000000083b00000| Untracked 
|  60|0x0000000083c00000, 0x0000000083c00000, 0x0000000083d00000|  0%| F|  |TAMS 0x0000000083c00000, 0x0000000083c00000| Untracked 
|  61|0x0000000083d00000, 0x0000000083d00000, 0x0000000083e00000|  0%| F|  |TAMS 0x0000000083d00000, 0x0000000083d00000| Untracked 
|  62|0x0000000083e00000, 0x0000000083e00000, 0x0000000083f00000|  0%| F|  |TAMS 0x0000000083e00000, 0x0000000083e00000| Untracked 
|  63|0x0000000083f00000, 0x0000000083f00000, 0x0000000084000000|  0%| F|  |TAMS 0x0000000083f00000, 0x0000000083f00000| Untracked 
|  64|0x0000000084000000, 0x0000000084000000, 0x0000000084100000|  0%| F|  |TAMS 0x0000000084000000, 0x0000000084000000| Untracked 
|  65|0x0000000084100000, 0x0000000084100000, 0x0000000084200000|  0%| F|  |TAMS 0x0000000084100000, 0x0000000084100000| Untracked 
|  66|0x0000000084200000, 0x0000000084200000, 0x0000000084300000|  0%| F|  |TAMS 0x0000000084200000, 0x0000000084200000| Untracked 
|  67|0x0000000084300000, 0x0000000084300000, 0x0000000084400000|  0%| F|  |TAMS 0x0000000084300000, 0x0000000084300000| Untracked 
|  68|0x0000000084400000, 0x0000000084400000, 0x0000000084500000|  0%| F|  |TAMS 0x0000000084400000, 0x0000000084400000| Untracked 
|  69|0x0000000084500000, 0x0000000084500000, 0x0000000084600000|  0%| F|  |TAMS 0x0000000084500000, 0x0000000084500000| Untracked 
|  70|0x0000000084600000, 0x0000000084600000, 0x0000000084700000|  0%| F|  |TAMS 0x0000000084600000, 0x0000000084600000| Untracked 
|  71|0x0000000084700000, 0x0000000084700000, 0x0000000084800000|  0%| F|  |TAMS 0x0000000084700000, 0x0000000084700000| Untracked 
|  72|0x0000000084800000, 0x0000000084800000, 0x0000000084900000|  0%| F|  |TAMS 0x0000000084800000, 0x0000000084800000| Untracked 
|  73|0x0000000084900000, 0x0000000084900000, 0x0000000084a00000|  0%| F|  |TAMS 0x0000000084900000, 0x0000000084900000| Untracked 
|  74|0x0000000084a00000, 0x0000000084a00000, 0x0000000084b00000|  0%| F|  |TAMS 0x0000000084a00000, 0x0000000084a00000| Untracked 
|  75|0x0000000084b00000, 0x0000000084b00000, 0x0000000084c00000|  0%| F|  |TAMS 0x0000000084b00000, 0x0000000084b00000| Untracked 
|  76|0x0000000084c00000, 0x0000000084c00000, 0x0000000084d00000|  0%| F|  |TAMS 0x0000000084c00000, 0x0000000084c00000| Untracked 
|  77|0x0000000084d00000, 0x0000000084d00000, 0x0000000084e00000|  0%| F|  |TAMS 0x0000000084d00000, 0x0000000084d00000| Untracked 
|  78|0x0000000084e00000, 0x0000000084e811e0, 0x0000000084f00000| 50%| E|  |TAMS 0x0000000084e00000, 0x0000000084e00000| Complete 
|  79|0x0000000084f00000, 0x0000000085000000, 0x0000000085000000|100%| E|CS|TAMS 0x0000000084f00000, 0x0000000084f00000| Complete 
|  80|0x0000000085000000, 0x0000000085100000, 0x0000000085100000|100%| E|CS|TAMS 0x0000000085000000, 0x0000000085000000| Complete 
|  81|0x0000000085100000, 0x0000000085200000, 0x0000000085200000|100%| E|CS|TAMS 0x0000000085100000, 0x0000000085100000| Complete 
|  82|0x0000000085200000, 0x0000000085300000, 0x0000000085300000|100%| E|CS|TAMS 0x0000000085200000, 0x0000000085200000| Complete 
|  83|0x0000000085300000, 0x0000000085400000, 0x0000000085400000|100%| E|CS|TAMS 0x0000000085300000, 0x0000000085300000| Complete 
|  84|0x0000000085400000, 0x0000000085500000, 0x0000000085500000|100%| E|CS|TAMS 0x0000000085400000, 0x0000000085400000| Complete 
|  85|0x0000000085500000, 0x0000000085600000, 0x0000000085600000|100%| E|CS|TAMS 0x0000000085500000, 0x0000000085500000| Complete 
|  86|0x0000000085600000, 0x0000000085700000, 0x0000000085700000|100%| E|CS|TAMS 0x0000000085600000, 0x0000000085600000| Complete 
|  87|0x0000000085700000, 0x0000000085800000, 0x0000000085800000|100%| E|CS|TAMS 0x0000000085700000, 0x0000000085700000| Complete 
|  88|0x0000000085800000, 0x0000000085900000, 0x0000000085900000|100%| E|CS|TAMS 0x0000000085800000, 0x0000000085800000| Complete 
|  89|0x0000000085900000, 0x0000000085a00000, 0x0000000085a00000|100%| E|CS|TAMS 0x0000000085900000, 0x0000000085900000| Complete 
|  90|0x0000000085a00000, 0x0000000085b00000, 0x0000000085b00000|100%| E|CS|TAMS 0x0000000085a00000, 0x0000000085a00000| Complete 
|  91|0x0000000085b00000, 0x0000000085c00000, 0x0000000085c00000|100%| E|CS|TAMS 0x0000000085b00000, 0x0000000085b00000| Complete 
|  92|0x0000000085c00000, 0x0000000085c42960, 0x0000000085d00000| 26%| S|CS|TAMS 0x0000000085c00000, 0x0000000085c00000| Complete 
|  93|0x0000000085d00000, 0x0000000085e00000, 0x0000000085e00000|100%| S|CS|TAMS 0x0000000085d00000, 0x0000000085d00000| Complete 
|  94|0x0000000085e00000, 0x0000000085f00000, 0x0000000085f00000|100%| S|CS|TAMS 0x0000000085e00000, 0x0000000085e00000| Complete 
|  95|0x0000000085f00000, 0x0000000086000000, 0x0000000086000000|100%| E|CS|TAMS 0x0000000085f00000, 0x0000000085f00000| Complete 
|  96|0x0000000086000000, 0x0000000086100000, 0x0000000086100000|100%| E|CS|TAMS 0x0000000086000000, 0x0000000086000000| Complete 
|  97|0x0000000086100000, 0x0000000086200000, 0x0000000086200000|100%| E|CS|TAMS 0x0000000086100000, 0x0000000086100000| Complete 
|  98|0x0000000086200000, 0x0000000086300000, 0x0000000086300000|100%| E|CS|TAMS 0x0000000086200000, 0x0000000086200000| Complete 
|  99|0x0000000086300000, 0x0000000086400000, 0x0000000086400000|100%| E|CS|TAMS 0x0000000086300000, 0x0000000086300000| Complete 
| 100|0x0000000086400000, 0x0000000086500000, 0x0000000086500000|100%| E|CS|TAMS 0x0000000086400000, 0x0000000086400000| Complete 
| 101|0x0000000086500000, 0x0000000086600000, 0x0000000086600000|100%| E|CS|TAMS 0x0000000086500000, 0x0000000086500000| Complete 
| 102|0x0000000086600000, 0x0000000086700000, 0x0000000086700000|100%| E|CS|TAMS 0x0000000086600000, 0x0000000086600000| Complete 
| 103|0x0000000086700000, 0x0000000086800000, 0x0000000086800000|100%| E|CS|TAMS 0x0000000086700000, 0x0000000086700000| Complete 
| 104|0x0000000086800000, 0x0000000086900000, 0x0000000086900000|100%| E|CS|TAMS 0x0000000086800000, 0x0000000086800000| Complete 
| 105|0x0000000086900000, 0x0000000086a00000, 0x0000000086a00000|100%| E|CS|TAMS 0x0000000086900000, 0x0000000086900000| Complete 
| 106|0x0000000086a00000, 0x0000000086b00000, 0x0000000086b00000|100%| E|CS|TAMS 0x0000000086a00000, 0x0000000086a00000| Complete 
| 107|0x0000000086b00000, 0x0000000086c00000, 0x0000000086c00000|100%| E|CS|TAMS 0x0000000086b00000, 0x0000000086b00000| Complete 
| 108|0x0000000086c00000, 0x0000000086d00000, 0x0000000086d00000|100%| E|CS|TAMS 0x0000000086c00000, 0x0000000086c00000| Complete 
| 109|0x0000000086d00000, 0x0000000086e00000, 0x0000000086e00000|100%| E|CS|TAMS 0x0000000086d00000, 0x0000000086d00000| Complete 
| 110|0x0000000086e00000, 0x0000000086f00000, 0x0000000086f00000|100%| E|CS|TAMS 0x0000000086e00000, 0x0000000086e00000| Complete 
| 111|0x0000000086f00000, 0x0000000087000000, 0x0000000087000000|100%| E|CS|TAMS 0x0000000086f00000, 0x0000000086f00000| Complete 
| 112|0x0000000087000000, 0x0000000087100000, 0x0000000087100000|100%| E|CS|TAMS 0x0000000087000000, 0x0000000087000000| Complete 
| 113|0x0000000087100000, 0x0000000087200000, 0x0000000087200000|100%| E|CS|TAMS 0x0000000087100000, 0x0000000087100000| Complete 
| 114|0x0000000087200000, 0x0000000087300000, 0x0000000087300000|100%| E|CS|TAMS 0x0000000087200000, 0x0000000087200000| Complete 
| 115|0x0000000087300000, 0x0000000087400000, 0x0000000087400000|100%| E|CS|TAMS 0x0000000087300000, 0x0000000087300000| Complete 
| 116|0x0000000087400000, 0x0000000087500000, 0x0000000087500000|100%| E|CS|TAMS 0x0000000087400000, 0x0000000087400000| Complete 
| 117|0x0000000087500000, 0x0000000087600000, 0x0000000087600000|100%| E|CS|TAMS 0x0000000087500000, 0x0000000087500000| Complete 
| 118|0x0000000087600000, 0x0000000087700000, 0x0000000087700000|100%| E|CS|TAMS 0x0000000087600000, 0x0000000087600000| Complete 
| 119|0x0000000087700000, 0x0000000087800000, 0x0000000087800000|100%| E|CS|TAMS 0x0000000087700000, 0x0000000087700000| Complete 
| 120|0x0000000087800000, 0x0000000087900000, 0x0000000087900000|100%| E|CS|TAMS 0x0000000087800000, 0x0000000087800000| Complete 
| 121|0x0000000087900000, 0x0000000087a00000, 0x0000000087a00000|100%| E|CS|TAMS 0x0000000087900000, 0x0000000087900000| Complete 
| 122|0x0000000087a00000, 0x0000000087b00000, 0x0000000087b00000|100%| E|CS|TAMS 0x0000000087a00000, 0x0000000087a00000| Complete 
| 123|0x0000000087b00000, 0x0000000087c00000, 0x0000000087c00000|100%| E|CS|TAMS 0x0000000087b00000, 0x0000000087b00000| Complete 

Card table byte_map: [0x000001eb00730000,0x000001eb00b30000] _byte_map_base: 0x000001eb00330000

Marking Bits (Prev, Next): (CMBitMap*) 0x000001eb6969a270, (CMBitMap*) 0x000001eb6969a2b0
 Prev Bits: [0x000001eb00f30000, 0x000001eb02f30000)
 Next Bits: [0x000001eb02f30000, 0x000001eb04f30000)

Polling page: 0x000001eb68e10000

Metaspace:

Usage:
  Non-class:     10.26 MB used.
      Class:      1.64 MB used.
       Both:     11.90 MB used.

Virtual space:
  Non-class space:       64.00 MB reserved,      10.38 MB ( 16%) committed,  1 nodes.
      Class space:      416.00 MB reserved,       1.81 MB ( <1%) committed,  1 nodes.
             Both:      480.00 MB reserved,      12.19 MB (  3%) committed. 

Chunk freelists:
   Non-Class:  4.72 MB
       Class:  14.17 MB
        Both:  18.89 MB

MaxMetaspaceSize: 512.00 MB
CompressedClassSpaceSize: 416.00 MB
Initial GC threshold: 21.00 MB
Current GC threshold: 21.00 MB
CDS: on
MetaspaceReclaimPolicy: balanced
 - commit_granule_bytes: 65536.
 - commit_granule_words: 8192.
 - virtual_space_node_default_size: 8388608.
 - enlarge_chunks_in_place: 1.
 - new_chunks_are_fully_committed: 0.
 - uncommit_free_chunks: 1.
 - use_allocation_guard: 0.
 - handle_deallocations: 1.


Internal statistics:

num_allocs_failed_limit: 0.
num_arena_births: 178.
num_arena_deaths: 0.
num_vsnodes_births: 2.
num_vsnodes_deaths: 0.
num_space_committed: 195.
num_space_uncommitted: 0.
num_chunks_returned_to_freelist: 0.
num_chunks_taken_from_freelist: 515.
num_chunk_merges: 0.
num_chunk_splits: 357.
num_chunks_enlarged: 278.
num_inconsistent_stats: 0.

CodeHeap 'non-profiled nmethods': size=120000Kb used=1059Kb max_used=1059Kb free=118940Kb
 bounds [0x000001eb789d0000, 0x000001eb78c40000, 0x000001eb7ff00000]
CodeHeap 'profiled nmethods': size=120000Kb used=4421Kb max_used=4421Kb free=115579Kb
 bounds [0x000001eb70f00000, 0x000001eb71360000, 0x000001eb78430000]
CodeHeap 'non-nmethods': size=5760Kb used=1222Kb max_used=1233Kb free=4537Kb
 bounds [0x000001eb78430000, 0x000001eb786a0000, 0x000001eb789d0000]
 total_blobs=2708 nmethods=2195 adapters=425
 compilation: enabled
              stopped_count=0, restarted_count=0
 full_count=0

Compilation events (20 events):
Event: 51.540 Thread 0x000001eb0793f020 2179       3       java.lang.invoke.LambdaForm::useCount (61 bytes)
Event: 51.541 Thread 0x000001eb0793f020 nmethod 2179 0x000001eb71349590 code [0x000001eb71349760, 0x000001eb71349ac8]
Event: 51.541 Thread 0x000001eb0793f020 2180       3       java.lang.invoke.InvokerBytecodeGenerator::emitStoreInsn (21 bytes)
Event: 51.541 Thread 0x000001eb0793f020 nmethod 2180 0x000001eb71349c90 code [0x000001eb71349e40, 0x000001eb7134a098]
Event: 51.546 Thread 0x000001eb0793f020 2181       3       java.nio.ByteOrder::nativeOrder (4 bytes)
Event: 51.546 Thread 0x000001eb0793f020 nmethod 2181 0x000001eb7134a210 code [0x000001eb7134a3a0, 0x000001eb7134a498]
Event: 51.546 Thread 0x000001eb0793f020 2182       3       sun.reflect.generics.tree.ClassTypeSignature::accept (8 bytes)
Event: 51.546 Thread 0x000001eb0793f020 nmethod 2182 0x000001eb7134a510 code [0x000001eb7134a6c0, 0x000001eb7134a868]
Event: 51.546 Thread 0x000001eb0793f020 2183       3       sun.reflect.generics.visitor.Reifier::visitClassTypeSignature (381 bytes)
Event: 51.549 Thread 0x000001eb0793f020 nmethod 2183 0x000001eb7134a990 code [0x000001eb7134ada0, 0x000001eb7134c9e8]
Event: 51.549 Thread 0x000001eb0793f020 2184       3       java.lang.Class::isAnnotation (17 bytes)
Event: 51.549 Thread 0x000001eb0793f020 nmethod 2184 0x000001eb7134d390 code [0x000001eb7134d520, 0x000001eb7134d6b8]
Event: 51.602 Thread 0x000001eb0793f020 2185       3       java.util.ArrayList::toArray (57 bytes)
Event: 51.603 Thread 0x000001eb0793f020 nmethod 2185 0x000001eb7134d790 code [0x000001eb7134d960, 0x000001eb7134ded8]
Event: 51.609 Thread 0x000001eb0793f020 2187       3       sun.reflect.generics.visitor.Reifier::make (9 bytes)
Event: 51.609 Thread 0x000001eb0793f020 nmethod 2187 0x000001eb7134e010 code [0x000001eb7134e1c0, 0x000001eb7134e418]
Event: 51.609 Thread 0x000001eb0793f020 2188       3       sun.reflect.generics.visitor.Reifier::<init> (10 bytes)
Event: 51.609 Thread 0x000001eb0793f020 nmethod 2188 0x000001eb7134e510 code [0x000001eb7134e6a0, 0x000001eb7134e858]
Event: 51.611 Thread 0x000001eb0793f020 2189       3       sun.reflect.generics.visitor.Reifier::getResult (26 bytes)
Event: 51.611 Thread 0x000001eb0793f020 nmethod 2189 0x000001eb7134e910 code [0x000001eb7134eaa0, 0x000001eb7134ebb8]

GC Heap History (4 events):
Event: 16.077 GC heap before
{Heap before GC invocations=0 (full 0):
 garbage-first heap   total 126976K, used 26624K [0x0000000080000000, 0x0000000100000000)
  region size 1024K, 23 young (23552K), 0 survivors (0K)
 Metaspace       used 3010K, committed 3136K, reserved 491520K
  class space    used 379K, committed 448K, reserved 425984K
}
Event: 16.219 GC heap after
{Heap after GC invocations=1 (full 0):
 garbage-first heap   total 126976K, used 10124K [0x0000000080000000, 0x0000000100000000)
  region size 1024K, 3 young (3072K), 3 survivors (3072K)
 Metaspace       used 3010K, committed 3136K, reserved 491520K
  class space    used 379K, committed 448K, reserved 425984K
}
Event: 25.377 GC heap before
{Heap before GC invocations=1 (full 0):
 garbage-first heap   total 126976K, used 37772K [0x0000000080000000, 0x0000000100000000)
  region size 1024K, 29 young (29696K), 3 survivors (3072K)
 Metaspace       used 3894K, committed 4032K, reserved 491520K
  class space    used 475K, committed 576K, reserved 425984K
}
Event: 25.384 GC heap after
{Heap after GC invocations=2 (full 0):
 garbage-first heap   total 126976K, used 12729K [0x0000000080000000, 0x0000000100000000)
  region size 1024K, 3 young (3072K), 3 survivors (3072K)
 Metaspace       used 3894K, committed 4032K, reserved 491520K
  class space    used 475K, committed 576K, reserved 425984K
}

Deoptimization events (20 events):
Event: 48.785 Thread 0x000001eb28221190 Uncommon trap: trap_request=0xffffff45 fr.pc=0x000001eb78a0a8e0 relative=0x00000000000006a0
Event: 48.786 Thread 0x000001eb28221190 Uncommon trap: reason=unstable_if action=reinterpret pc=0x000001eb78a0a8e0 method=java.lang.AbstractStringBuilder.append(Ljava/lang/String;)Ljava/lang/AbstractStringBuilder; @ 1 c2
Event: 48.786 Thread 0x000001eb28221190 DEOPT PACKING pc=0x000001eb78a0a8e0 sp=0x000000950dffe920
Event: 48.786 Thread 0x000001eb28221190 DEOPT UNPACKING pc=0x000001eb78485ba3 sp=0x000000950dffe908 mode 2
Event: 49.839 Thread 0x000001eb285bf800 Uncommon trap: trap_request=0xffffff45 fr.pc=0x000001eb78a0bce8 relative=0x0000000000000228
Event: 49.839 Thread 0x000001eb285bf800 Uncommon trap: reason=unstable_if action=reinterpret pc=0x000001eb78a0bce8 method=java.util.HashMap.getNode(Ljava/lang/Object;)Ljava/util/HashMap$Node; @ 66 c2
Event: 49.839 Thread 0x000001eb285bf800 DEOPT PACKING pc=0x000001eb78a0bce8 sp=0x000000950e3fc4b0
Event: 49.839 Thread 0x000001eb285bf800 DEOPT UNPACKING pc=0x000001eb78485ba3 sp=0x000000950e3fc430 mode 2
Event: 49.839 Thread 0x000001eb285bf800 Uncommon trap: trap_request=0xffffffc6 fr.pc=0x000001eb78ac13ec relative=0x0000000000000fcc
Event: 49.839 Thread 0x000001eb285bf800 Uncommon trap: reason=bimorphic_or_optimized_type_check action=maybe_recompile pc=0x000001eb78ac13ec method=java.util.HashMap.putVal(ILjava/lang/Object;Ljava/lang/Object;ZZ)Ljava/lang/Object; @ 91 c2
Event: 49.839 Thread 0x000001eb285bf800 DEOPT PACKING pc=0x000001eb78ac13ec sp=0x000000950e3fc470
Event: 49.839 Thread 0x000001eb285bf800 DEOPT UNPACKING pc=0x000001eb78485ba3 sp=0x000000950e3fc410 mode 2
Event: 49.840 Thread 0x000001eb285bf800 Uncommon trap: trap_request=0xffffffc6 fr.pc=0x000001eb78ac13ec relative=0x0000000000000fcc
Event: 49.840 Thread 0x000001eb285bf800 Uncommon trap: reason=bimorphic_or_optimized_type_check action=maybe_recompile pc=0x000001eb78ac13ec method=java.util.HashMap.putVal(ILjava/lang/Object;Ljava/lang/Object;ZZ)Ljava/lang/Object; @ 91 c2
Event: 49.840 Thread 0x000001eb285bf800 DEOPT PACKING pc=0x000001eb78ac13ec sp=0x000000950e3fc470
Event: 49.840 Thread 0x000001eb285bf800 DEOPT UNPACKING pc=0x000001eb78485ba3 sp=0x000000950e3fc410 mode 2
Event: 49.954 Thread 0x000001eb285bf800 Uncommon trap: trap_request=0xffffff45 fr.pc=0x000001eb78a91cec relative=0x00000000000003ac
Event: 49.954 Thread 0x000001eb285bf800 Uncommon trap: reason=unstable_if action=reinterpret pc=0x000001eb78a91cec method=java.util.concurrent.ConcurrentHashMap.get(Ljava/lang/Object;)Ljava/lang/Object; @ 76 c2
Event: 49.954 Thread 0x000001eb285bf800 DEOPT PACKING pc=0x000001eb78a91cec sp=0x000000950e3fb960
Event: 49.954 Thread 0x000001eb285bf800 DEOPT UNPACKING pc=0x000001eb78485ba3 sp=0x000000950e3fb8d8 mode 2

Classes unloaded (0 events):
No events

Classes redefined (0 events):
No events

Internal exceptions (20 events):
Event: 15.186 Thread 0x000001eb6963df80 Exception <a 'java/lang/NoSuchMethodError'{0x0000000086a74ab0}: 'java.lang.Object java.lang.invoke.Invokers$Holder.invokeExact_MT(java.lang.Object, java.lang.Object, java.lang.Object, java.lang.Object)'> (0x0000000086a74ab0) 
thrown [s\open\src\hotspot\share\interpreter\linkResolver.cpp, line 759]
Event: 16.313 Thread 0x000001eb6963df80 Exception <a 'java/lang/NoSuchMethodError'{0x00000000879f3c18}: 'void java.lang.invoke.DirectMethodHandle$Holder.invokeInterface(java.lang.Object, java.lang.Object, java.lang.Object)'> (0x00000000879f3c18) 
thrown [s\open\src\hotspot\share\interpreter\linkResolver.cpp, line 759]
Event: 32.540 Thread 0x000001eb6963df80 Exception <a 'java/lang/NoSuchMethodError'{0x0000000086dc9240}: 'java.lang.Object java.lang.invoke.DirectMethodHandle$Holder.invokeStaticInit(java.lang.Object)'> (0x0000000086dc9240) 
thrown [s\open\src\hotspot\share\interpreter\linkResolver.cpp, line 759]
Event: 32.900 Thread 0x000001eb6963df80 Exception <a 'java/lang/NoSuchMethodError'{0x0000000086c25878}: 'java.lang.Object java.lang.invoke.DirectMethodHandle$Holder.invokeInterface(java.lang.Object, java.lang.Object)'> (0x0000000086c25878) 
thrown [s\open\src\hotspot\share\interpreter\linkResolver.cpp, line 759]
Event: 33.543 Thread 0x000001eb6963df80 Exception <a 'java/lang/NoSuchMethodError'{0x0000000086723210}: 'java.lang.Object java.lang.invoke.DirectMethodHandle$Holder.invokeStaticInit(java.lang.Object, int, int, int, int)'> (0x0000000086723210) 
thrown [s\open\src\hotspot\share\interpreter\linkResolver.cpp, line 759]
Event: 34.524 Thread 0x000001eb6963df80 Exception <a 'java/lang/NoSuchMethodError'{0x0000000086613dd0}: 'java.lang.Object java.lang.invoke.DirectMethodHandle$Holder.invokeStaticInit(java.lang.Object, java.lang.Object, int, int, int, int)'> (0x0000000086613dd0) 
thrown [s\open\src\hotspot\share\interpreter\linkResolver.cpp, line 759]
Event: 36.545 Thread 0x000001eb6963df80 Exception <a 'java/lang/NoSuchMethodError'{0x000000008657d1c0}: 'void java.lang.invoke.DirectMethodHandle$Holder.invokeStatic(java.lang.Object, java.lang.Object, java.lang.Object)'> (0x000000008657d1c0) 
thrown [s\open\src\hotspot\share\interpreter\linkResolver.cpp, line 759]
Event: 37.905 Thread 0x000001eb6963df80 Exception <a 'java/io/IOException'{0x0000000086444d28}> (0x0000000086444d28) 
thrown [s\open\src\hotspot\share\prims\jni.cpp, line 516]
Event: 48.062 Thread 0x000001eb285bf800 Exception <a 'java/lang/NoSuchMethodError'{0x0000000085a43f00}: 'long java.lang.invoke.DirectMethodHandle$Holder.invokeInterface(java.lang.Object, java.lang.Object)'> (0x0000000085a43f00) 
thrown [s\open\src\hotspot\share\interpreter\linkResolver.cpp, line 759]
Event: 48.073 Thread 0x000001eb285bf800 Exception <a 'java/lang/NoSuchMethodError'{0x0000000085a85db8}: 'java.lang.Object java.lang.invoke.DirectMethodHandle$Holder.invokeVirtual(java.lang.Object, java.lang.Object, java.lang.Object)'> (0x0000000085a85db8) 
thrown [s\open\src\hotspot\share\interpreter\linkResolver.cpp, line 759]
Event: 48.785 Thread 0x000001eb28221190 Implicit null exception at 0x000001eb78a25172 to 0x000001eb78a257b0
Event: 48.785 Thread 0x000001eb28221190 Implicit null exception at 0x000001eb78a0a272 to 0x000001eb78a0a8c8
Event: 49.941 Thread 0x000001eb285bf800 Exception <a 'java/lang/NoSuchMethodError'{0x00000000855a1d28}: 'java.lang.Object java.lang.invoke.DirectMethodHandle$Holder.newInvokeSpecial(java.lang.Object, java.lang.Object, java.lang.Object, java.lang.Object, java.lang.Object)'> (0x00000000855a1d28) 
thrown [s\open\src\hotspot\share\interpreter\linkResolver.cpp, line 759]
Event: 50.191 Thread 0x000001eb285bf800 Exception <a 'java/lang/NoSuchMethodError'{0x00000000853c8660}: 'void java.lang.invoke.DirectMethodHandle$Holder.invokeSpecial(java.lang.Object, java.lang.Object, java.lang.Object)'> (0x00000000853c8660) 
thrown [s\open\src\hotspot\share\interpreter\linkResolver.cpp, line 759]
Event: 50.432 Thread 0x000001eb285bf800 Exception <a 'java/lang/NoSuchMethodError'{0x000000008524aa90}: 'java.lang.Object java.lang.invoke.DirectMethodHandle$Holder.newInvokeSpecial(java.lang.Object, java.lang.Object, java.lang.Object, java.lang.Object, java.lang.Object, java.lang.Object)'> (0x000000008524aa90) 
thrown [s\open\src\hotspot\share\interpreter\linkResolver.cpp, line 759]
Event: 50.435 Thread 0x000001eb285bf800 Exception <a 'java/lang/NoSuchMethodError'{0x0000000085257ab0}: 'void java.lang.invoke.DirectMethodHandle$Holder.invokeSpecial(java.lang.Object, java.lang.Object, java.lang.Object, java.lang.Object, java.lang.Object)'> (0x0000000085257ab0) 
thrown [s\open\src\hotspot\share\interpreter\linkResolver.cpp, line 759]
Event: 51.522 Thread 0x000001eb285bf800 Exception <a 'java/lang/NoSuchMethodError'{0x00000000850e38c0}: 'void java.lang.invoke.DelegatingMethodHandle$Holder.reinvoke_L(java.lang.Object, java.lang.Object, java.lang.Object, java.lang.Object, java.lang.Object, java.lang.Object, java.lang.Object, java.lang.Object, java.lang.Object, java.lang.Object, java.lang.Object)'> (0x00000000850e38c0) 
thrown [s\open\src\hotspot\share\interpreter\linkResolver.cpp, line 759]
Event: 51.523 Thread 0x000001eb285bf800 Exception <a 'java/lang/NoSuchMethodError'{0x00000000850ec3c0}: 'java.lang.Object java.lang.invoke.DirectMethodHandle$Holder.invokeSpecial(java.lang.Object, java.lang.Object, java.lang.Object, java.lang.Object, java.lang.Object, java.lang.Object, java.lang.Object, java.lang.Object, java.lang.Object, java.lang.Object, java.lang.Object)'> (0x00000000850ec3c0) 
thrown [s\open\src\hotspot\share\interpreter\linkResolver.cpp, line 759]
Event: 51.523 Thread 0x000001eb285bf800 Exception <a 'java/lang/NoSuchMethodError'{0x00000000850f0e88}: 'java.lang.Object java.lang.invoke.Invokers$Holder.invoker(java.lang.Object, java.lang.Object, java.lang.Object, java.lang.Object, java.lang.Object, java.lang.Object, java.lang.Object, java.lang.Object, java.lang.Object, java.lang.Object, java.lang.Object)'> (0x00000000850f0e88) 
thrown [s\open\src\hotspot\share\interpreter\linkResolver.cpp, line 759]
Event: 51.524 Thread 0x000001eb285bf800 Exception <a 'java/lang/NoSuchMethodError'{0x00000000850f6c80}: 'java.lang.Object java.lang.invoke.DirectMethodHandle$Holder.invokeSpecial(java.lang.Object, java.lang.Object, java.lang.Object, java.lang.Object, java.lang.Object, java.lang.Object, java.lang.Object, java.lang.Object, java.lang.Object, java.lang.Object, java.lang.Object, java.lang.Object)'> (0x00000000850f6c80) 
thrown [s\open\src\hotspot\share\interpreter\linkResolver.cpp, line 759]

VM Operations (20 events):
Event: 37.555 Executing VM operation: Cleanup
Event: 37.806 Executing VM operation: Cleanup done
Event: 38.809 Executing VM operation: Cleanup
Event: 38.809 Executing VM operation: Cleanup done
Event: 41.919 Executing VM operation: HandshakeAllThreads
Event: 41.919 Executing VM operation: HandshakeAllThreads done
Event: 42.928 Executing VM operation: Cleanup
Event: 42.928 Executing VM operation: Cleanup done
Event: 43.936 Executing VM operation: Cleanup
Event: 43.936 Executing VM operation: Cleanup done
Event: 45.951 Executing VM operation: Cleanup
Event: 45.951 Executing VM operation: Cleanup done
Event: 47.962 Executing VM operation: Cleanup
Event: 48.050 Executing VM operation: Cleanup done
Event: 49.065 Executing VM operation: Cleanup
Event: 49.331 Executing VM operation: Cleanup done
Event: 50.340 Executing VM operation: Cleanup
Event: 50.420 Executing VM operation: Cleanup done
Event: 51.431 Executing VM operation: Cleanup
Event: 51.496 Executing VM operation: Cleanup done

Events (20 events):
Event: 49.953 loading class jdk/internal/vm/annotation/IntrinsicCandidate
Event: 49.953 loading class jdk/internal/vm/annotation/IntrinsicCandidate done
Event: 49.956 loading class java/util/stream/MatchOps$MatchKind
Event: 49.956 loading class java/util/stream/MatchOps$MatchKind done
Event: 49.956 loading class java/util/stream/MatchOps
Event: 49.956 loading class java/util/stream/MatchOps done
Event: 49.957 loading class java/util/stream/MatchOps$MatchOp
Event: 49.957 loading class java/util/stream/MatchOps$MatchOp done
Event: 49.957 loading class java/util/stream/MatchOps$BooleanTerminalSink
Event: 49.957 loading class java/util/stream/MatchOps$BooleanTerminalSink done
Event: 49.958 loading class java/util/stream/MatchOps$1MatchSink
Event: 49.958 loading class java/util/stream/MatchOps$1MatchSink done
Event: 50.459 loading class java/lang/invoke/MethodHandle$1
Event: 50.459 loading class java/lang/invoke/MethodHandle$1 done
Event: 50.463 loading class java/util/ConcurrentModificationException
Event: 50.463 loading class java/util/ConcurrentModificationException done
Event: 51.045 loading class sun/reflect/generics/scope/ConstructorScope
Event: 51.045 loading class sun/reflect/generics/scope/ConstructorScope done
Event: 51.045 loading class sun/reflect/generics/tree/VoidDescriptor
Event: 51.045 loading class sun/reflect/generics/tree/VoidDescriptor done


Dynamic libraries:
0x00007ff654010000 - 0x00007ff654020000 	C:\Program Files\Java\jdk-17\bin\java.exe
0x00007ffc41b50000 - 0x00007ffc41d48000 	C:\Windows\SYSTEM32\ntdll.dll
0x00007ffc40d10000 - 0x00007ffc40dd2000 	C:\Windows\System32\KERNEL32.DLL
0x00007ffc3f3e0000 - 0x00007ffc3f6de000 	C:\Windows\System32\KERNELBASE.dll
0x00007ffc3f9d0000 - 0x00007ffc3fad0000 	C:\Windows\System32\ucrtbase.dll
0x00007ffc08a30000 - 0x00007ffc08a49000 	C:\Program Files\Java\jdk-17\bin\jli.dll
0x00007ffc02b80000 - 0x00007ffc02b9b000 	C:\Program Files\Java\jdk-17\bin\VCRUNTIME140.dll
0x00007ffc40bf0000 - 0x00007ffc40ca1000 	C:\Windows\System32\ADVAPI32.dll
0x00007ffc402a0000 - 0x00007ffc4033e000 	C:\Windows\System32\msvcrt.dll
0x00007ffc3fbd0000 - 0x00007ffc3fc6f000 	C:\Windows\System32\sechost.dll
0x00007ffc419e0000 - 0x00007ffc41b03000 	C:\Windows\System32\RPCRT4.dll
0x00007ffc3f1f0000 - 0x00007ffc3f217000 	C:\Windows\System32\bcrypt.dll
0x00007ffc413d0000 - 0x00007ffc4156d000 	C:\Windows\System32\USER32.dll
0x00007ffc3f220000 - 0x00007ffc3f242000 	C:\Windows\System32\win32u.dll
0x00007ffc40e10000 - 0x00007ffc40e3b000 	C:\Windows\System32\GDI32.dll
0x00007ffc3f250000 - 0x00007ffc3f367000 	C:\Windows\System32\gdi32full.dll
0x00007ffc3fad0000 - 0x00007ffc3fb6d000 	C:\Windows\System32\msvcp_win.dll
0x00007ffc23aa0000 - 0x00007ffc23d3a000 	C:\Windows\WinSxS\amd64_microsoft.windows.common-controls_6595b64144ccf1df_6.0.19041.4355_none_60b8b9eb71f62e16\COMCTL32.dll
0x00007ffc34b60000 - 0x00007ffc34b6a000 	C:\Windows\SYSTEM32\VERSION.dll
0x00007ffc40de0000 - 0x00007ffc40e0f000 	C:\Windows\System32\IMM32.DLL
0x00007ffc208e0000 - 0x00007ffc208ec000 	C:\Program Files\Java\jdk-17\bin\vcruntime140_1.dll
0x00007ffbec670000 - 0x00007ffbec6fe000 	C:\Program Files\Java\jdk-17\bin\msvcp140.dll
0x00007ffbe8370000 - 0x00007ffbe8f50000 	C:\Program Files\Java\jdk-17\bin\server\jvm.dll
0x00007ffc3ffc0000 - 0x00007ffc3ffc8000 	C:\Windows\System32\PSAPI.DLL
0x00007ffc296d0000 - 0x00007ffc296f7000 	C:\Windows\SYSTEM32\WINMM.dll
0x00007ffc1c6c0000 - 0x00007ffc1c6c9000 	C:\Windows\SYSTEM32\WSOCK32.dll
0x00007ffc40ec0000 - 0x00007ffc40f2b000 	C:\Windows\System32\WS2_32.dll
0x00007ffc3d9d0000 - 0x00007ffc3d9e2000 	C:\Windows\SYSTEM32\kernel.appcore.dll
0x00007ffc1f4d0000 - 0x00007ffc1f4da000 	C:\Program Files\Java\jdk-17\bin\jimage.dll
0x00007ffc3d6e0000 - 0x00007ffc3d8c4000 	C:\Windows\SYSTEM32\DBGHELP.DLL
0x00007ffc28d30000 - 0x00007ffc28d64000 	C:\Windows\SYSTEM32\dbgcore.DLL
0x00007ffc3f6e0000 - 0x00007ffc3f762000 	C:\Windows\System32\bcryptPrimitives.dll
0x00007ffbf25d0000 - 0x00007ffbf25f5000 	C:\Program Files\Java\jdk-17\bin\java.dll
0x00007ffbea100000 - 0x00007ffbea1d7000 	C:\Program Files\Java\jdk-17\bin\jsvml.dll
0x00007ffc40470000 - 0x00007ffc40bdd000 	C:\Windows\System32\SHELL32.dll
0x00007ffc3ce60000 - 0x00007ffc3d604000 	C:\Windows\SYSTEM32\windows.storage.dll
0x00007ffc40f30000 - 0x00007ffc41283000 	C:\Windows\System32\combase.dll
0x00007ffc3eb40000 - 0x00007ffc3eb6e000 	C:\Windows\SYSTEM32\Wldp.dll
0x00007ffc3fc70000 - 0x00007ffc3fd3d000 	C:\Windows\System32\OLEAUT32.dll
0x00007ffc41290000 - 0x00007ffc4133d000 	C:\Windows\System32\SHCORE.dll
0x00007ffc40e40000 - 0x00007ffc40e95000 	C:\Windows\System32\shlwapi.dll
0x00007ffc3f120000 - 0x00007ffc3f144000 	C:\Windows\SYSTEM32\profapi.dll
0x00007ffbfd2f0000 - 0x00007ffbfd309000 	C:\Program Files\Java\jdk-17\bin\net.dll
0x00007ffc366a0000 - 0x00007ffc367ad000 	C:\Windows\SYSTEM32\WINHTTP.dll
0x00007ffc3e8b0000 - 0x00007ffc3e91a000 	C:\Windows\system32\mswsock.dll
0x00007ffbf1650000 - 0x00007ffbf1666000 	C:\Program Files\Java\jdk-17\bin\nio.dll
0x00007ffbec650000 - 0x00007ffbec668000 	C:\Program Files\Java\jdk-17\bin\zip.dll
0x00007ffc143c0000 - 0x00007ffc143d0000 	C:\Program Files\Java\jdk-17\bin\verify.dll
0x00007ffbf16a0000 - 0x00007ffbf16c7000 	C:\Users\vietp\.gradle\native\68d5fa5c4cc2d200863cafc0d521ce42e7d3e7ee720ec0a83991735586a16f82\windows-amd64\native-platform.dll
0x00007ffbea750000 - 0x00007ffbea894000 	C:\Users\vietp\.gradle\native\e376f236ea51e6404a007f0833ffe2c6e607c4080706a723a18a27aeea778392\windows-amd64\native-platform-file-events.dll
0x00007ffc372a0000 - 0x00007ffc372aa000 	C:\Program Files\Java\jdk-17\bin\management.dll
0x00007ffc1c800000 - 0x00007ffc1c80b000 	C:\Program Files\Java\jdk-17\bin\management_ext.dll
0x00007ffc3eb80000 - 0x00007ffc3eb98000 	C:\Windows\SYSTEM32\CRYPTSP.dll
0x00007ffc3e1f0000 - 0x00007ffc3e224000 	C:\Windows\system32\rsaenh.dll
0x00007ffc3f0e0000 - 0x00007ffc3f10e000 	C:\Windows\SYSTEM32\USERENV.dll
0x00007ffc3ea40000 - 0x00007ffc3ea4c000 	C:\Windows\SYSTEM32\CRYPTBASE.dll
0x00007ffc3e5b0000 - 0x00007ffc3e5eb000 	C:\Windows\SYSTEM32\IPHLPAPI.DLL
0x00007ffc3fed0000 - 0x00007ffc3fed8000 	C:\Windows\System32\NSI.dll
0x00007ffc35100000 - 0x00007ffc35117000 	C:\Windows\SYSTEM32\dhcpcsvc6.DLL
0x00007ffc35090000 - 0x00007ffc350ad000 	C:\Windows\SYSTEM32\dhcpcsvc.DLL
0x00007ffc3e5f0000 - 0x00007ffc3e6ba000 	C:\Windows\SYSTEM32\DNSAPI.dll
0x00007ffc12c60000 - 0x00007ffc12c6e000 	C:\Program Files\Java\jdk-17\bin\sunmscapi.dll
0x00007ffc3f770000 - 0x00007ffc3f8cc000 	C:\Windows\System32\CRYPT32.dll
0x00007ffc3ec90000 - 0x00007ffc3ecb7000 	C:\Windows\SYSTEM32\ncrypt.dll
0x00007ffc3ec50000 - 0x00007ffc3ec8b000 	C:\Windows\SYSTEM32\NTASN1.dll
0x00007ffc36090000 - 0x00007ffc36097000 	C:\Windows\system32\wshunix.dll

dbghelp: loaded successfully - version: 4.0.5 - missing functions: none
symbol engine: initialized successfully - sym options: 0x614 - pdb path: .;C:\Program Files\Java\jdk-17\bin;C:\Windows\SYSTEM32;C:\Windows\WinSxS\amd64_microsoft.windows.common-controls_6595b64144ccf1df_6.0.19041.4355_none_60b8b9eb71f62e16;C:\Program Files\Java\jdk-17\bin\server;C:\Users\vietp\.gradle\native\68d5fa5c4cc2d200863cafc0d521ce42e7d3e7ee720ec0a83991735586a16f82\windows-amd64;C:\Users\vietp\.gradle\native\e376f236ea51e6404a007f0833ffe2c6e607c4080706a723a18a27aeea778392\windows-amd64

VM Arguments:
jvm_args: -XX:MaxMetaspaceSize=512m --add-opens=java.base/java.util=ALL-UNNAMED --add-opens=java.base/java.lang=ALL-UNNAMED --add-opens=java.base/java.lang.invoke=ALL-UNNAMED --add-opens=java.prefs/java.util.prefs=ALL-UNNAMED --add-opens=java.base/java.nio.charset=ALL-UNNAMED --add-opens=java.base/java.net=ALL-UNNAMED --add-opens=java.base/java.util.concurrent.atomic=ALL-UNNAMED -Xmx2048m -Dfile.encoding=windows-1252 -Duser.country=US -Duser.language=en -Duser.variant 
java_command: org.gradle.launcher.daemon.bootstrap.GradleDaemon 8.0.1
java_class_path (initial): C:\Users\vietp\.gradle\wrapper\dists\gradle-8.0.1-all\aro4hu1c3oeioove7l0i4i14o\gradle-8.0.1\lib\gradle-launcher-8.0.1.jar
Launcher Type: SUN_STANDARD

[Global flags]
     intx CICompilerCount                          = 4                                         {product} {ergonomic}
   size_t CompressedClassSpaceSize                 = 436207616                                 {product} {ergonomic}
     uint ConcGCThreads                            = 2                                         {product} {ergonomic}
     uint G1ConcRefinementThreads                  = 8                                         {product} {ergonomic}
   size_t G1HeapRegionSize                         = 1048576                                   {product} {ergonomic}
    uintx GCDrainStackTargetSize                   = 64                                        {product} {ergonomic}
   size_t InitialHeapSize                          = 130023424                                 {product} {ergonomic}
   size_t MarkStackSize                            = 4194304                                   {product} {ergonomic}
   size_t MaxHeapSize                              = 2147483648                                {product} {command line}
   size_t MaxMetaspaceSize                         = 536870912                                 {product} {command line}
   size_t MaxNewSize                               = 1287651328                                {product} {ergonomic}
   size_t MinHeapDeltaBytes                        = 1048576                                   {product} {ergonomic}
   size_t MinHeapSize                              = 8388608                                   {product} {ergonomic}
    uintx NonNMethodCodeHeapSize                   = 5839372                                {pd product} {ergonomic}
    uintx NonProfiledCodeHeapSize                  = 122909434                              {pd product} {ergonomic}
    uintx ProfiledCodeHeapSize                     = 122909434                              {pd product} {ergonomic}
    uintx ReservedCodeCacheSize                    = 251658240                              {pd product} {ergonomic}
     bool SegmentedCodeCache                       = true                                      {product} {ergonomic}
   size_t SoftMaxHeapSize                          = 2147483648                             {manageable} {ergonomic}
     bool UseCompressedClassPointers               = true                           {product lp64_product} {ergonomic}
     bool UseCompressedOops                        = true                           {product lp64_product} {ergonomic}
     bool UseG1GC                                  = true                                      {product} {ergonomic}
     bool UseLargePagesIndividualAllocation        = false                                  {pd product} {ergonomic}

Logging:
Log output configuration:
 #0: stdout all=warning uptime,level,tags
 #1: stderr all=off uptime,level,tags

Environment Variables:
JAVA_HOME=C:\Program Files\Java\jdk-17
CLASSPATH=D:\UI\Harmony-Chat\android\\gradle\wrapper\gradle-wrapper.jar
PATH=D:\UI\Harmony-Chat\node_modules\.bin;D:\UI\Harmony-Chat\node_modules\.bin;D:\UI\node_modules\.bin;D:\node_modules\.bin;C:\Program Files\nodejs\node_modules\npm\node_modules\@npmcli\run-script\lib\node-gyp-bin;D:\UI\Harmony-Chat\node_modules\.bin;D:\UI\node_modules\.bin;D:\node_modules\.bin;C:\Program Files\nodejs\node_modules\npm\node_modules\@npmcli\run-script\lib\node-gyp-bin;C:\Program Files\Common Files\Oracle\Java\javapath;C:\Program Files (x86)\Common Files\Oracle\Java\java8path;C:\Program Files (x86)\Common Files\Oracle\Java\javapath;C:\Python312\Scripts\;C:\Python312\;C:\Windows\system32;C:\Windows;C:\Windows\System32\Wbem;C:\Windows\System32\WindowsPowerShell\v1.0\;C:\Windows\System32\OpenSSH\;C:\ProgramData\chocolatey\bin;C:\Program Files\Git\cmd;C:\Program Files\Cloudflare\Cloudflare WARP\;C:\Program Files\Microsoft SQL Server\150\Tools\Binn\;C:\Program Files\Microsoft SQL Server\Client SDK\ODBC\170\Tools\Binn\;C:\Program Files\Intel\Intel(R) Memory and Storage Tool\;C:\Program Files (x86)\Microsoft SQL Server\160\Tools\Binn\;C:\Program Files\Microsoft SQL Server\160\Tools\Binn\;C:\Program Files\Microsoft SQL Server\160\DTS\Binn\;C:\Program Files\Docker\Docker\resources\bin;C:\Program Files (x86)\Microsoft SQL Server\160\DTS\Binn\;C:\Program Files\OpenSSL-Win64\bin;C:\Program Files\dotnet\;C:\Program Files\Java\jdk-17\bin;C:\Users\vietp\AppData\Local\Android\Sdk\platform-tools;C:\Users\vietp\AppData\Local\Android\Sdk\emulator;C:\Users\vietp\AppData\Local\Android\Sdk\cmdline-tools\latest\bin;C:\Program Files\nodejs\;C:\poppler-24.07.0\Library\bin;C:\Program Files\Tesseract-OCR;C:\Users\vietp\AppData\Local\Android\Sdk\tools;C:\Program Files\MySQL\MySQL Shell 8.0\bin\;C:\Users\vietp\AppData\Local\Microsoft\WindowsApps;C:\Program Files\JetBrains\WebStorm 2024.1.5\bin;;C:\Program Files\JetBrains\IntelliJ IDEA 2024.1.4\bin;;C:\Users\vietp\AppData\Local\Programs\Microsoft VS Code\bin;C:\Users\vietp\AppData\Local\GitHubDesktop\bin;C:\Users\vietp\.dotnet\tools;C
USERNAME=vietp
LANG=en_US.UTF-8
OS=Windows_NT
PROCESSOR_IDENTIFIER=Intel64 Family 6 Model 140 Stepping 2, GenuineIntel



---------------  S Y S T E M  ---------------

OS:
 Windows 10 , 64 bit Build 19041 (10.0.19041.5198)
OS uptime: 20 days 16:09 hours
Hyper-V role detected

CPU: total 8 (initial active 8) (4 cores per cpu, 2 threads per core) family 6 model 140 stepping 2 microcode 0x16, cx8, cmov, fxsr, ht, mmx, 3dnowpref, sse, sse2, sse3, ssse3, sse4.1, sse4.2, popcnt, lzcnt, tsc, tscinvbit, avx, avx2, aes, erms, clmul, bmi1, bmi2, adx, avx512f, avx512dq, avx512cd, avx512bw, avx512vl, sha, fma, vzeroupper, avx512_vpopcntdq, avx512_vpclmulqdq, avx512_vaes, avx512_vnni, clflush, clflushopt, clwb, avx512_vbmi2, avx512_vbmi, hv

Memory: 4k page, system-wide physical 7894M (105M free)
TotalPageFile size 32470M (AvailPageFile size 39M)
current process WorkingSet (physical memory assigned to process): 76M, peak: 89M
current process commit charge ("private bytes"): 251M, peak: 253M

vm_info: Java HotSpot(TM) 64-Bit Server VM (17.0.12+8-LTS-286) for windows-amd64 JRE (17.0.12+8-LTS-286), built on Jun  5 2024 06:46:59 by "mach5one" with MS VC++ 17.6 (VS2022)

END.
