#
# There is insufficient memory for the Java Runtime Environment to continue.
# Native memory allocation (malloc) failed to allocate 128416 bytes for Chunk::new
# Possible reasons:
#   The system is out of physical RAM or swap space
#   The process is running with CompressedOops enabled, and the Java Heap may be blocking the growth of the native heap
# Possible solutions:
#   Reduce memory load on the system
#   Increase physical memory or swap space
#   Check if swap backing store is full
#   Decrease Java heap size (-Xmx/-Xms)
#   Decrease number of Java threads
#   Decrease Java thread stack sizes (-Xss)
#   Set larger code cache with -XX:ReservedCodeCacheSize=
#   JVM is running with Unscaled Compressed Oops mode in which the Java heap is
#     placed in the first 4GB address space. The Java Heap base address is the
#     maximum limit for the native heap growth. Please use -XX:HeapBaseMinAddress
#     to set the Java Heap base and to place the Java Heap above 4GB virtual address.
# This output file may be truncated or incomplete.
#
#  Out of Memory Error (arena.cpp:189), pid=8048, tid=14856
#
# JRE version: Java(TM) SE Runtime Environment (17.0.12+8) (build 17.0.12+8-LTS-286)
# Java VM: Java HotSpot(TM) 64-Bit Server VM (17.0.12+8-LTS-286, mixed mode, sharing, tiered, compressed oops, compressed class ptrs, g1 gc, windows-amd64)
# No core dump will be written. Minidumps are not enabled by default on client versions of Windows
#

---------------  S U M M A R Y ------------

Command Line: -XX:MaxMetaspaceSize=512m --add-opens=java.base/java.util=ALL-UNNAMED --add-opens=java.base/java.lang=ALL-UNNAMED --add-opens=java.base/java.lang.invoke=ALL-UNNAMED --add-opens=java.prefs/java.util.prefs=ALL-UNNAMED --add-opens=java.base/java.nio.charset=ALL-UNNAMED --add-opens=java.base/java.net=ALL-UNNAMED --add-opens=java.base/java.util.concurrent.atomic=ALL-UNNAMED -Xmx2048m -Dfile.encoding=windows-1252 -Duser.country=US -Duser.language=en -Duser.variant org.gradle.launcher.daemon.bootstrap.GradleDaemon 8.0.1

Host: 11th Gen Intel(R) Core(TM) i7-1195G7 @ 2.90GHz, 8 cores, 7G,  Windows 10 , 64 bit Build 19041 (10.0.19041.5198)
Time: Tue Jan 14 16:51:50 2025 SE Asia Standard Time elapsed time: 46.510741 seconds (0d 0h 0m 46s)

---------------  T H R E A D  ---------------

Current thread (0x000001426edcad20):  JavaThread "C2 CompilerThread0" daemon [_thread_in_native, id=14856, stack(0x00000041a0e00000,0x00000041a0f00000)]


Current CompileTask:
C2:  46511 3432       4       java.util.regex.Matcher::search (154 bytes)

Stack: [0x00000041a0e00000,0x00000041a0f00000]
Native frames: (J=compiled Java code, j=interpreted, Vv=VM code, C=native code)
V  [jvm.dll+0x67a04a]
V  [jvm.dll+0x7da4ed]
V  [jvm.dll+0x7dbe33]
V  [jvm.dll+0x7dc4a3]
V  [jvm.dll+0x24508f]
V  [jvm.dll+0xab773]
V  [jvm.dll+0xabd3c]
V  [jvm.dll+0x2aa52f]
V  [jvm.dll+0x581eb9]
V  [jvm.dll+0x21f422]
V  [jvm.dll+0x21f81f]
V  [jvm.dll+0x218aa0]
V  [jvm.dll+0x215b65]
V  [jvm.dll+0x1a2960]
V  [jvm.dll+0x22610b]
V  [jvm.dll+0x2242ab]
V  [jvm.dll+0x79075c]
V  [jvm.dll+0x78abea]
V  [jvm.dll+0x678f35]
C  [ucrtbase.dll+0x21bb2]
C  [KERNEL32.DLL+0x17374]
C  [ntdll.dll+0x4cc91]


---------------  P R O C E S S  ---------------

Threads class SMR info:
_java_thread_list=0x0000014274eb8980, length=34, elements={
0x0000014250bd0800, 0x000001426edb2870, 0x000001426edb3430, 0x000001426edc2f10,
0x000001426edc3ad0, 0x000001426edc85b0, 0x000001426edc9f80, 0x000001426edcad20,
0x000001426edcb7d0, 0x000001426ee03940, 0x00000142730d19f0, 0x00000142730d22e0,
0x0000014274bc7970, 0x0000014274117a00, 0x0000014273f7f0e0, 0x0000014275270010,
0x00000142752704f0, 0x00000142749c50f0, 0x00000142731688e0, 0x0000014273166060,
0x0000014273168df0, 0x00000142731683d0, 0x0000014273166570, 0x0000014273169300,
0x0000014273169810, 0x0000014273166a80, 0x00000142731674a0, 0x00000142731679b0,
0x0000014275a6e710, 0x0000014275a6dcf0, 0x0000014275a6d7e0, 0x0000014275a6b470,
0x0000014275a6af60, 0x0000014275a6e200
}

Java Threads: ( => current thread )
  0x0000014250bd0800 JavaThread "main" [_thread_blocked, id=22456, stack(0x00000041a0100000,0x00000041a0200000)]
  0x000001426edb2870 JavaThread "Reference Handler" daemon [_thread_blocked, id=24700, stack(0x00000041a0800000,0x00000041a0900000)]
  0x000001426edb3430 JavaThread "Finalizer" daemon [_thread_blocked, id=22948, stack(0x00000041a0900000,0x00000041a0a00000)]
  0x000001426edc2f10 JavaThread "Signal Dispatcher" daemon [_thread_blocked, id=8212, stack(0x00000041a0a00000,0x00000041a0b00000)]
  0x000001426edc3ad0 JavaThread "Attach Listener" daemon [_thread_blocked, id=13752, stack(0x00000041a0b00000,0x00000041a0c00000)]
  0x000001426edc85b0 JavaThread "Service Thread" daemon [_thread_blocked, id=14756, stack(0x00000041a0c00000,0x00000041a0d00000)]
  0x000001426edc9f80 JavaThread "Monitor Deflation Thread" daemon [_thread_blocked, id=20852, stack(0x00000041a0d00000,0x00000041a0e00000)]
=>0x000001426edcad20 JavaThread "C2 CompilerThread0" daemon [_thread_in_native, id=14856, stack(0x00000041a0e00000,0x00000041a0f00000)]
  0x000001426edcb7d0 JavaThread "C1 CompilerThread0" daemon [_thread_blocked, id=33040, stack(0x00000041a0f00000,0x00000041a1000000)]
  0x000001426ee03940 JavaThread "Sweeper thread" daemon [_thread_blocked, id=6948, stack(0x00000041a1000000,0x00000041a1100000)]
  0x00000142730d19f0 JavaThread "Common-Cleaner" daemon [_thread_blocked, id=19244, stack(0x00000041a1100000,0x00000041a1200000)]
  0x00000142730d22e0 JavaThread "Notification Thread" daemon [_thread_blocked, id=3416, stack(0x00000041a1200000,0x00000041a1300000)]
  0x0000014274bc7970 JavaThread "Daemon health stats" [_thread_blocked, id=10416, stack(0x00000041a1800000,0x00000041a1900000)]
  0x0000014274117a00 JavaThread "Incoming local TCP Connector on port 64497" [_thread_in_native, id=25608, stack(0x00000041a1900000,0x00000041a1a00000)]
  0x0000014273f7f0e0 JavaThread "Daemon periodic checks" [_thread_blocked, id=32240, stack(0x00000041a1a00000,0x00000041a1b00000)]
  0x0000014275270010 JavaThread "Daemon" [_thread_blocked, id=30140, stack(0x00000041a1b00000,0x00000041a1c00000)]
  0x00000142752704f0 JavaThread "Handler for socket connection from /127.0.0.1:64497 to /127.0.0.1:64503" [_thread_in_native, id=8828, stack(0x00000041a1c00000,0x00000041a1d00000)]
  0x00000142749c50f0 JavaThread "Cancel handler" [_thread_blocked, id=35648, stack(0x00000041a1d00000,0x00000041a1e00000)]
  0x00000142731688e0 JavaThread "Daemon worker" [_thread_in_native, id=35340, stack(0x00000041a1e00000,0x00000041a1f00000)]
  0x0000014273166060 JavaThread "Asynchronous log dispatcher for DefaultDaemonConnection: socket connection from /127.0.0.1:64497 to /127.0.0.1:64503" [_thread_blocked, id=35712, stack(0x00000041a1f00000,0x00000041a2000000)]
  0x0000014273168df0 JavaThread "Stdin handler" [_thread_blocked, id=35548, stack(0x00000041a2000000,0x00000041a2100000)]
  0x00000142731683d0 JavaThread "Daemon client event forwarder" [_thread_blocked, id=35540, stack(0x00000041a2100000,0x00000041a2200000)]
  0x0000014273166570 JavaThread "Cache worker for journal cache (C:\Users\vietp\.gradle\caches\journal-1)" [_thread_blocked, id=30740, stack(0x00000041a2200000,0x00000041a2300000)]
  0x0000014273169300 JavaThread "File lock request listener" [_thread_in_native, id=28612, stack(0x00000041a2300000,0x00000041a2400000)]
  0x0000014273169810 JavaThread "File lock release action executor" [_thread_blocked, id=30772, stack(0x00000041a2400000,0x00000041a2500000)]
  0x0000014273166a80 JavaThread "Cache worker for file hash cache (C:\Users\vietp\.gradle\caches\8.0.1\fileHashes)" [_thread_blocked, id=10192, stack(0x00000041a2500000,0x00000041a2600000)]
  0x00000142731674a0 JavaThread "File watcher server" daemon [_thread_in_native, id=8664, stack(0x00000041a2900000,0x00000041a2a00000)]
  0x00000142731679b0 JavaThread "File watcher consumer" daemon [_thread_blocked, id=35760, stack(0x00000041a2a00000,0x00000041a2b00000)]
  0x0000014275a6e710 JavaThread "Cache worker for checksums cache (D:\UI\Harmony-Chat\android\.gradle\8.0.1\checksums)" [_thread_blocked, id=9496, stack(0x00000041a2b00000,0x00000041a2c00000)]
  0x0000014275a6dcf0 JavaThread "Cache worker for cache directory md-rule (C:\Users\vietp\.gradle\caches\8.0.1\md-rule)" [_thread_blocked, id=34064, stack(0x00000041a2c00000,0x00000041a2d00000)]
  0x0000014275a6d7e0 JavaThread "Cache worker for file content cache (C:\Users\vietp\.gradle\caches\8.0.1\fileContent)" [_thread_blocked, id=31000, stack(0x00000041a2d00000,0x00000041a2e00000)]
  0x0000014275a6b470 JavaThread "Cache worker for file hash cache (D:\UI\Harmony-Chat\android\.gradle\8.0.1\fileHashes)" [_thread_blocked, id=13284, stack(0x00000041a2e00000,0x00000041a2f00000)]
  0x0000014275a6af60 JavaThread "Cache worker for cache directory md-supplier (C:\Users\vietp\.gradle\caches\8.0.1\md-supplier)" [_thread_blocked, id=27504, stack(0x00000041a3000000,0x00000041a3100000)]
  0x0000014275a6e200 JavaThread "Cache worker for execution history cache (C:\Users\vietp\.gradle\caches\8.0.1\executionHistory)" [_thread_blocked, id=28644, stack(0x00000041a3100000,0x00000041a3200000)]

Other Threads:
  0x000001426edaad50 VMThread "VM Thread" [stack: 0x00000041a0700000,0x00000041a0800000] [id=10632]
  0x00000142730cf6c0 WatcherThread [stack: 0x00000041a1300000,0x00000041a1400000] [id=9396]
  0x0000014250c2acf0 GCTaskThread "GC Thread#0" [stack: 0x00000041a0200000,0x00000041a0300000] [id=21100]
  0x0000014273fd1a50 GCTaskThread "GC Thread#1" [stack: 0x00000041a1400000,0x00000041a1500000] [id=35516]
  0x0000014273bfe9d0 GCTaskThread "GC Thread#2" [stack: 0x00000041a1500000,0x00000041a1600000] [id=35552]
  0x0000014273bfec90 GCTaskThread "GC Thread#3" [stack: 0x00000041a1600000,0x00000041a1700000] [id=35556]
  0x0000014273d4cd90 GCTaskThread "GC Thread#4" [stack: 0x00000041a1700000,0x00000041a1800000] [id=34936]
  0x0000014275238050 GCTaskThread "GC Thread#5" [stack: 0x00000041a2600000,0x00000041a2700000] [id=27544]
  0x0000014273d0aba0 GCTaskThread "GC Thread#6" [stack: 0x00000041a2700000,0x00000041a2800000] [id=34872]
  0x000001427657d010 GCTaskThread "GC Thread#7" [stack: 0x00000041a2800000,0x00000041a2900000] [id=27960]
  0x0000014250c3bc40 ConcurrentGCThread "G1 Main Marker" [stack: 0x00000041a0300000,0x00000041a0400000] [id=17856]
  0x0000014250c3c650 ConcurrentGCThread "G1 Conc#0" [stack: 0x00000041a0400000,0x00000041a0500000] [id=14588]
  0x000001427691b8b0 ConcurrentGCThread "G1 Conc#1" [stack: 0x00000041a2f00000,0x00000041a3000000] [id=22048]
  0x0000014250c9d750 ConcurrentGCThread "G1 Refine#0" [stack: 0x00000041a0500000,0x00000041a0600000] [id=9704]
  0x0000014250c9e180 ConcurrentGCThread "G1 Service" [stack: 0x00000041a0600000,0x00000041a0700000] [id=14736]

Threads with active compile tasks:
C2 CompilerThread0    46548 3432       4       java.util.regex.Matcher::search (154 bytes)

VM state: not at safepoint (normal execution)

VM Mutex/Monitor currently owned by a thread: None

Heap address: 0x0000000080000000, size: 2048 MB, Compressed Oops mode: 32-bit

CDS archive(s) mapped at: [0x0000014200000000-0x0000014200bd0000-0x0000014200bd0000), size 12386304, SharedBaseAddress: 0x0000014200000000, ArchiveRelocationMode: 1.
Compressed class space mapped at: 0x0000014201000000-0x000001421b000000, reserved size: 436207616
Narrow klass base: 0x0000014200000000, Narrow klass shift: 0, Narrow klass range: 0x100000000

GC Precious Log:
 CPUs: 8 total, 8 available
 Memory: 7894M
 Large Page Support: Disabled
 NUMA Support: Disabled
 Compressed Oops: Enabled (32-bit)
 Heap Region Size: 1M
 Heap Min Capacity: 8M
 Heap Initial Capacity: 124M
 Heap Max Capacity: 2G
 Pre-touch: Disabled
 Parallel Workers: 8
 Concurrent Workers: 2
 Concurrent Refinement Workers: 8
 Periodic GC: Disabled

Heap:
 garbage-first heap   total 81920K, used 57327K [0x0000000080000000, 0x0000000100000000)
  region size 1024K, 38 young (38912K), 3 survivors (3072K)
 Metaspace       used 28679K, committed 29056K, reserved 491520K
  class space    used 4017K, committed 4160K, reserved 425984K

Heap Regions: E=young(eden), S=young(survivor), O=old, HS=humongous(starts), HC=humongous(continues), CS=collection set, F=free, OA=open archive, CA=closed archive, TAMS=top-at-mark-start (previous, next)
|   0|0x0000000080000000, 0x0000000080100000, 0x0000000080100000|100%|HS|  |TAMS 0x0000000080100000, 0x0000000080000000| Complete 
|   1|0x0000000080100000, 0x0000000080200000, 0x0000000080200000|100%|HC|  |TAMS 0x0000000080200000, 0x0000000080100000| Complete 
|   2|0x0000000080200000, 0x0000000080300000, 0x0000000080300000|100%|HC|  |TAMS 0x0000000080300000, 0x0000000080200000| Complete 
|   3|0x0000000080300000, 0x0000000080400000, 0x0000000080400000|100%|HC|  |TAMS 0x0000000080400000, 0x0000000080300000| Complete 
|   4|0x0000000080400000, 0x0000000080500000, 0x0000000080500000|100%| O|  |TAMS 0x0000000080500000, 0x0000000080400000| Untracked 
|   5|0x0000000080500000, 0x0000000080600000, 0x0000000080600000|100%| O|  |TAMS 0x0000000080600000, 0x0000000080500000| Untracked 
|   6|0x0000000080600000, 0x0000000080700000, 0x0000000080700000|100%| O|  |TAMS 0x0000000080700000, 0x0000000080600000| Untracked 
|   7|0x0000000080700000, 0x0000000080800000, 0x0000000080800000|100%| O|  |TAMS 0x0000000080700000, 0x0000000080700000| Untracked 
|   8|0x0000000080800000, 0x0000000080900000, 0x0000000080900000|100%| O|  |TAMS 0x0000000080900000, 0x0000000080800000| Untracked 
|   9|0x0000000080900000, 0x0000000080a00000, 0x0000000080a00000|100%| O|  |TAMS 0x0000000080a00000, 0x0000000080900000| Untracked 
|  10|0x0000000080a00000, 0x0000000080b00000, 0x0000000080b00000|100%| O|  |TAMS 0x0000000080b00000, 0x0000000080a00000| Untracked 
|  11|0x0000000080b00000, 0x0000000080c00000, 0x0000000080c00000|100%| O|  |TAMS 0x0000000080b00000, 0x0000000080b00000| Untracked 
|  12|0x0000000080c00000, 0x0000000080d00000, 0x0000000080d00000|100%| O|  |TAMS 0x0000000080c00000, 0x0000000080c00000| Untracked 
|  13|0x0000000080d00000, 0x0000000080e00000, 0x0000000080e00000|100%| O|  |TAMS 0x0000000080d00000, 0x0000000080d00000| Untracked 
|  14|0x0000000080e00000, 0x0000000080f00000, 0x0000000080f00000|100%| O|  |TAMS 0x0000000080e00000, 0x0000000080e00000| Untracked 
|  15|0x0000000080f00000, 0x0000000081000000, 0x0000000081000000|100%| O|  |TAMS 0x0000000080f00000, 0x0000000080f00000| Untracked 
|  16|0x0000000081000000, 0x0000000081100000, 0x0000000081100000|100%| O|  |TAMS 0x0000000081000000, 0x0000000081000000| Untracked 
|  17|0x0000000081100000, 0x0000000081200000, 0x0000000081200000|100%| O|  |TAMS 0x0000000081100000, 0x0000000081100000| Untracked 
|  18|0x0000000081200000, 0x0000000081300000, 0x0000000081300000|100%| O|  |TAMS 0x0000000081200000, 0x0000000081200000| Untracked 
|  19|0x0000000081300000, 0x00000000813b4e00, 0x0000000081400000| 70%| O|  |TAMS 0x0000000081300000, 0x0000000081300000| Complete 
|  20|0x0000000081400000, 0x0000000081400000, 0x0000000081500000|  0%| F|  |TAMS 0x0000000081400000, 0x0000000081400000| Untracked 
|  21|0x0000000081500000, 0x0000000081500000, 0x0000000081600000|  0%| F|  |TAMS 0x0000000081500000, 0x0000000081500000| Untracked 
|  22|0x0000000081600000, 0x0000000081600000, 0x0000000081700000|  0%| F|  |TAMS 0x0000000081600000, 0x0000000081600000| Untracked 
|  23|0x0000000081700000, 0x0000000081700000, 0x0000000081800000|  0%| F|  |TAMS 0x0000000081700000, 0x0000000081700000| Untracked 
|  24|0x0000000081800000, 0x0000000081800000, 0x0000000081900000|  0%| F|  |TAMS 0x0000000081800000, 0x0000000081800000| Untracked 
|  25|0x0000000081900000, 0x0000000081900000, 0x0000000081a00000|  0%| F|  |TAMS 0x0000000081900000, 0x0000000081900000| Untracked 
|  26|0x0000000081a00000, 0x0000000081a00000, 0x0000000081b00000|  0%| F|  |TAMS 0x0000000081a00000, 0x0000000081a00000| Untracked 
|  27|0x0000000081b00000, 0x0000000081b00000, 0x0000000081c00000|  0%| F|  |TAMS 0x0000000081b00000, 0x0000000081b00000| Untracked 
|  28|0x0000000081c00000, 0x0000000081c00000, 0x0000000081d00000|  0%| F|  |TAMS 0x0000000081c00000, 0x0000000081c00000| Untracked 
|  29|0x0000000081d00000, 0x0000000081d00000, 0x0000000081e00000|  0%| F|  |TAMS 0x0000000081d00000, 0x0000000081d00000| Untracked 
|  30|0x0000000081e00000, 0x0000000081e00000, 0x0000000081f00000|  0%| F|  |TAMS 0x0000000081e00000, 0x0000000081e00000| Untracked 
|  31|0x0000000081f00000, 0x0000000081f00000, 0x0000000082000000|  0%| F|  |TAMS 0x0000000081f00000, 0x0000000081f00000| Untracked 
|  32|0x0000000082000000, 0x0000000082000000, 0x0000000082100000|  0%| F|  |TAMS 0x0000000082000000, 0x0000000082000000| Untracked 
|  33|0x0000000082100000, 0x0000000082100000, 0x0000000082200000|  0%| F|  |TAMS 0x0000000082100000, 0x0000000082100000| Untracked 
|  34|0x0000000082200000, 0x0000000082200000, 0x0000000082300000|  0%| F|  |TAMS 0x0000000082200000, 0x0000000082200000| Untracked 
|  35|0x0000000082300000, 0x0000000082300000, 0x0000000082400000|  0%| F|  |TAMS 0x0000000082300000, 0x0000000082300000| Untracked 
|  36|0x0000000082400000, 0x0000000082400000, 0x0000000082500000|  0%| F|  |TAMS 0x0000000082400000, 0x0000000082400000| Untracked 
|  37|0x0000000082500000, 0x0000000082500000, 0x0000000082600000|  0%| F|  |TAMS 0x0000000082500000, 0x0000000082500000| Untracked 
|  38|0x0000000082600000, 0x0000000082600000, 0x0000000082700000|  0%| F|  |TAMS 0x0000000082600000, 0x0000000082600000| Untracked 
|  39|0x0000000082700000, 0x0000000082700000, 0x0000000082800000|  0%| F|  |TAMS 0x0000000082700000, 0x0000000082700000| Untracked 
|  40|0x0000000082800000, 0x0000000082800000, 0x0000000082900000|  0%| F|  |TAMS 0x0000000082800000, 0x0000000082800000| Untracked 
|  41|0x0000000082900000, 0x0000000082900000, 0x0000000082a00000|  0%| F|  |TAMS 0x0000000082900000, 0x0000000082900000| Untracked 
|  42|0x0000000082a00000, 0x0000000082b00000, 0x0000000082b00000|100%| E|  |TAMS 0x0000000082a00000, 0x0000000082a00000| Complete 
|  43|0x0000000082b00000, 0x0000000082c00000, 0x0000000082c00000|100%| E|CS|TAMS 0x0000000082b00000, 0x0000000082b00000| Complete 
|  44|0x0000000082c00000, 0x0000000082d00000, 0x0000000082d00000|100%| E|CS|TAMS 0x0000000082c00000, 0x0000000082c00000| Complete 
|  45|0x0000000082d00000, 0x0000000082e00000, 0x0000000082e00000|100%| E|CS|TAMS 0x0000000082d00000, 0x0000000082d00000| Complete 
|  46|0x0000000082e00000, 0x0000000082f00000, 0x0000000082f00000|100%| E|CS|TAMS 0x0000000082e00000, 0x0000000082e00000| Complete 
|  47|0x0000000082f00000, 0x0000000083000000, 0x0000000083000000|100%| E|CS|TAMS 0x0000000082f00000, 0x0000000082f00000| Complete 
|  48|0x0000000083000000, 0x0000000083100000, 0x0000000083100000|100%| E|CS|TAMS 0x0000000083000000, 0x0000000083000000| Complete 
|  49|0x0000000083100000, 0x0000000083200000, 0x0000000083200000|100%| E|CS|TAMS 0x0000000083100000, 0x0000000083100000| Complete 
|  50|0x0000000083200000, 0x0000000083300000, 0x0000000083300000|100%| E|CS|TAMS 0x0000000083200000, 0x0000000083200000| Complete 
|  51|0x0000000083300000, 0x0000000083400000, 0x0000000083400000|100%| E|CS|TAMS 0x0000000083300000, 0x0000000083300000| Complete 
|  52|0x0000000083400000, 0x0000000083500000, 0x0000000083500000|100%| E|CS|TAMS 0x0000000083400000, 0x0000000083400000| Complete 
|  53|0x0000000083500000, 0x0000000083600000, 0x0000000083600000|100%| E|CS|TAMS 0x0000000083500000, 0x0000000083500000| Complete 
|  54|0x0000000083600000, 0x0000000083700000, 0x0000000083700000|100%| E|CS|TAMS 0x0000000083600000, 0x0000000083600000| Complete 
|  55|0x0000000083700000, 0x0000000083800000, 0x0000000083800000|100%| E|CS|TAMS 0x0000000083700000, 0x0000000083700000| Complete 
|  56|0x0000000083800000, 0x0000000083900000, 0x0000000083900000|100%| E|CS|TAMS 0x0000000083800000, 0x0000000083800000| Complete 
|  57|0x0000000083900000, 0x0000000083a00000, 0x0000000083a00000|100%| E|CS|TAMS 0x0000000083900000, 0x0000000083900000| Complete 
|  58|0x0000000083a00000, 0x0000000083b00000, 0x0000000083b00000|100%| E|CS|TAMS 0x0000000083a00000, 0x0000000083a00000| Complete 
|  59|0x0000000083b00000, 0x0000000083c00000, 0x0000000083c00000|100%| E|CS|TAMS 0x0000000083b00000, 0x0000000083b00000| Complete 
|  60|0x0000000083c00000, 0x0000000083d00000, 0x0000000083d00000|100%| E|CS|TAMS 0x0000000083c00000, 0x0000000083c00000| Complete 
|  61|0x0000000083d00000, 0x0000000083e00000, 0x0000000083e00000|100%| E|CS|TAMS 0x0000000083d00000, 0x0000000083d00000| Complete 
|  62|0x0000000083e00000, 0x0000000083f00000, 0x0000000083f00000|100%| E|CS|TAMS 0x0000000083e00000, 0x0000000083e00000| Complete 
|  63|0x0000000083f00000, 0x0000000084000000, 0x0000000084000000|100%| E|CS|TAMS 0x0000000083f00000, 0x0000000083f00000| Complete 
|  64|0x0000000084000000, 0x0000000084100000, 0x0000000084100000|100%| E|CS|TAMS 0x0000000084000000, 0x0000000084000000| Complete 
|  65|0x0000000084100000, 0x0000000084200000, 0x0000000084200000|100%| E|CS|TAMS 0x0000000084100000, 0x0000000084100000| Complete 
|  66|0x0000000084200000, 0x0000000084300000, 0x0000000084300000|100%| E|CS|TAMS 0x0000000084200000, 0x0000000084200000| Complete 
|  67|0x0000000084300000, 0x0000000084400000, 0x0000000084400000|100%| E|CS|TAMS 0x0000000084300000, 0x0000000084300000| Complete 
|  68|0x0000000084400000, 0x0000000084500000, 0x0000000084500000|100%| E|CS|TAMS 0x0000000084400000, 0x0000000084400000| Complete 
|  69|0x0000000084500000, 0x0000000084600000, 0x0000000084600000|100%| E|CS|TAMS 0x0000000084500000, 0x0000000084500000| Complete 
|  70|0x0000000084600000, 0x0000000084700000, 0x0000000084700000|100%| E|CS|TAMS 0x0000000084600000, 0x0000000084600000| Complete 
|  71|0x0000000084700000, 0x0000000084800000, 0x0000000084800000|100%| E|CS|TAMS 0x0000000084700000, 0x0000000084700000| Complete 
|  72|0x0000000084800000, 0x0000000084900000, 0x0000000084900000|100%| E|CS|TAMS 0x0000000084800000, 0x0000000084800000| Complete 
|  73|0x0000000084900000, 0x0000000084a00000, 0x0000000084a00000|100%| E|CS|TAMS 0x0000000084900000, 0x0000000084900000| Complete 
|  74|0x0000000084a00000, 0x0000000084b00000, 0x0000000084b00000|100%| E|CS|TAMS 0x0000000084a00000, 0x0000000084a00000| Complete 
|  75|0x0000000084b00000, 0x0000000084c00000, 0x0000000084c00000|100%| E|CS|TAMS 0x0000000084b00000, 0x0000000084b00000| Complete 
|  89|0x0000000085900000, 0x00000000859470c0, 0x0000000085a00000| 27%| S|CS|TAMS 0x0000000085900000, 0x0000000085900000| Complete 
|  90|0x0000000085a00000, 0x0000000085b00000, 0x0000000085b00000|100%| S|CS|TAMS 0x0000000085a00000, 0x0000000085a00000| Complete 
|  91|0x0000000085b00000, 0x0000000085c00000, 0x0000000085c00000|100%| S|CS|TAMS 0x0000000085b00000, 0x0000000085b00000| Complete 
| 123|0x0000000087b00000, 0x0000000087c00000, 0x0000000087c00000|100%| E|CS|TAMS 0x0000000087b00000, 0x0000000087b00000| Complete 

Card table byte_map: [0x0000014267bc0000,0x0000014267fc0000] _byte_map_base: 0x00000142677c0000

Marking Bits (Prev, Next): (CMBitMap*) 0x0000014250c2b350, (CMBitMap*) 0x0000014250c2b310
 Prev Bits: [0x000001426a3c0000, 0x000001426c3c0000)
 Next Bits: [0x00000142683c0000, 0x000001426a3c0000)

Polling page: 0x000001424eb10000

Metaspace:

Usage:
  Non-class:     24.08 MB used.
      Class:      3.92 MB used.
       Both:     28.01 MB used.

Virtual space:
  Non-class space:       64.00 MB reserved,      24.31 MB ( 38%) committed,  1 nodes.
      Class space:      416.00 MB reserved,       4.06 MB ( <1%) committed,  1 nodes.
             Both:      480.00 MB reserved,      28.38 MB (  6%) committed. 

Chunk freelists:
   Non-Class:  6.84 MB
       Class:  11.89 MB
        Both:  18.73 MB

MaxMetaspaceSize: 512.00 MB
CompressedClassSpaceSize: 416.00 MB
Initial GC threshold: 21.00 MB
Current GC threshold: 35.12 MB
CDS: on
MetaspaceReclaimPolicy: balanced
 - commit_granule_bytes: 65536.
 - commit_granule_words: 8192.
 - virtual_space_node_default_size: 8388608.
 - enlarge_chunks_in_place: 1.
 - new_chunks_are_fully_committed: 0.
 - uncommit_free_chunks: 1.
 - use_allocation_guard: 0.
 - handle_deallocations: 1.


Internal statistics:

num_allocs_failed_limit: 3.
num_arena_births: 294.
num_arena_deaths: 0.
num_vsnodes_births: 2.
num_vsnodes_deaths: 0.
num_space_committed: 454.
num_space_uncommitted: 0.
num_chunks_returned_to_freelist: 3.
num_chunks_taken_from_freelist: 1269.
num_chunk_merges: 3.
num_chunk_splits: 869.
num_chunks_enlarged: 633.
num_inconsistent_stats: 0.

CodeHeap 'non-profiled nmethods': size=120000Kb used=1929Kb max_used=1929Kb free=118070Kb
 bounds [0x000001425ff60000, 0x00000142601d0000, 0x0000014267490000]
CodeHeap 'profiled nmethods': size=120000Kb used=7204Kb max_used=7204Kb free=112795Kb
 bounds [0x0000014258490000, 0x0000014258ba0000, 0x000001425f9c0000]
CodeHeap 'non-nmethods': size=5760Kb used=1592Kb max_used=1608Kb free=4167Kb
 bounds [0x000001425f9c0000, 0x000001425fc30000, 0x000001425ff60000]
 total_blobs=4133 nmethods=3489 adapters=556
 compilation: enabled
              stopped_count=0, restarted_count=0
 full_count=0

Compilation events (20 events):
Event: 46.432 Thread 0x000001426edcb7d0 3427       1       java.nio.file.FileTreeWalker$Event::ioeException (5 bytes)
Event: 46.432 Thread 0x000001426edcb7d0 nmethod 3427 0x0000014260141890 code [0x0000014260141a20, 0x0000014260141af8]
Event: 46.432 Thread 0x000001426edcb7d0 3428       3       java.util.regex.Pattern::Single (7 bytes)
Event: 46.432 Thread 0x000001426edcb7d0 nmethod 3428 0x0000014258b6bc90 code [0x0000014258b6be80, 0x0000014258b6c5a8]
Event: 46.432 Thread 0x000001426edcb7d0 3430       3       java.util.Arrays::copyOf (19 bytes)
Event: 46.433 Thread 0x000001426edcb7d0 nmethod 3430 0x0000014258b6c790 code [0x0000014258b6c940, 0x0000014258b6cc28]
Event: 46.433 Thread 0x000001426edcb7d0 3429       3       java.util.regex.Pattern$$Lambda$19/0x800000025::<init> (10 bytes)
Event: 46.433 Thread 0x000001426edcb7d0 nmethod 3429 0x0000014258b6cd90 code [0x0000014258b6cf20, 0x0000014258b6d098]
Event: 46.434 Thread 0x000001426edcb7d0 3431       3       java.util.regex.Pattern::single (82 bytes)
Event: 46.434 Thread 0x000001426edcb7d0 nmethod 3431 0x0000014258b6d190 code [0x0000014258b6d4c0, 0x0000014258b6e998]
Event: 46.434 Thread 0x000001426edcb7d0 3433       3       java.lang.Math::multiplyExact (27 bytes)
Event: 46.435 Thread 0x000001426edcb7d0 nmethod 3433 0x0000014258b6ef10 code [0x0000014258b6f0c0, 0x0000014258b6f2c8]
Event: 46.435 Thread 0x000001426edcb7d0 3434       3       java.util.concurrent.TimeUnit::convert (77 bytes)
Event: 46.435 Thread 0x000001426edcb7d0 nmethod 3434 0x0000014258b6f390 code [0x0000014258b6f5a0, 0x0000014258b6f968]
Event: 46.435 Thread 0x000001426edcb7d0 3435       3       java.util.Arrays::equals (43 bytes)
Event: 46.435 Thread 0x000001426edcb7d0 nmethod 3435 0x0000014258b6fb10 code [0x0000014258b6fce0, 0x0000014258b6ffc8]
Event: 46.435 Thread 0x000001426edcb7d0 3436       3       java.util.concurrent.locks.ReentrantReadWriteLock::readLock (5 bytes)
Event: 46.436 Thread 0x000001426edcb7d0 nmethod 3436 0x0000014258b70090 code [0x0000014258b70220, 0x0000014258b70358]
Event: 46.436 Thread 0x000001426edcad20 nmethod 3389 0x0000014260141b90 code [0x0000014260141d20, 0x00000142601421d8]
Event: 46.436 Thread 0x000001426edcad20 3432       4       java.util.regex.Matcher::search (154 bytes)

GC Heap History (8 events):
Event: 11.655 GC heap before
{Heap before GC invocations=0 (full 0):
 garbage-first heap   total 126976K, used 26624K [0x0000000080000000, 0x0000000100000000)
  region size 1024K, 23 young (23552K), 0 survivors (0K)
 Metaspace       used 3034K, committed 3200K, reserved 491520K
  class space    used 379K, committed 448K, reserved 425984K
}
Event: 11.831 GC heap after
{Heap after GC invocations=1 (full 0):
 garbage-first heap   total 126976K, used 10048K [0x0000000080000000, 0x0000000100000000)
  region size 1024K, 3 young (3072K), 3 survivors (3072K)
 Metaspace       used 3034K, committed 3200K, reserved 491520K
  class space    used 379K, committed 448K, reserved 425984K
}
Event: 20.414 GC heap before
{Heap before GC invocations=1 (full 0):
 garbage-first heap   total 126976K, used 38720K [0x0000000080000000, 0x0000000100000000)
  region size 1024K, 30 young (30720K), 3 survivors (3072K)
 Metaspace       used 3941K, committed 4096K, reserved 491520K
  class space    used 474K, committed 576K, reserved 425984K
}
Event: 20.423 GC heap after
{Heap after GC invocations=2 (full 0):
 garbage-first heap   total 126976K, used 13447K [0x0000000080000000, 0x0000000100000000)
  region size 1024K, 4 young (4096K), 4 survivors (4096K)
 Metaspace       used 3941K, committed 4096K, reserved 491520K
  class space    used 474K, committed 576K, reserved 425984K
}
Event: 36.332 GC heap before
{Heap before GC invocations=2 (full 0):
 garbage-first heap   total 126976K, used 85127K [0x0000000080000000, 0x0000000100000000)
  region size 1024K, 74 young (75776K), 4 survivors (4096K)
 Metaspace       used 16604K, committed 16896K, reserved 491520K
  class space    used 2394K, committed 2560K, reserved 425984K
}
Event: 36.468 GC heap after
{Heap after GC invocations=3 (full 0):
 garbage-first heap   total 126976K, used 20266K [0x0000000080000000, 0x0000000100000000)
  region size 1024K, 10 young (10240K), 10 survivors (10240K)
 Metaspace       used 16604K, committed 16896K, reserved 491520K
  class space    used 2394K, committed 2560K, reserved 425984K
}
Event: 39.275 GC heap before
{Heap before GC invocations=3 (full 0):
 garbage-first heap   total 126976K, used 52010K [0x0000000080000000, 0x0000000100000000)
  region size 1024K, 42 young (43008K), 10 survivors (10240K)
 Metaspace       used 21202K, committed 21504K, reserved 491520K
  class space    used 3125K, committed 3264K, reserved 425984K
}
Event: 39.291 GC heap after
{Heap after GC invocations=4 (full 0):
 garbage-first heap   total 126976K, used 22511K [0x0000000080000000, 0x0000000100000000)
  region size 1024K, 3 young (3072K), 3 survivors (3072K)
 Metaspace       used 21202K, committed 21504K, reserved 491520K
  class space    used 3125K, committed 3264K, reserved 425984K
}

Deoptimization events (20 events):
Event: 40.943 Thread 0x00000142731688e0 Uncommon trap: trap_request=0xffffffde fr.pc=0x0000014260055e58 relative=0x00000000000023b8
Event: 40.943 Thread 0x00000142731688e0 Uncommon trap: reason=class_check action=maybe_recompile pc=0x0000014260055e58 method=java.io.BufferedInputStream.read([BII)I @ 101 c2
Event: 40.943 Thread 0x00000142731688e0 DEOPT PACKING pc=0x0000014260055e58 sp=0x00000041a1ef94c0
Event: 40.944 Thread 0x00000142731688e0 DEOPT UNPACKING pc=0x000001425fa15ba3 sp=0x00000041a1ef9370 mode 2
Event: 43.797 Thread 0x00000142731688e0 Uncommon trap: trap_request=0xffffff54 fr.pc=0x000001426000d090 relative=0x00000000000009d0
Event: 43.797 Thread 0x00000142731688e0 Uncommon trap: reason=speculate_null_assert action=make_not_entrant pc=0x000001426000d090 method=jdk.internal.loader.URLClassPath$JarLoader.getResource(Ljava/lang/String;ZLjava/util/Set;)Ljdk/internal/loader/Resource; @ 17 c2
Event: 43.797 Thread 0x00000142731688e0 DEOPT PACKING pc=0x000001426000d090 sp=0x00000041a1ef81d0
Event: 43.797 Thread 0x00000142731688e0 DEOPT UNPACKING pc=0x000001425fa15ba3 sp=0x00000041a1ef8168 mode 2
Event: 43.981 Thread 0x00000142731688e0 Uncommon trap: trap_request=0xffffffbe fr.pc=0x00000142600ebba8 relative=0x0000000000003bc8
Event: 43.981 Thread 0x00000142731688e0 Uncommon trap: reason=profile_predicate action=maybe_recompile pc=0x00000142600ebba8 method=java.util.AbstractCollection.addAll(Ljava/util/Collection;)Z @ 15 c2
Event: 43.981 Thread 0x00000142731688e0 DEOPT PACKING pc=0x00000142600ebba8 sp=0x00000041a1ef9390
Event: 43.981 Thread 0x00000142731688e0 DEOPT UNPACKING pc=0x000001425fa15ba3 sp=0x00000041a1ef9388 mode 2
Event: 44.063 Thread 0x00000142731688e0 Uncommon trap: trap_request=0xffffff45 fr.pc=0x00000142600903e4 relative=0x0000000000005f44
Event: 44.063 Thread 0x00000142731688e0 Uncommon trap: reason=unstable_if action=reinterpret pc=0x00000142600903e4 method=java.lang.ClassLoader.getClassLoadingLock(Ljava/lang/String;)Ljava/lang/Object; @ 6 c2
Event: 44.063 Thread 0x00000142731688e0 DEOPT PACKING pc=0x00000142600903e4 sp=0x00000041a1ef9390
Event: 44.063 Thread 0x00000142731688e0 DEOPT UNPACKING pc=0x000001425fa15ba3 sp=0x00000041a1ef93c0 mode 2
Event: 45.289 Thread 0x00000142731688e0 Uncommon trap: trap_request=0xffffffc6 fr.pc=0x00000142600d8238 relative=0x00000000000043f8
Event: 45.289 Thread 0x00000142731688e0 Uncommon trap: reason=bimorphic_or_optimized_type_check action=maybe_recompile pc=0x00000142600d8238 method=java.net.URL.<init>(Ljava/net/URL;Ljava/lang/String;Ljava/net/URLStreamHandler;)V @ 504 c2
Event: 45.289 Thread 0x00000142731688e0 DEOPT PACKING pc=0x00000142600d8238 sp=0x00000041a1ef8b10
Event: 45.289 Thread 0x00000142731688e0 DEOPT UNPACKING pc=0x000001425fa15ba3 sp=0x00000041a1ef8ab0 mode 2

Classes unloaded (0 events):
No events

Classes redefined (0 events):
No events

Internal exceptions (20 events):
Event: 39.106 Thread 0x00000142731688e0 Exception <a 'java/lang/NoSuchMethodError'{0x0000000085d89410}: 'java.lang.Object java.lang.invoke.DirectMethodHandle$Holder.invokeSpecial(java.lang.Object, java.lang.Object, java.lang.Object, java.lang.Object, java.lang.Object, java.lang.Object, java.lang.Object, java.lang.Object, java.lang.Object, java.lang.Object, java.lang.Object, java.lang.Object, java.lang.Object, java.lang.Object)'> (0x0000000085d89410) 
thrown [s\open\src\hotspot\share\interpreter\linkResolver.cpp, line 759]
Event: 39.107 Thread 0x00000142731688e0 Exception <a 'java/lang/NoSuchMethodError'{0x0000000085d9ba38}: 'java.lang.Object java.lang.invoke.DirectMethodHandle$Holder.newInvokeSpecial(java.lang.Object, java.lang.Object, java.lang.Object, java.lang.Object, java.lang.Object, java.lang.Object, java.lang.Object, java.lang.Object, java.lang.Object, java.lang.Object, java.lang.Object, java.lang.Object)'> (0x0000000085d9ba38) 
thrown [s\open\src\hotspot\share\interpreter\linkResolver.cpp, line 759]
Event: 39.107 Thread 0x00000142731688e0 Exception <a 'java/lang/NoSuchMethodError'{0x0000000085da13d0}: 'java.lang.Object java.lang.invoke.Invokers$Holder.linkToTargetMethod(java.lang.Object, java.lang.Object, java.lang.Object, java.lang.Object, java.lang.Object, java.lang.Object, java.lang.Object, java.lang.Object, java.lang.Object, java.lang.Object, java.lang.Object, java.lang.Object)'> (0x0000000085da13d0) 
thrown [s\open\src\hotspot\share\interpreter\linkResolver.cpp, line 759]
Event: 39.238 Thread 0x00000142731688e0 Exception <a 'java/lang/NoSuchMethodError'{0x0000000085c37568}: 'java.lang.Object java.lang.invoke.DirectMethodHandle$Holder.invokeStaticInit(java.lang.Object, java.lang.Object, java.lang.Object, java.lang.Object)'> (0x0000000085c37568) 
thrown [s\open\src\hotspot\share\interpreter\linkResolver.cpp, line 759]
Event: 40.121 Thread 0x00000142731688e0 Exception <a 'java/lang/NoSuchMethodError'{0x000000008436a6a8}: 'java.lang.Object java.lang.invoke.DirectMethodHandle$Holder.newInvokeSpecial(java.lang.Object, java.lang.Object, java.lang.Object, java.lang.Object, java.lang.Object, java.lang.Object, java.lang.Object, java.lang.Object)'> (0x000000008436a6a8) 
thrown [s\open\src\hotspot\share\interpreter\linkResolver.cpp, line 759]
Event: 40.122 Thread 0x00000142731688e0 Exception <a 'java/lang/NoSuchMethodError'{0x0000000084370488}: 'java.lang.Object java.lang.invoke.Invokers$Holder.linkToTargetMethod(java.lang.Object, java.lang.Object, java.lang.Object, java.lang.Object, java.lang.Object, java.lang.Object, java.lang.Object, java.lang.Object)'> (0x0000000084370488) 
thrown [s\open\src\hotspot\share\interpreter\linkResolver.cpp, line 759]
Event: 40.136 Thread 0x00000142731688e0 Exception <a 'java/lang/IncompatibleClassChangeError'{0x00000000843d3168}: Found class java.lang.Object, but interface was expected> (0x00000000843d3168) 
thrown [s\open\src\hotspot\share\interpreter\linkResolver.cpp, line 826]
Event: 40.467 Thread 0x00000142731688e0 Exception <a 'java/lang/NoSuchMethodError'{0x0000000083ec05d0}: 'java.lang.Object java.lang.invoke.DirectMethodHandle$Holder.newInvokeSpecial(java.lang.Object, java.lang.Object, int, int)'> (0x0000000083ec05d0) 
thrown [s\open\src\hotspot\share\interpreter\linkResolver.cpp, line 759]
Event: 41.455 Thread 0x00000142731688e0 Exception <a 'java/lang/NoSuchMethodError'{0x000000008388eee8}: 'void java.lang.invoke.DirectMethodHandle$Holder.invokeStaticInit(java.lang.Object, java.lang.Object, java.lang.Object)'> (0x000000008388eee8) 
thrown [s\open\src\hotspot\share\interpreter\linkResolver.cpp, line 759]
Event: 41.457 Thread 0x00000142731688e0 Exception <a 'java/lang/NoSuchMethodError'{0x0000000083896388}: 'void java.lang.invoke.DirectMethodHandle$Holder.invokeStaticInit(java.lang.Object, java.lang.Object, java.lang.Object, java.lang.Object)'> (0x0000000083896388) 
thrown [s\open\src\hotspot\share\interpreter\linkResolver.cpp, line 759]
Event: 41.466 Thread 0x00000142731688e0 Exception <a 'java/lang/NoSuchMethodError'{0x00000000838b88c0}: 'void java.lang.invoke.DirectMethodHandle$Holder.invokeStaticInit(java.lang.Object, java.lang.Object, java.lang.Object, java.lang.Object, java.lang.Object)'> (0x00000000838b88c0) 
thrown [s\open\src\hotspot\share\interpreter\linkResolver.cpp, line 759]
Event: 41.467 Thread 0x00000142731688e0 Exception <a 'java/lang/NoSuchMethodError'{0x00000000838c0688}: 'int java.lang.invoke.DirectMethodHandle$Holder.invokeStaticInit(java.lang.Object, java.lang.Object, java.lang.Object)'> (0x00000000838c0688) 
thrown [s\open\src\hotspot\share\interpreter\linkResolver.cpp, line 759]
Event: 41.481 Thread 0x00000142731688e0 Exception <a 'java/lang/NoSuchMethodError'{0x0000000083717fd8}: 'int java.lang.invoke.DirectMethodHandle$Holder.invokeStaticInit(java.lang.Object, java.lang.Object, java.lang.Object, java.lang.Object)'> (0x0000000083717fd8) 
thrown [s\open\src\hotspot\share\interpreter\linkResolver.cpp, line 759]
Event: 43.901 Thread 0x00000142731688e0 Exception <a 'java/lang/ClassNotFoundException'{0x0000000083046e28}: groovy/lang/ExpandoMetaClassBeanInfo> (0x0000000083046e28) 
thrown [s\open\src\hotspot\share\classfile\systemDictionary.cpp, line 256]
Event: 43.902 Thread 0x00000142731688e0 Exception <a 'java/lang/ClassNotFoundException'{0x000000008305d770}: groovy/lang/MetaClassImplBeanInfo> (0x000000008305d770) 
thrown [s\open\src\hotspot\share\classfile\systemDictionary.cpp, line 256]
Event: 43.902 Thread 0x00000142731688e0 Exception <a 'java/lang/ClassNotFoundException'{0x0000000083062728}: java/lang/ObjectBeanInfo> (0x0000000083062728) 
thrown [s\open\src\hotspot\share\classfile\systemDictionary.cpp, line 256]
Event: 43.908 Thread 0x00000142731688e0 Exception <a 'java/lang/ClassNotFoundException'{0x0000000083067d98}: java/lang/ObjectCustomizer> (0x0000000083067d98) 
thrown [s\open\src\hotspot\share\classfile\systemDictionary.cpp, line 256]
Event: 43.962 Thread 0x00000142731688e0 Exception <a 'java/lang/IncompatibleClassChangeError'{0x000000008306c7c0}: Found class java.lang.Object, but interface was expected> (0x000000008306c7c0) 
thrown [s\open\src\hotspot\share\interpreter\linkResolver.cpp, line 826]
Event: 43.970 Thread 0x00000142731688e0 Exception <a 'java/lang/ClassNotFoundException'{0x0000000083088360}: groovy/lang/MetaClassImplCustomizer> (0x0000000083088360) 
thrown [s\open\src\hotspot\share\classfile\systemDictionary.cpp, line 256]
Event: 43.979 Thread 0x00000142731688e0 Exception <a 'java/lang/ClassNotFoundException'{0x00000000830bd770}: groovy/lang/ExpandoMetaClassCustomizer> (0x00000000830bd770) 
thrown [s\open\src\hotspot\share\classfile\systemDictionary.cpp, line 256]

VM Operations (20 events):
Event: 40.997 Executing VM operation: HandshakeAllThreads
Event: 40.997 Executing VM operation: HandshakeAllThreads done
Event: 41.998 Executing VM operation: Cleanup
Event: 41.998 Executing VM operation: Cleanup done
Event: 43.011 Executing VM operation: Cleanup
Event: 43.011 Executing VM operation: Cleanup done
Event: 43.351 Executing VM operation: HandshakeAllThreads
Event: 43.351 Executing VM operation: HandshakeAllThreads done
Event: 44.364 Executing VM operation: Cleanup
Event: 44.364 Executing VM operation: Cleanup done
Event: 45.290 Executing VM operation: HandshakeAllThreads
Event: 45.290 Executing VM operation: HandshakeAllThreads done
Event: 45.291 Executing VM operation: HandshakeAllThreads
Event: 45.291 Executing VM operation: HandshakeAllThreads done
Event: 45.418 Executing VM operation: HandshakeAllThreads
Event: 45.418 Executing VM operation: HandshakeAllThreads done
Event: 45.418 Executing VM operation: Cleanup
Event: 45.418 Executing VM operation: Cleanup done
Event: 45.561 Executing VM operation: HandshakeAllThreads
Event: 45.561 Executing VM operation: HandshakeAllThreads done

Events (20 events):
Event: 46.405 loading class java/nio/file/FileTreeWalker
Event: 46.406 loading class java/nio/file/FileTreeWalker done
Event: 46.407 loading class java/time/DateTimeException
Event: 46.408 loading class java/time/DateTimeException done
Event: 46.408 loading class java/util/regex/PatternSyntaxException
Event: 46.409 loading class java/util/regex/PatternSyntaxException done
Event: 46.421 loading class java/nio/file/ClosedDirectoryStreamException
Event: 46.421 loading class java/nio/file/ClosedDirectoryStreamException done
Event: 46.421 loading class java/nio/file/DirectoryIteratorException
Event: 46.421 loading class java/nio/file/DirectoryIteratorException done
Event: 46.421 loading class java/nio/file/FileTreeWalker$DirectoryNode
Event: 46.422 loading class java/nio/file/FileTreeWalker$DirectoryNode done
Event: 46.422 loading class java/nio/file/FileTreeWalker$Event
Event: 46.422 loading class java/nio/file/FileTreeWalker$Event done
Event: 46.422 loading class java/nio/file/FileTreeWalker$EventType
Event: 46.422 loading class java/nio/file/FileTreeWalker$EventType done
Event: 46.422 loading class java/nio/file/Files$3
Event: 46.423 loading class java/nio/file/Files$3 done
Event: 46.423 loading class java/nio/file/FileVisitResult
Event: 46.423 loading class java/nio/file/FileVisitResult done


Dynamic libraries:
0x00007ff654010000 - 0x00007ff654020000 	C:\Program Files\Java\jdk-17\bin\java.exe
0x00007ffc41b50000 - 0x00007ffc41d48000 	C:\Windows\SYSTEM32\ntdll.dll
0x00007ffc40d10000 - 0x00007ffc40dd2000 	C:\Windows\System32\KERNEL32.DLL
0x00007ffc3f3e0000 - 0x00007ffc3f6de000 	C:\Windows\System32\KERNELBASE.dll
0x00007ffc3f9d0000 - 0x00007ffc3fad0000 	C:\Windows\System32\ucrtbase.dll
0x00007ffc08a30000 - 0x00007ffc08a49000 	C:\Program Files\Java\jdk-17\bin\jli.dll
0x00007ffc40bf0000 - 0x00007ffc40ca1000 	C:\Windows\System32\ADVAPI32.dll
0x00007ffc402a0000 - 0x00007ffc4033e000 	C:\Windows\System32\msvcrt.dll
0x00007ffc3fbd0000 - 0x00007ffc3fc6f000 	C:\Windows\System32\sechost.dll
0x00007ffc419e0000 - 0x00007ffc41b03000 	C:\Windows\System32\RPCRT4.dll
0x00007ffc3f1f0000 - 0x00007ffc3f217000 	C:\Windows\System32\bcrypt.dll
0x00007ffc413d0000 - 0x00007ffc4156d000 	C:\Windows\System32\USER32.dll
0x00007ffc3f220000 - 0x00007ffc3f242000 	C:\Windows\System32\win32u.dll
0x00007ffc40e10000 - 0x00007ffc40e3b000 	C:\Windows\System32\GDI32.dll
0x00007ffc3f250000 - 0x00007ffc3f367000 	C:\Windows\System32\gdi32full.dll
0x00007ffc3fad0000 - 0x00007ffc3fb6d000 	C:\Windows\System32\msvcp_win.dll
0x00007ffc02b80000 - 0x00007ffc02b9b000 	C:\Program Files\Java\jdk-17\bin\VCRUNTIME140.dll
0x00007ffc23aa0000 - 0x00007ffc23d3a000 	C:\Windows\WinSxS\amd64_microsoft.windows.common-controls_6595b64144ccf1df_6.0.19041.4355_none_60b8b9eb71f62e16\COMCTL32.dll
0x00007ffc34b60000 - 0x00007ffc34b6a000 	C:\Windows\SYSTEM32\VERSION.dll
0x00007ffc40de0000 - 0x00007ffc40e0f000 	C:\Windows\System32\IMM32.DLL
0x00007ffc208e0000 - 0x00007ffc208ec000 	C:\Program Files\Java\jdk-17\bin\vcruntime140_1.dll
0x00007ffbec670000 - 0x00007ffbec6fe000 	C:\Program Files\Java\jdk-17\bin\msvcp140.dll
0x00007ffbe8370000 - 0x00007ffbe8f50000 	C:\Program Files\Java\jdk-17\bin\server\jvm.dll
0x00007ffc3ffc0000 - 0x00007ffc3ffc8000 	C:\Windows\System32\PSAPI.DLL
0x00007ffc1c6c0000 - 0x00007ffc1c6c9000 	C:\Windows\SYSTEM32\WSOCK32.dll
0x00007ffc296d0000 - 0x00007ffc296f7000 	C:\Windows\SYSTEM32\WINMM.dll
0x00007ffc40ec0000 - 0x00007ffc40f2b000 	C:\Windows\System32\WS2_32.dll
0x00007ffc3d9d0000 - 0x00007ffc3d9e2000 	C:\Windows\SYSTEM32\kernel.appcore.dll
0x00007ffc1f4d0000 - 0x00007ffc1f4da000 	C:\Program Files\Java\jdk-17\bin\jimage.dll
0x00007ffc3d6e0000 - 0x00007ffc3d8c4000 	C:\Windows\SYSTEM32\DBGHELP.DLL
0x00007ffc28d30000 - 0x00007ffc28d64000 	C:\Windows\SYSTEM32\dbgcore.DLL
0x00007ffc3f6e0000 - 0x00007ffc3f762000 	C:\Windows\System32\bcryptPrimitives.dll
0x00007ffbf25d0000 - 0x00007ffbf25f5000 	C:\Program Files\Java\jdk-17\bin\java.dll
0x00007ffbea100000 - 0x00007ffbea1d7000 	C:\Program Files\Java\jdk-17\bin\jsvml.dll
0x00007ffc40470000 - 0x00007ffc40bdd000 	C:\Windows\System32\SHELL32.dll
0x00007ffc3ce60000 - 0x00007ffc3d604000 	C:\Windows\SYSTEM32\windows.storage.dll
0x00007ffc40f30000 - 0x00007ffc41283000 	C:\Windows\System32\combase.dll
0x00007ffc3eb40000 - 0x00007ffc3eb6e000 	C:\Windows\SYSTEM32\Wldp.dll
0x00007ffc3fc70000 - 0x00007ffc3fd3d000 	C:\Windows\System32\OLEAUT32.dll
0x00007ffc41290000 - 0x00007ffc4133d000 	C:\Windows\System32\SHCORE.dll
0x00007ffc40e40000 - 0x00007ffc40e95000 	C:\Windows\System32\shlwapi.dll
0x00007ffc3f120000 - 0x00007ffc3f144000 	C:\Windows\SYSTEM32\profapi.dll
0x00007ffbfd2f0000 - 0x00007ffbfd309000 	C:\Program Files\Java\jdk-17\bin\net.dll
0x00007ffc366a0000 - 0x00007ffc367ad000 	C:\Windows\SYSTEM32\WINHTTP.dll
0x00007ffc3e8b0000 - 0x00007ffc3e91a000 	C:\Windows\system32\mswsock.dll
0x00007ffbf1650000 - 0x00007ffbf1666000 	C:\Program Files\Java\jdk-17\bin\nio.dll
0x00007ffbec650000 - 0x00007ffbec668000 	C:\Program Files\Java\jdk-17\bin\zip.dll
0x00007ffc143c0000 - 0x00007ffc143d0000 	C:\Program Files\Java\jdk-17\bin\verify.dll
0x00007ffbf16a0000 - 0x00007ffbf16c7000 	C:\Users\vietp\.gradle\native\68d5fa5c4cc2d200863cafc0d521ce42e7d3e7ee720ec0a83991735586a16f82\windows-amd64\native-platform.dll
0x00007ffbea750000 - 0x00007ffbea894000 	C:\Users\vietp\.gradle\native\e376f236ea51e6404a007f0833ffe2c6e607c4080706a723a18a27aeea778392\windows-amd64\native-platform-file-events.dll
0x00007ffc372a0000 - 0x00007ffc372aa000 	C:\Program Files\Java\jdk-17\bin\management.dll
0x00007ffc1c800000 - 0x00007ffc1c80b000 	C:\Program Files\Java\jdk-17\bin\management_ext.dll
0x00007ffc3eb80000 - 0x00007ffc3eb98000 	C:\Windows\SYSTEM32\CRYPTSP.dll
0x00007ffc3e1f0000 - 0x00007ffc3e224000 	C:\Windows\system32\rsaenh.dll
0x00007ffc3f0e0000 - 0x00007ffc3f10e000 	C:\Windows\SYSTEM32\USERENV.dll
0x00007ffc3ea40000 - 0x00007ffc3ea4c000 	C:\Windows\SYSTEM32\CRYPTBASE.dll
0x00007ffc3e5b0000 - 0x00007ffc3e5eb000 	C:\Windows\SYSTEM32\IPHLPAPI.DLL
0x00007ffc3fed0000 - 0x00007ffc3fed8000 	C:\Windows\System32\NSI.dll
0x00007ffc35100000 - 0x00007ffc35117000 	C:\Windows\SYSTEM32\dhcpcsvc6.DLL
0x00007ffc35090000 - 0x00007ffc350ad000 	C:\Windows\SYSTEM32\dhcpcsvc.DLL
0x00007ffc3e5f0000 - 0x00007ffc3e6ba000 	C:\Windows\SYSTEM32\DNSAPI.dll
0x00007ffc12c60000 - 0x00007ffc12c6e000 	C:\Program Files\Java\jdk-17\bin\sunmscapi.dll
0x00007ffc3f770000 - 0x00007ffc3f8cc000 	C:\Windows\System32\CRYPT32.dll
0x00007ffc3ec90000 - 0x00007ffc3ecb7000 	C:\Windows\SYSTEM32\ncrypt.dll
0x00007ffc3ec50000 - 0x00007ffc3ec8b000 	C:\Windows\SYSTEM32\NTASN1.dll
0x00007ffc36090000 - 0x00007ffc36097000 	C:\Windows\system32\wshunix.dll

dbghelp: loaded successfully - version: 4.0.5 - missing functions: none
symbol engine: initialized successfully - sym options: 0x614 - pdb path: .;C:\Program Files\Java\jdk-17\bin;C:\Windows\SYSTEM32;C:\Windows\WinSxS\amd64_microsoft.windows.common-controls_6595b64144ccf1df_6.0.19041.4355_none_60b8b9eb71f62e16;C:\Program Files\Java\jdk-17\bin\server;C:\Users\vietp\.gradle\native\68d5fa5c4cc2d200863cafc0d521ce42e7d3e7ee720ec0a83991735586a16f82\windows-amd64;C:\Users\vietp\.gradle\native\e376f236ea51e6404a007f0833ffe2c6e607c4080706a723a18a27aeea778392\windows-amd64

VM Arguments:
jvm_args: -XX:MaxMetaspaceSize=512m --add-opens=java.base/java.util=ALL-UNNAMED --add-opens=java.base/java.lang=ALL-UNNAMED --add-opens=java.base/java.lang.invoke=ALL-UNNAMED --add-opens=java.prefs/java.util.prefs=ALL-UNNAMED --add-opens=java.base/java.nio.charset=ALL-UNNAMED --add-opens=java.base/java.net=ALL-UNNAMED --add-opens=java.base/java.util.concurrent.atomic=ALL-UNNAMED -Xmx2048m -Dfile.encoding=windows-1252 -Duser.country=US -Duser.language=en -Duser.variant 
java_command: org.gradle.launcher.daemon.bootstrap.GradleDaemon 8.0.1
java_class_path (initial): C:\Users\vietp\.gradle\wrapper\dists\gradle-8.0.1-all\aro4hu1c3oeioove7l0i4i14o\gradle-8.0.1\lib\gradle-launcher-8.0.1.jar
Launcher Type: SUN_STANDARD

[Global flags]
     intx CICompilerCount                          = 4                                         {product} {ergonomic}
   size_t CompressedClassSpaceSize                 = 436207616                                 {product} {ergonomic}
     uint ConcGCThreads                            = 2                                         {product} {ergonomic}
     uint G1ConcRefinementThreads                  = 8                                         {product} {ergonomic}
   size_t G1HeapRegionSize                         = 1048576                                   {product} {ergonomic}
    uintx GCDrainStackTargetSize                   = 64                                        {product} {ergonomic}
   size_t InitialHeapSize                          = 130023424                                 {product} {ergonomic}
   size_t MarkStackSize                            = 4194304                                   {product} {ergonomic}
   size_t MaxHeapSize                              = 2147483648                                {product} {command line}
   size_t MaxMetaspaceSize                         = 536870912                                 {product} {command line}
   size_t MaxNewSize                               = 1287651328                                {product} {ergonomic}
   size_t MinHeapDeltaBytes                        = 1048576                                   {product} {ergonomic}
   size_t MinHeapSize                              = 8388608                                   {product} {ergonomic}
    uintx NonNMethodCodeHeapSize                   = 5839372                                {pd product} {ergonomic}
    uintx NonProfiledCodeHeapSize                  = 122909434                              {pd product} {ergonomic}
    uintx ProfiledCodeHeapSize                     = 122909434                              {pd product} {ergonomic}
    uintx ReservedCodeCacheSize                    = 251658240                              {pd product} {ergonomic}
     bool SegmentedCodeCache                       = true                                      {product} {ergonomic}
   size_t SoftMaxHeapSize                          = 2147483648                             {manageable} {ergonomic}
     bool UseCompressedClassPointers               = true                           {product lp64_product} {ergonomic}
     bool UseCompressedOops                        = true                           {product lp64_product} {ergonomic}
     bool UseG1GC                                  = true                                      {product} {ergonomic}
     bool UseLargePagesIndividualAllocation        = false                                  {pd product} {ergonomic}

Logging:
Log output configuration:
 #0: stdout all=warning uptime,level,tags
 #1: stderr all=off uptime,level,tags

Environment Variables:
JAVA_HOME=C:\Program Files\Java\jdk-17
CLASSPATH=D:\UI\Harmony-Chat\android\\gradle\wrapper\gradle-wrapper.jar
PATH=D:\UI\Harmony-Chat\node_modules\.bin;D:\UI\Harmony-Chat\node_modules\.bin;D:\UI\node_modules\.bin;D:\node_modules\.bin;C:\Program Files\nodejs\node_modules\npm\node_modules\@npmcli\run-script\lib\node-gyp-bin;D:\UI\Harmony-Chat\node_modules\.bin;D:\UI\node_modules\.bin;D:\node_modules\.bin;C:\Program Files\nodejs\node_modules\npm\node_modules\@npmcli\run-script\lib\node-gyp-bin;C:\Program Files\Common Files\Oracle\Java\javapath;C:\Program Files (x86)\Common Files\Oracle\Java\java8path;C:\Program Files (x86)\Common Files\Oracle\Java\javapath;C:\Python312\Scripts\;C:\Python312\;C:\Windows\system32;C:\Windows;C:\Windows\System32\Wbem;C:\Windows\System32\WindowsPowerShell\v1.0\;C:\Windows\System32\OpenSSH\;C:\ProgramData\chocolatey\bin;C:\Program Files\Git\cmd;C:\Program Files\Cloudflare\Cloudflare WARP\;C:\Program Files\Microsoft SQL Server\150\Tools\Binn\;C:\Program Files\Microsoft SQL Server\Client SDK\ODBC\170\Tools\Binn\;C:\Program Files\Intel\Intel(R) Memory and Storage Tool\;C:\Program Files (x86)\Microsoft SQL Server\160\Tools\Binn\;C:\Program Files\Microsoft SQL Server\160\Tools\Binn\;C:\Program Files\Microsoft SQL Server\160\DTS\Binn\;C:\Program Files\Docker\Docker\resources\bin;C:\Program Files (x86)\Microsoft SQL Server\160\DTS\Binn\;C:\Program Files\OpenSSL-Win64\bin;C:\Program Files\dotnet\;C:\Program Files\Java\jdk-17\bin;C:\Users\vietp\AppData\Local\Android\Sdk\platform-tools;C:\Users\vietp\AppData\Local\Android\Sdk\emulator;C:\Users\vietp\AppData\Local\Android\Sdk\cmdline-tools\latest\bin;C:\Program Files\nodejs\;C:\poppler-24.07.0\Library\bin;C:\Program Files\Tesseract-OCR;C:\Users\vietp\AppData\Local\Android\Sdk\tools;C:\Program Files\MySQL\MySQL Shell 8.0\bin\;C:\Users\vietp\AppData\Local\Microsoft\WindowsApps;C:\Program Files\JetBrains\WebStorm 2024.1.5\bin;;C:\Program Files\JetBrains\IntelliJ IDEA 2024.1.4\bin;;C:\Users\vietp\AppData\Local\Programs\Microsoft VS Code\bin;C:\Users\vietp\AppData\Local\GitHubDesktop\bin;C:\Users\vietp\.dotnet\tools;C
USERNAME=vietp
LANG=en_US.UTF-8
OS=Windows_NT
PROCESSOR_IDENTIFIER=Intel64 Family 6 Model 140 Stepping 2, GenuineIntel



---------------  S Y S T E M  ---------------

OS:
 Windows 10 , 64 bit Build 19041 (10.0.19041.5198)
OS uptime: 20 days 16:09 hours
Hyper-V role detected

CPU: total 8 (initial active 8) (4 cores per cpu, 2 threads per core) family 6 model 140 stepping 2 microcode 0x16, cx8, cmov, fxsr, ht, mmx, 3dnowpref, sse, sse2, sse3, ssse3, sse4.1, sse4.2, popcnt, lzcnt, tsc, tscinvbit, avx, avx2, aes, erms, clmul, bmi1, bmi2, adx, avx512f, avx512dq, avx512cd, avx512bw, avx512vl, sha, fma, vzeroupper, avx512_vpopcntdq, avx512_vpclmulqdq, avx512_vaes, avx512_vnni, clflush, clflushopt, clwb, avx512_vbmi2, avx512_vbmi, hv

Memory: 4k page, system-wide physical 7894M (121M free)
TotalPageFile size 32470M (AvailPageFile size 33M)
current process WorkingSet (physical memory assigned to process): 78M, peak: 184M
current process commit charge ("private bytes"): 227M, peak: 278M

vm_info: Java HotSpot(TM) 64-Bit Server VM (17.0.12+8-LTS-286) for windows-amd64 JRE (17.0.12+8-LTS-286), built on Jun  5 2024 06:46:59 by "mach5one" with MS VC++ 17.6 (VS2022)

END.
