#
# There is insufficient memory for the Java Runtime Environment to continue.
# Native memory allocation (malloc) failed to allocate 32744 bytes for ChunkPool::allocate
# Possible reasons:
#   The system is out of physical RAM or swap space
#   The process is running with CompressedOops enabled, and the Java Heap may be blocking the growth of the native heap
# Possible solutions:
#   Reduce memory load on the system
#   Increase physical memory or swap space
#   Check if swap backing store is full
#   Decrease Java heap size (-Xmx/-Xms)
#   Decrease number of Java threads
#   Decrease Java thread stack sizes (-Xss)
#   Set larger code cache with -XX:ReservedCodeCacheSize=
#   JVM is running with Unscaled Compressed Oops mode in which the Java heap is
#     placed in the first 4GB address space. The Java Heap base address is the
#     maximum limit for the native heap growth. Please use -XX:HeapBaseMinAddress
#     to set the Java Heap base and to place the Java Heap above 4GB virtual address.
# This output file may be truncated or incomplete.
#
#  Out of Memory Error (arena.cpp:78), pid=17224, tid=23780
#
# JRE version: Java(TM) SE Runtime Environment (17.0.12+8) (build 17.0.12+8-LTS-286)
# Java VM: Java HotSpot(TM) 64-Bit Server VM (17.0.12+8-LTS-286, mixed mode, sharing, tiered, compressed oops, compressed class ptrs, g1 gc, windows-amd64)
# No core dump will be written. Minidumps are not enabled by default on client versions of Windows
#

---------------  S U M M A R Y ------------

Command Line: -XX:MaxMetaspaceSize=512m --add-opens=java.base/java.util=ALL-UNNAMED --add-opens=java.base/java.lang=ALL-UNNAMED --add-opens=java.base/java.lang.invoke=ALL-UNNAMED --add-opens=java.prefs/java.util.prefs=ALL-UNNAMED --add-opens=java.base/java.nio.charset=ALL-UNNAMED --add-opens=java.base/java.net=ALL-UNNAMED --add-opens=java.base/java.util.concurrent.atomic=ALL-UNNAMED -Xmx2048m -Dfile.encoding=windows-1252 -Duser.country=US -Duser.language=en -Duser.variant org.gradle.launcher.daemon.bootstrap.GradleDaemon 8.0.1

Host: 11th Gen Intel(R) Core(TM) i7-1195G7 @ 2.90GHz, 8 cores, 7G,  Windows 10 , 64 bit Build 19041 (10.0.19041.5198)
Time: Tue Dec 24 00:32:35 2024 SE Asia Standard Time elapsed time: 437.766174 seconds (0d 0h 7m 17s)

---------------  T H R E A D  ---------------

Current thread (0x000002ab6c5ba3a0):  JavaThread "C2 CompilerThread0" daemon [_thread_in_native, id=23780, stack(0x000000f62c000000,0x000000f62c100000)]


Current CompileTask:
C2: 437767 6153       4       org.objectweb.asm.MethodWriter::computeAllFrames (510 bytes)

Stack: [0x000000f62c000000,0x000000f62c100000]
Native frames: (J=compiled Java code, j=interpreted, Vv=VM code, C=native code)
V  [jvm.dll+0x67a04a]
V  [jvm.dll+0x7da4ed]
V  [jvm.dll+0x7dbe33]
V  [jvm.dll+0x7dc4a3]
V  [jvm.dll+0x24508f]
V  [jvm.dll+0xab9a4]
V  [jvm.dll+0xabd3c]
V  [jvm.dll+0x60d404]
V  [jvm.dll+0x60e36c]
V  [jvm.dll+0x60c84a]
V  [jvm.dll+0x2166be]
V  [jvm.dll+0x215c6f]
V  [jvm.dll+0x1a2960]
V  [jvm.dll+0x22610b]
V  [jvm.dll+0x2242ab]
V  [jvm.dll+0x79075c]
V  [jvm.dll+0x78abea]
V  [jvm.dll+0x678f35]
C  [ucrtbase.dll+0x21bb2]
C  [KERNEL32.DLL+0x17374]
C  [ntdll.dll+0x4cc91]


---------------  P R O C E S S  ---------------

Threads class SMR info:
_java_thread_list=0x000002ab72650d40, length=70, elements={
0x000002ab4c3fee40, 0x000002ab6c5a1e10, 0x000002ab6c5a28e0, 0x000002ab6c5b2950,
0x000002ab6c5b3420, 0x000002ab6c5b7e10, 0x000002ab6c5b96f0, 0x000002ab6c5ba3a0,
0x000002ab6c5bf920, 0x000002ab6c5c2240, 0x000002ab6c80b050, 0x000002ab6c811960,
0x000002ab72214d80, 0x000002ab721e2990, 0x000002ab721ddb30, 0x000002ab71ceb030,
0x000002ab71a73190, 0x000002ab7140e290, 0x000002ab6c616880, 0x000002ab71082c10,
0x000002ab71083120, 0x000002ab71083630, 0x000002ab71081ce0, 0x000002ab71084560,
0x000002ab71084a70, 0x000002ab71084f80, 0x000002ab710817d0, 0x000002ab710821f0,
0x000002ab720c2800, 0x000002ab720c4b70, 0x000002ab720c13c0, 0x000002ab720c3730,
0x000002ab720c0490, 0x000002ab720c3c40, 0x000002ab720c1de0, 0x000002ab720c7e10,
0x000002ab720c09a0, 0x000002ab720c2d10, 0x000002ab720c73f0, 0x000002ab720c7900,
0x000002ab720c5aa0, 0x000002ab720c5080, 0x000002ab720c5590, 0x000002ab720c4150,
0x000002ab720c69d0, 0x000002ab720c22f0, 0x000002ab720c4660, 0x000002ab720c5fb0,
0x000002ab720c64c0, 0x000002ab71083b40, 0x000002ab6c927580, 0x000002ab6c926140,
0x000002ab6c929e00, 0x000002ab6c9293e0, 0x000002ab6c92c170, 0x000002ab6c92c680,
0x000002ab6c926650, 0x000002ab6c9284b0, 0x000002ab6c92b240, 0x000002ab6c927a90,
0x000002ab6c927070, 0x000002ab6c927fa0, 0x000002ab6c92b750, 0x000002ab6c92bc60,
0x000002ab6c926b60, 0x000002ab6c9289c0, 0x000002ab6c925210, 0x000002ab6c928ed0,
0x000002ab6c92a310, 0x000002ab6c92cb90
}

Java Threads: ( => current thread )
  0x000002ab4c3fee40 JavaThread "main" [_thread_blocked, id=21756, stack(0x000000f62b300000,0x000000f62b400000)]
  0x000002ab6c5a1e10 JavaThread "Reference Handler" daemon [_thread_blocked, id=7448, stack(0x000000f62ba00000,0x000000f62bb00000)]
  0x000002ab6c5a28e0 JavaThread "Finalizer" daemon [_thread_blocked, id=21728, stack(0x000000f62bb00000,0x000000f62bc00000)]
  0x000002ab6c5b2950 JavaThread "Signal Dispatcher" daemon [_thread_blocked, id=19188, stack(0x000000f62bc00000,0x000000f62bd00000)]
  0x000002ab6c5b3420 JavaThread "Attach Listener" daemon [_thread_blocked, id=19192, stack(0x000000f62bd00000,0x000000f62be00000)]
  0x000002ab6c5b7e10 JavaThread "Service Thread" daemon [_thread_blocked, id=15268, stack(0x000000f62be00000,0x000000f62bf00000)]
  0x000002ab6c5b96f0 JavaThread "Monitor Deflation Thread" daemon [_thread_blocked, id=17360, stack(0x000000f62bf00000,0x000000f62c000000)]
=>0x000002ab6c5ba3a0 JavaThread "C2 CompilerThread0" daemon [_thread_in_native, id=23780, stack(0x000000f62c000000,0x000000f62c100000)]
  0x000002ab6c5bf920 JavaThread "C1 CompilerThread0" daemon [_thread_blocked, id=9968, stack(0x000000f62c100000,0x000000f62c200000)]
  0x000002ab6c5c2240 JavaThread "Sweeper thread" daemon [_thread_blocked, id=26392, stack(0x000000f62c200000,0x000000f62c300000)]
  0x000002ab6c80b050 JavaThread "Common-Cleaner" daemon [_thread_blocked, id=13344, stack(0x000000f62c300000,0x000000f62c400000)]
  0x000002ab6c811960 JavaThread "Notification Thread" daemon [_thread_blocked, id=26456, stack(0x000000f62c400000,0x000000f62c500000)]
  0x000002ab72214d80 JavaThread "Daemon health stats" [_thread_blocked, id=24668, stack(0x000000f62ca00000,0x000000f62cb00000)]
  0x000002ab721e2990 JavaThread "Incoming local TCP Connector on port 65036" [_thread_in_native, id=17628, stack(0x000000f62cb00000,0x000000f62cc00000)]
  0x000002ab721ddb30 JavaThread "Daemon periodic checks" [_thread_blocked, id=21456, stack(0x000000f62b100000,0x000000f62b200000)]
  0x000002ab71ceb030 JavaThread "Daemon" [_thread_blocked, id=14176, stack(0x000000f62cc00000,0x000000f62cd00000)]
  0x000002ab71a73190 JavaThread "Handler for socket connection from /127.0.0.1:65036 to /127.0.0.1:65049" [_thread_in_native, id=11380, stack(0x000000f62cd00000,0x000000f62ce00000)]
  0x000002ab7140e290 JavaThread "Cancel handler" [_thread_blocked, id=23376, stack(0x000000f62ce00000,0x000000f62cf00000)]
  0x000002ab6c616880 JavaThread "Daemon worker" [_thread_in_vm, id=11092, stack(0x000000f62cf00000,0x000000f62d000000)]
  0x000002ab71082c10 JavaThread "Asynchronous log dispatcher for DefaultDaemonConnection: socket connection from /127.0.0.1:65036 to /127.0.0.1:65049" [_thread_blocked, id=13216, stack(0x000000f62d000000,0x000000f62d100000)]
  0x000002ab71083120 JavaThread "Daemon client event forwarder" [_thread_blocked, id=5904, stack(0x000000f62d200000,0x000000f62d300000)]
  0x000002ab71083630 JavaThread "Cache worker for journal cache (C:\Users\vietp\.gradle\caches\journal-1)" [_thread_blocked, id=9528, stack(0x000000f62d300000,0x000000f62d400000)]
  0x000002ab71081ce0 JavaThread "File lock request listener" [_thread_in_native, id=14036, stack(0x000000f62d400000,0x000000f62d500000)]
  0x000002ab71084560 JavaThread "Cache worker for file hash cache (C:\Users\vietp\.gradle\caches\8.0.1\fileHashes)" [_thread_blocked, id=21920, stack(0x000000f62d600000,0x000000f62d700000)]
  0x000002ab71084a70 JavaThread "File watcher server" daemon [_thread_in_native, id=15580, stack(0x000000f62dc00000,0x000000f62dd00000)]
  0x000002ab71084f80 JavaThread "File watcher consumer" daemon [_thread_blocked, id=14656, stack(0x000000f62dd00000,0x000000f62de00000)]
  0x000002ab710817d0 JavaThread "Cache worker for checksums cache (D:\UI\Harmony-Chat\android\.gradle\8.0.1\checksums)" [_thread_blocked, id=24148, stack(0x000000f62de00000,0x000000f62df00000)]
  0x000002ab710821f0 JavaThread "Cache worker for cache directory md-rule (C:\Users\vietp\.gradle\caches\8.0.1\md-rule)" [_thread_blocked, id=9744, stack(0x000000f62df00000,0x000000f62e000000)]
  0x000002ab720c2800 JavaThread "Cache worker for file content cache (C:\Users\vietp\.gradle\caches\8.0.1\fileContent)" [_thread_blocked, id=27112, stack(0x000000f62e000000,0x000000f62e100000)]
  0x000002ab720c4b70 JavaThread "Cache worker for file hash cache (D:\UI\Harmony-Chat\android\.gradle\8.0.1\fileHashes)" [_thread_blocked, id=28736, stack(0x000000f62e100000,0x000000f62e200000)]
  0x000002ab720c13c0 JavaThread "Cache worker for cache directory md-supplier (C:\Users\vietp\.gradle\caches\8.0.1\md-supplier)" [_thread_blocked, id=28784, stack(0x000000f62e300000,0x000000f62e400000)]
  0x000002ab720c3730 JavaThread "Cache worker for execution history cache (C:\Users\vietp\.gradle\caches\8.0.1\executionHistory)" [_thread_blocked, id=28884, stack(0x000000f62e400000,0x000000f62e500000)]
  0x000002ab720c0490 JavaThread "jar transforms" [_thread_blocked, id=29424, stack(0x000000f62e500000,0x000000f62e600000)]
  0x000002ab720c3c40 JavaThread "jar transforms Thread 2" [_thread_blocked, id=7788, stack(0x000000f62e600000,0x000000f62e700000)]
  0x000002ab720c1de0 JavaThread "jar transforms Thread 3" [_thread_blocked, id=18080, stack(0x000000f62b000000,0x000000f62b100000)]
  0x000002ab720c7e10 JavaThread "jar transforms Thread 4" [_thread_blocked, id=29372, stack(0x000000f62b200000,0x000000f62b300000)]
  0x000002ab720c09a0 JavaThread "Cache worker for kotlin-dsl (C:\Users\vietp\.gradle\caches\8.0.1\kotlin-dsl)" [_thread_blocked, id=29724, stack(0x000000f62d100000,0x000000f62d200000)]
  0x000002ab720c2d10 JavaThread "jar transforms Thread 5" [_thread_blocked, id=20376, stack(0x000000f62d700000,0x000000f62d800000)]
  0x000002ab720c73f0 JavaThread "jar transforms Thread 6" [_thread_blocked, id=31672, stack(0x000000f62d800000,0x000000f62d900000)]
  0x000002ab720c7900 JavaThread "Cache worker for dependencies-accessors (D:\UI\Harmony-Chat\android\.gradle\8.0.1\dependencies-accessors)" [_thread_blocked, id=32000, stack(0x000000f62e700000,0x000000f62e800000)]
  0x000002ab720c5aa0 JavaThread "Cache worker for Build Output Cleanup Cache (D:\UI\Harmony-Chat\node_modules\@react-native\gradle-plugin\.gradle\buildOutputCleanup)" [_thread_blocked, id=14952, stack(0x000000f62e800000,0x000000f62e900000)]
  0x000002ab720c5080 JavaThread "jar transforms Thread 7" [_thread_blocked, id=35384, stack(0x000000f62e900000,0x000000f62ea00000)]
  0x000002ab720c5590 JavaThread "Unconstrained build operations" [_thread_blocked, id=33940, stack(0x000000f62ec00000,0x000000f62ed00000)]
  0x000002ab720c4150 JavaThread "Unconstrained build operations Thread 2" [_thread_blocked, id=35788, stack(0x000000f62ed00000,0x000000f62ee00000)]
  0x000002ab720c69d0 JavaThread "Unconstrained build operations Thread 3" [_thread_blocked, id=35832, stack(0x000000f62ee00000,0x000000f62ef00000)]
  0x000002ab720c22f0 JavaThread "Unconstrained build operations Thread 4" [_thread_blocked, id=35544, stack(0x000000f62ef00000,0x000000f62f000000)]
  0x000002ab720c4660 JavaThread "Unconstrained build operations Thread 5" [_thread_blocked, id=30428, stack(0x000000f62f000000,0x000000f62f100000)]
  0x000002ab720c5fb0 JavaThread "Unconstrained build operations Thread 6" [_thread_blocked, id=15772, stack(0x000000f62f100000,0x000000f62f200000)]
  0x000002ab720c64c0 JavaThread "Unconstrained build operations Thread 7" [_thread_blocked, id=32368, stack(0x000000f62f200000,0x000000f62f300000)]
  0x000002ab71083b40 JavaThread "Unconstrained build operations Thread 8" [_thread_blocked, id=35764, stack(0x000000f62f300000,0x000000f62f400000)]
  0x000002ab6c927580 JavaThread "Unconstrained build operations Thread 9" [_thread_blocked, id=35180, stack(0x000000f62f400000,0x000000f62f500000)]
  0x000002ab6c926140 JavaThread "Unconstrained build operations Thread 10" [_thread_blocked, id=31152, stack(0x000000f62f500000,0x000000f62f600000)]
  0x000002ab6c929e00 JavaThread "Unconstrained build operations Thread 11" [_thread_blocked, id=29404, stack(0x000000f62f600000,0x000000f62f700000)]
  0x000002ab6c9293e0 JavaThread "Unconstrained build operations Thread 12" [_thread_blocked, id=35284, stack(0x000000f62f700000,0x000000f62f800000)]
  0x000002ab6c92c170 JavaThread "Unconstrained build operations Thread 13" [_thread_blocked, id=35112, stack(0x000000f62f800000,0x000000f62f900000)]
  0x000002ab6c92c680 JavaThread "Unconstrained build operations Thread 14" [_thread_blocked, id=35260, stack(0x000000f62f900000,0x000000f62fa00000)]
  0x000002ab6c926650 JavaThread "Unconstrained build operations Thread 15" [_thread_blocked, id=34708, stack(0x000000f62fa00000,0x000000f62fb00000)]
  0x000002ab6c9284b0 JavaThread "Unconstrained build operations Thread 16" [_thread_blocked, id=35464, stack(0x000000f62fb00000,0x000000f62fc00000)]
  0x000002ab6c92b240 JavaThread "Unconstrained build operations Thread 17" [_thread_blocked, id=28268, stack(0x000000f62fc00000,0x000000f62fd00000)]
  0x000002ab6c927a90 JavaThread "Unconstrained build operations Thread 18" [_thread_blocked, id=35496, stack(0x000000f62fd00000,0x000000f62fe00000)]
  0x000002ab6c927070 JavaThread "Unconstrained build operations Thread 19" [_thread_blocked, id=32032, stack(0x000000f62fe00000,0x000000f62ff00000)]
  0x000002ab6c927fa0 JavaThread "Unconstrained build operations Thread 20" [_thread_blocked, id=18972, stack(0x000000f62ff00000,0x000000f630000000)]
  0x000002ab6c92b750 JavaThread "Unconstrained build operations Thread 21" [_thread_blocked, id=23368, stack(0x000000f630000000,0x000000f630100000)]
  0x000002ab6c92bc60 JavaThread "Unconstrained build operations Thread 22" [_thread_blocked, id=34604, stack(0x000000f630100000,0x000000f630200000)]
  0x000002ab6c926b60 JavaThread "Unconstrained build operations Thread 23" [_thread_blocked, id=1240, stack(0x000000f630200000,0x000000f630300000)]
  0x000002ab6c9289c0 JavaThread "Unconstrained build operations Thread 24" [_thread_blocked, id=33988, stack(0x000000f630300000,0x000000f630400000)]
  0x000002ab6c925210 JavaThread "Unconstrained build operations Thread 25" [_thread_blocked, id=35336, stack(0x000000f630400000,0x000000f630500000)]
  0x000002ab6c928ed0 JavaThread "Unconstrained build operations Thread 26" [_thread_blocked, id=35288, stack(0x000000f630500000,0x000000f630600000)]
  0x000002ab6c92a310 JavaThread "File lock release action executor Thread 2" [_thread_blocked, id=33124, stack(0x000000f62d500000,0x000000f62d600000)]
  0x000002ab6c92cb90 JavaThread "jar transforms Thread 8" [_thread_blocked, id=36080, stack(0x000000f630600000,0x000000f630700000)]

Other Threads:
  0x000002ab6c59a3e0 VMThread "VM Thread" [stack: 0x000000f62b900000,0x000000f62ba00000] [id=9480]
  0x000002ab6c813e50 WatcherThread [stack: 0x000000f62c500000,0x000000f62c600000] [id=2980]
  0x000002ab4c459a80 GCTaskThread "GC Thread#0" [stack: 0x000000f62b400000,0x000000f62b500000] [id=8608]
  0x000002ab717fe230 GCTaskThread "GC Thread#1" [stack: 0x000000f62c600000,0x000000f62c700000] [id=27792]
  0x000002ab6c9cbd20 GCTaskThread "GC Thread#2" [stack: 0x000000f62c700000,0x000000f62c800000] [id=27796]
  0x000002ab6c99a1a0 GCTaskThread "GC Thread#3" [stack: 0x000000f62c800000,0x000000f62c900000] [id=27800]
  0x000002ab715f8b30 GCTaskThread "GC Thread#4" [stack: 0x000000f62c900000,0x000000f62ca00000] [id=28396]
  0x000002ab72996060 GCTaskThread "GC Thread#5" [stack: 0x000000f62d900000,0x000000f62da00000] [id=17512]
  0x000002ab72996e20 GCTaskThread "GC Thread#6" [stack: 0x000000f62da00000,0x000000f62db00000] [id=15320]
  0x000002ab729970e0 GCTaskThread "GC Thread#7" [stack: 0x000000f62db00000,0x000000f62dc00000] [id=19852]
  0x000002ab4c46a8e0 ConcurrentGCThread "G1 Main Marker" [stack: 0x000000f62b500000,0x000000f62b600000] [id=3268]
  0x000002ab4c46b200 ConcurrentGCThread "G1 Conc#0" [stack: 0x000000f62b600000,0x000000f62b700000] [id=14420]
  0x000002ab729973a0 ConcurrentGCThread "G1 Conc#1" [stack: 0x000000f62e200000,0x000000f62e300000] [id=28776]
  0x000002ab4c4ce3e0 ConcurrentGCThread "G1 Refine#0" [stack: 0x000000f62b700000,0x000000f62b800000] [id=13468]
  0x000002ab6c4520b0 ConcurrentGCThread "G1 Service" [stack: 0x000000f62b800000,0x000000f62b900000] [id=14264]

Threads with active compile tasks:
C2 CompilerThread0   437850 6153       4       org.objectweb.asm.MethodWriter::computeAllFrames (510 bytes)

VM state: not at safepoint (normal execution)

VM Mutex/Monitor currently owned by a thread: None

Heap address: 0x0000000080000000, size: 2048 MB, Compressed Oops mode: 32-bit

CDS archive(s) mapped at: [0x000002ab00000000-0x000002ab00bd0000-0x000002ab00bd0000), size 12386304, SharedBaseAddress: 0x000002ab00000000, ArchiveRelocationMode: 1.
Compressed class space mapped at: 0x000002ab01000000-0x000002ab1b000000, reserved size: 436207616
Narrow klass base: 0x000002ab00000000, Narrow klass shift: 0, Narrow klass range: 0x100000000

GC Precious Log:
 CPUs: 8 total, 8 available
 Memory: 7894M
 Large Page Support: Disabled
 NUMA Support: Disabled
 Compressed Oops: Enabled (32-bit)
 Heap Region Size: 1M
 Heap Min Capacity: 8M
 Heap Initial Capacity: 124M
 Heap Max Capacity: 2G
 Pre-touch: Disabled
 Parallel Workers: 8
 Concurrent Workers: 2
 Concurrent Refinement Workers: 8
 Periodic GC: Disabled

Heap:
 garbage-first heap   total 86016K, used 68616K [0x0000000080000000, 0x0000000100000000)
  region size 1024K, 30 young (30720K), 3 survivors (3072K)
 Metaspace       used 46510K, committed 47040K, reserved 491520K
  class space    used 6429K, committed 6656K, reserved 425984K

Heap Regions: E=young(eden), S=young(survivor), O=old, HS=humongous(starts), HC=humongous(continues), CS=collection set, F=free, OA=open archive, CA=closed archive, TAMS=top-at-mark-start (previous, next)
|   0|0x0000000080000000, 0x0000000080100000, 0x0000000080100000|100%|HS|  |TAMS 0x0000000080100000, 0x0000000080000000| Complete 
|   1|0x0000000080100000, 0x0000000080200000, 0x0000000080200000|100%|HC|  |TAMS 0x0000000080200000, 0x0000000080100000| Complete 
|   2|0x0000000080200000, 0x0000000080300000, 0x0000000080300000|100%|HC|  |TAMS 0x0000000080300000, 0x0000000080200000| Complete 
|   3|0x0000000080300000, 0x0000000080400000, 0x0000000080400000|100%|HC|  |TAMS 0x0000000080400000, 0x0000000080300000| Complete 
|   4|0x0000000080400000, 0x0000000080500000, 0x0000000080500000|100%| O|  |TAMS 0x0000000080500000, 0x0000000080400000| Untracked 
|   5|0x0000000080500000, 0x0000000080600000, 0x0000000080600000|100%| O|  |TAMS 0x0000000080600000, 0x0000000080500000| Untracked 
|   6|0x0000000080600000, 0x0000000080700000, 0x0000000080700000|100%| O|  |TAMS 0x0000000080700000, 0x0000000080600000| Untracked 
|   7|0x0000000080700000, 0x0000000080800000, 0x0000000080800000|100%| O|  |TAMS 0x0000000080800000, 0x0000000080700000| Untracked 
|   8|0x0000000080800000, 0x0000000080900000, 0x0000000080900000|100%| O|  |TAMS 0x0000000080900000, 0x0000000080800000| Untracked 
|   9|0x0000000080900000, 0x0000000080a00000, 0x0000000080a00000|100%| O|  |TAMS 0x0000000080a00000, 0x0000000080900000| Untracked 
|  10|0x0000000080a00000, 0x0000000080b00000, 0x0000000080b00000|100%| O|  |TAMS 0x0000000080b00000, 0x0000000080a00000| Untracked 
|  11|0x0000000080b00000, 0x0000000080c00000, 0x0000000080c00000|100%| O|  |TAMS 0x0000000080c00000, 0x0000000080b00000| Untracked 
|  12|0x0000000080c00000, 0x0000000080d00000, 0x0000000080d00000|100%| O|  |TAMS 0x0000000080d00000, 0x0000000080c00000| Untracked 
|  13|0x0000000080d00000, 0x0000000080e00000, 0x0000000080e00000|100%| O|  |TAMS 0x0000000080e00000, 0x0000000080d00000| Untracked 
|  14|0x0000000080e00000, 0x0000000080f00000, 0x0000000080f00000|100%| O|  |TAMS 0x0000000080f00000, 0x0000000080e00000| Untracked 
|  15|0x0000000080f00000, 0x0000000081000000, 0x0000000081000000|100%| O|  |TAMS 0x0000000081000000, 0x0000000080f00000| Untracked 
|  16|0x0000000081000000, 0x0000000081100000, 0x0000000081100000|100%| O|  |TAMS 0x0000000081100000, 0x0000000081000000| Untracked 
|  17|0x0000000081100000, 0x0000000081200000, 0x0000000081200000|100%| O|  |TAMS 0x0000000081200000, 0x0000000081100000| Untracked 
|  18|0x0000000081200000, 0x0000000081300000, 0x0000000081300000|100%| O|  |TAMS 0x0000000081300000, 0x0000000081200000| Untracked 
|  19|0x0000000081300000, 0x00000000813ba800, 0x0000000081400000| 72%| O|  |TAMS 0x00000000813ba800, 0x0000000081300000| Untracked 
|  20|0x0000000081400000, 0x0000000081500000, 0x0000000081500000|100%| O|  |TAMS 0x0000000081400000, 0x0000000081400000| Untracked 
|  21|0x0000000081500000, 0x0000000081600000, 0x0000000081600000|100%| O|  |TAMS 0x0000000081500000, 0x0000000081500000| Untracked 
|  22|0x0000000081600000, 0x0000000081700000, 0x0000000081700000|100%| O|  |TAMS 0x0000000081600000, 0x0000000081600000| Untracked 
|  23|0x0000000081700000, 0x0000000081800000, 0x0000000081800000|100%| O|  |TAMS 0x0000000081800000, 0x0000000081700000| Untracked 
|  24|0x0000000081800000, 0x0000000081900000, 0x0000000081900000|100%| O|  |TAMS 0x0000000081900000, 0x0000000081800000| Untracked 
|  25|0x0000000081900000, 0x0000000081a00000, 0x0000000081a00000|100%| O|  |TAMS 0x0000000081a00000, 0x0000000081900000| Untracked 
|  26|0x0000000081a00000, 0x0000000081b00000, 0x0000000081b00000|100%| O|  |TAMS 0x0000000081b00000, 0x0000000081a00000| Untracked 
|  27|0x0000000081b00000, 0x0000000081c00000, 0x0000000081c00000|100%| O|  |TAMS 0x0000000081b00000, 0x0000000081b00000| Untracked 
|  28|0x0000000081c00000, 0x0000000081d00000, 0x0000000081d00000|100%|HS|  |TAMS 0x0000000081c00000, 0x0000000081c00000| Complete 
|  29|0x0000000081d00000, 0x0000000081e00000, 0x0000000081e00000|100%|HC|  |TAMS 0x0000000081d00000, 0x0000000081d00000| Complete 
|  30|0x0000000081e00000, 0x0000000081f00000, 0x0000000081f00000|100%|HS|  |TAMS 0x0000000081e00000, 0x0000000081e00000| Complete 
|  31|0x0000000081f00000, 0x0000000082000000, 0x0000000082000000|100%|HC|  |TAMS 0x0000000081f00000, 0x0000000081f00000| Complete 
|  32|0x0000000082000000, 0x0000000082100000, 0x0000000082100000|100%|HC|  |TAMS 0x0000000082000000, 0x0000000082000000| Complete 
|  33|0x0000000082100000, 0x0000000082200000, 0x0000000082200000|100%|HC|  |TAMS 0x0000000082100000, 0x0000000082100000| Complete 
|  34|0x0000000082200000, 0x0000000082300000, 0x0000000082300000|100%| O|  |TAMS 0x0000000082300000, 0x0000000082200000| Untracked 
|  35|0x0000000082300000, 0x0000000082400000, 0x0000000082400000|100%| O|  |TAMS 0x0000000082380e00, 0x0000000082300000| Untracked 
|  36|0x0000000082400000, 0x0000000082500000, 0x0000000082500000|100%| O|  |TAMS 0x0000000082400000, 0x0000000082400000| Untracked 
|  37|0x0000000082500000, 0x0000000082600000, 0x0000000082600000|100%| O|  |TAMS 0x0000000082500000, 0x0000000082500000| Untracked 
|  38|0x0000000082600000, 0x0000000082663a00, 0x0000000082700000| 38%| O|  |TAMS 0x0000000082600000, 0x0000000082600000| Untracked 
|  39|0x0000000082700000, 0x0000000082700000, 0x0000000082800000|  0%| F|  |TAMS 0x0000000082700000, 0x0000000082700000| Untracked 
|  40|0x0000000082800000, 0x0000000082800000, 0x0000000082900000|  0%| F|  |TAMS 0x0000000082800000, 0x0000000082800000| Untracked 
|  41|0x0000000082900000, 0x0000000082900000, 0x0000000082a00000|  0%| F|  |TAMS 0x0000000082900000, 0x0000000082900000| Untracked 
|  42|0x0000000082a00000, 0x0000000082a00000, 0x0000000082b00000|  0%| F|  |TAMS 0x0000000082a00000, 0x0000000082a00000| Untracked 
|  43|0x0000000082b00000, 0x0000000082be40c0, 0x0000000082c00000| 89%| S|CS|TAMS 0x0000000082b00000, 0x0000000082b00000| Complete 
|  44|0x0000000082c00000, 0x0000000082d00000, 0x0000000082d00000|100%| S|CS|TAMS 0x0000000082c00000, 0x0000000082c00000| Complete 
|  45|0x0000000082d00000, 0x0000000082e00000, 0x0000000082e00000|100%| S|CS|TAMS 0x0000000082d00000, 0x0000000082d00000| Complete 
|  46|0x0000000082e00000, 0x0000000082e00000, 0x0000000082f00000|  0%| F|  |TAMS 0x0000000082e00000, 0x0000000082e00000| Untracked 
|  47|0x0000000082f00000, 0x0000000082f00000, 0x0000000083000000|  0%| F|  |TAMS 0x0000000082f00000, 0x0000000082f00000| Untracked 
|  48|0x0000000083000000, 0x0000000083000000, 0x0000000083100000|  0%| F|  |TAMS 0x0000000083000000, 0x0000000083000000| Untracked 
|  49|0x0000000083100000, 0x0000000083100000, 0x0000000083200000|  0%| F|  |TAMS 0x0000000083100000, 0x0000000083100000| Untracked 
|  50|0x0000000083200000, 0x0000000083200000, 0x0000000083300000|  0%| F|  |TAMS 0x0000000083200000, 0x0000000083200000| Untracked 
|  51|0x0000000083300000, 0x0000000083300000, 0x0000000083400000|  0%| F|  |TAMS 0x0000000083300000, 0x0000000083300000| Untracked 
|  52|0x0000000083400000, 0x0000000083400000, 0x0000000083500000|  0%| F|  |TAMS 0x0000000083400000, 0x0000000083400000| Untracked 
|  53|0x0000000083500000, 0x0000000083500000, 0x0000000083600000|  0%| F|  |TAMS 0x0000000083500000, 0x0000000083500000| Untracked 
|  54|0x0000000083600000, 0x0000000083600000, 0x0000000083700000|  0%| F|  |TAMS 0x0000000083600000, 0x0000000083600000| Untracked 
|  55|0x0000000083700000, 0x0000000083700000, 0x0000000083800000|  0%| F|  |TAMS 0x0000000083700000, 0x0000000083700000| Untracked 
|  56|0x0000000083800000, 0x0000000083800000, 0x0000000083900000|  0%| F|  |TAMS 0x0000000083800000, 0x0000000083800000| Untracked 
|  57|0x0000000083900000, 0x0000000083971e28, 0x0000000083a00000| 44%| E|  |TAMS 0x0000000083900000, 0x0000000083900000| Complete 
|  58|0x0000000083a00000, 0x0000000083b00000, 0x0000000083b00000|100%| E|CS|TAMS 0x0000000083a00000, 0x0000000083a00000| Complete 
|  59|0x0000000083b00000, 0x0000000083c00000, 0x0000000083c00000|100%| E|CS|TAMS 0x0000000083b00000, 0x0000000083b00000| Complete 
|  60|0x0000000083c00000, 0x0000000083d00000, 0x0000000083d00000|100%| E|CS|TAMS 0x0000000083c00000, 0x0000000083c00000| Complete 
|  61|0x0000000083d00000, 0x0000000083e00000, 0x0000000083e00000|100%| E|CS|TAMS 0x0000000083d00000, 0x0000000083d00000| Complete 
|  62|0x0000000083e00000, 0x0000000083f00000, 0x0000000083f00000|100%| E|CS|TAMS 0x0000000083e00000, 0x0000000083e00000| Complete 
|  63|0x0000000083f00000, 0x0000000084000000, 0x0000000084000000|100%| E|CS|TAMS 0x0000000083f00000, 0x0000000083f00000| Complete 
|  64|0x0000000084000000, 0x0000000084100000, 0x0000000084100000|100%| E|CS|TAMS 0x0000000084000000, 0x0000000084000000| Complete 
|  65|0x0000000084100000, 0x0000000084200000, 0x0000000084200000|100%| E|CS|TAMS 0x0000000084100000, 0x0000000084100000| Complete 
|  66|0x0000000084200000, 0x0000000084300000, 0x0000000084300000|100%| E|CS|TAMS 0x0000000084200000, 0x0000000084200000| Complete 
|  67|0x0000000084300000, 0x0000000084400000, 0x0000000084400000|100%| E|CS|TAMS 0x0000000084300000, 0x0000000084300000| Complete 
|  68|0x0000000084400000, 0x0000000084500000, 0x0000000084500000|100%| E|CS|TAMS 0x0000000084400000, 0x0000000084400000| Complete 
|  69|0x0000000084500000, 0x0000000084600000, 0x0000000084600000|100%| E|CS|TAMS 0x0000000084500000, 0x0000000084500000| Complete 
|  70|0x0000000084600000, 0x0000000084700000, 0x0000000084700000|100%| E|CS|TAMS 0x0000000084600000, 0x0000000084600000| Complete 
|  71|0x0000000084700000, 0x0000000084800000, 0x0000000084800000|100%| E|CS|TAMS 0x0000000084700000, 0x0000000084700000| Complete 
|  72|0x0000000084800000, 0x0000000084900000, 0x0000000084900000|100%| E|CS|TAMS 0x0000000084800000, 0x0000000084800000| Complete 
|  73|0x0000000084900000, 0x0000000084a00000, 0x0000000084a00000|100%| E|CS|TAMS 0x0000000084900000, 0x0000000084900000| Complete 
|  74|0x0000000084a00000, 0x0000000084b00000, 0x0000000084b00000|100%| E|CS|TAMS 0x0000000084a00000, 0x0000000084a00000| Complete 
|  75|0x0000000084b00000, 0x0000000084c00000, 0x0000000084c00000|100%| E|CS|TAMS 0x0000000084b00000, 0x0000000084b00000| Complete 
|  76|0x0000000084c00000, 0x0000000084d00000, 0x0000000084d00000|100%| E|CS|TAMS 0x0000000084c00000, 0x0000000084c00000| Complete 
|  77|0x0000000084d00000, 0x0000000084e00000, 0x0000000084e00000|100%| E|CS|TAMS 0x0000000084d00000, 0x0000000084d00000| Complete 
|  78|0x0000000084e00000, 0x0000000084f00000, 0x0000000084f00000|100%| E|CS|TAMS 0x0000000084e00000, 0x0000000084e00000| Complete 
|  90|0x0000000085a00000, 0x0000000085b00000, 0x0000000085b00000|100%| E|CS|TAMS 0x0000000085a00000, 0x0000000085a00000| Complete 
|  91|0x0000000085b00000, 0x0000000085c00000, 0x0000000085c00000|100%| E|CS|TAMS 0x0000000085b00000, 0x0000000085b00000| Complete 
|  92|0x0000000085c00000, 0x0000000085d00000, 0x0000000085d00000|100%| E|CS|TAMS 0x0000000085c00000, 0x0000000085c00000| Complete 
| 122|0x0000000087a00000, 0x0000000087b00000, 0x0000000087b00000|100%| E|CS|TAMS 0x0000000087a00000, 0x0000000087a00000| Complete 
| 123|0x0000000087b00000, 0x0000000087c00000, 0x0000000087c00000|100%| E|CS|TAMS 0x0000000087b00000, 0x0000000087b00000| Complete 

Card table byte_map: [0x000002ab65320000,0x000002ab65720000] _byte_map_base: 0x000002ab64f20000

Marking Bits (Prev, Next): (CMBitMap*) 0x000002ab4c459fb0, (CMBitMap*) 0x000002ab4c459ff0
 Prev Bits: [0x000002ab65b20000, 0x000002ab67b20000)
 Next Bits: [0x000002ab67b20000, 0x000002ab69b20000)

Polling page: 0x000002ab4c4d0000

Metaspace:

Usage:
  Non-class:     39.14 MB used.
      Class:      6.28 MB used.
       Both:     45.42 MB used.

Virtual space:
  Non-class space:       64.00 MB reserved,      39.44 MB ( 62%) committed,  1 nodes.
      Class space:      416.00 MB reserved,       6.50 MB (  2%) committed,  1 nodes.
             Both:      480.00 MB reserved,      45.94 MB ( 10%) committed. 

Chunk freelists:
   Non-Class:  8.53 MB
       Class:  9.38 MB
        Both:  17.91 MB

MaxMetaspaceSize: 512.00 MB
CompressedClassSpaceSize: 416.00 MB
Initial GC threshold: 21.00 MB
Current GC threshold: 59.06 MB
CDS: on
MetaspaceReclaimPolicy: balanced
 - commit_granule_bytes: 65536.
 - commit_granule_words: 8192.
 - virtual_space_node_default_size: 8388608.
 - enlarge_chunks_in_place: 1.
 - new_chunks_are_fully_committed: 0.
 - uncommit_free_chunks: 1.
 - use_allocation_guard: 0.
 - handle_deallocations: 1.


Internal statistics:

num_allocs_failed_limit: 6.
num_arena_births: 630.
num_arena_deaths: 0.
num_vsnodes_births: 2.
num_vsnodes_deaths: 0.
num_space_committed: 735.
num_space_uncommitted: 0.
num_chunks_returned_to_freelist: 6.
num_chunks_taken_from_freelist: 2396.
num_chunk_merges: 6.
num_chunk_splits: 1609.
num_chunks_enlarged: 1099.
num_inconsistent_stats: 0.

CodeHeap 'non-profiled nmethods': size=120000Kb used=3051Kb max_used=3451Kb free=116948Kb
 bounds [0x000002ab5cf80000, 0x000002ab5d2e0000, 0x000002ab644b0000]
CodeHeap 'profiled nmethods': size=120000Kb used=10266Kb max_used=11388Kb free=109733Kb
 bounds [0x000002ab554b0000, 0x000002ab55fd0000, 0x000002ab5c9e0000]
CodeHeap 'non-nmethods': size=5760Kb used=2343Kb max_used=2364Kb free=3416Kb
 bounds [0x000002ab5c9e0000, 0x000002ab5cc50000, 0x000002ab5cf80000]
 total_blobs=6149 nmethods=5299 adapters=762
 compilation: enabled
              stopped_count=0, restarted_count=0
 full_count=0

Compilation events (20 events):
Event: 437.687 Thread 0x000002ab6c5bf920 6161       3       sun.reflect.generics.parser.SignatureParser::parseMethodSig (10 bytes)
Event: 437.688 Thread 0x000002ab6c5bf920 nmethod 6161 0x000002ab55abe090 code [0x000002ab55abe240, 0x000002ab55abe448]
Event: 437.688 Thread 0x000002ab6c5bf920 6158       3       sun.reflect.generics.reflectiveObjects.LazyReflectiveObjectGenerator::<init> (10 bytes)
Event: 437.688 Thread 0x000002ab6c5bf920 nmethod 6158 0x000002ab55cc3910 code [0x000002ab55cc3aa0, 0x000002ab55cc3c58]
Event: 437.688 Thread 0x000002ab6c5bf920 6162       3       com.google.common.collect.AbstractMapBasedMultimap::put (92 bytes)
Event: 437.691 Thread 0x000002ab6c5bf920 nmethod 6162 0x000002ab5557d090 code [0x000002ab5557d2c0, 0x000002ab5557db18]
Event: 437.691 Thread 0x000002ab6c5bf920 6163       3       org.gradle.internal.instantiation.generator.AsmBackedClassGenerator$ClassBuilderImpl::addLazyGetter (22 bytes)
Event: 437.692 Thread 0x000002ab6c5bf920 nmethod 6163 0x000002ab5595f310 code [0x000002ab5595f520, 0x000002ab5595fd18]
Event: 437.692 Thread 0x000002ab6c5bf920 6165       3       com.google.common.collect.AbstractMapBasedMultimap$WrappedCollection::iterator (13 bytes)
Event: 437.693 Thread 0x000002ab6c5bf920 nmethod 6165 0x000002ab55b4f790 code [0x000002ab55b4f9a0, 0x000002ab55b50268]
Event: 437.693 Thread 0x000002ab6c5bf920 6166       3       com.google.common.collect.AbstractMapBasedMultimap$WrappedCollection$WrappedIterator::<init> (32 bytes)
Event: 437.693 Thread 0x000002ab6c5bf920 nmethod 6166 0x000002ab5586fd90 code [0x000002ab5586ff80, 0x000002ab558706d8]
Event: 437.693 Thread 0x000002ab6c5bf920 6167       3       com.google.common.collect.AbstractMapBasedMultimap::access$100 (5 bytes)
Event: 437.693 Thread 0x000002ab6c5bf920 nmethod 6167 0x000002ab558d3b10 code [0x000002ab558d3ce0, 0x000002ab558d4258]
Event: 437.693 Thread 0x000002ab6c5bf920 6168       3       com.google.common.collect.AbstractMapBasedMultimap::iteratorOrListIterator (26 bytes)
Event: 437.693 Thread 0x000002ab6c5bf920 nmethod 6168 0x000002ab558d3210 code [0x000002ab558d33e0, 0x000002ab558d38f8]
Event: 437.693 Thread 0x000002ab6c5bf920 6164       3       org.gradle.internal.instantiation.generator.AsmBackedClassGenerator$ClassBuilderImpl$$Lambda$118/0x000002ab011af268::<init> (26 bytes)
Event: 437.694 Thread 0x000002ab6c5bf920 nmethod 6164 0x000002ab5586f710 code [0x000002ab5586f8c0, 0x000002ab5586fb98]
Event: 437.711 Thread 0x000002ab6c5bf920 6169       2       java.util.Collections$UnmodifiableCollection::contains (11 bytes)
Event: 437.711 Thread 0x000002ab6c5bf920 nmethod 6169 0x000002ab55a1fe10 code [0x000002ab55a1ffa0, 0x000002ab55a200c8]

GC Heap History (20 events):
Event: 15.185 GC heap before
{Heap before GC invocations=1 (full 0):
 garbage-first heap   total 126976K, used 38736K [0x0000000080000000, 0x0000000100000000)
  region size 1024K, 30 young (30720K), 3 survivors (3072K)
 Metaspace       used 3933K, committed 4096K, reserved 491520K
  class space    used 474K, committed 576K, reserved 425984K
}
Event: 15.193 GC heap after
{Heap after GC invocations=2 (full 0):
 garbage-first heap   total 126976K, used 13177K [0x0000000080000000, 0x0000000100000000)
  region size 1024K, 3 young (3072K), 3 survivors (3072K)
 Metaspace       used 3933K, committed 4096K, reserved 491520K
  class space    used 474K, committed 576K, reserved 425984K
}
Event: 53.084 GC heap before
{Heap before GC invocations=2 (full 0):
 garbage-first heap   total 126976K, used 85881K [0x0000000080000000, 0x0000000100000000)
  region size 1024K, 74 young (75776K), 3 survivors (3072K)
 Metaspace       used 16841K, committed 17152K, reserved 491520K
  class space    used 2427K, committed 2560K, reserved 425984K
}
Event: 53.116 GC heap after
{Heap after GC invocations=3 (full 0):
 garbage-first heap   total 126976K, used 20480K [0x0000000080000000, 0x0000000100000000)
  region size 1024K, 10 young (10240K), 10 survivors (10240K)
 Metaspace       used 16841K, committed 17152K, reserved 491520K
  class space    used 2427K, committed 2560K, reserved 425984K
}
Event: 63.224 GC heap before
{Heap before GC invocations=3 (full 0):
 garbage-first heap   total 126976K, used 51200K [0x0000000080000000, 0x0000000100000000)
  region size 1024K, 41 young (41984K), 10 survivors (10240K)
 Metaspace       used 21195K, committed 21504K, reserved 491520K
  class space    used 3119K, committed 3264K, reserved 425984K
}
Event: 63.253 GC heap after
{Heap after GC invocations=4 (full 0):
 garbage-first heap   total 126976K, used 22532K [0x0000000080000000, 0x0000000100000000)
  region size 1024K, 3 young (3072K), 3 survivors (3072K)
 Metaspace       used 21195K, committed 21504K, reserved 491520K
  class space    used 3119K, committed 3264K, reserved 425984K
}
Event: 69.248 GC heap before
{Heap before GC invocations=5 (full 0):
 garbage-first heap   total 86016K, used 69636K [0x0000000080000000, 0x0000000100000000)
  region size 1024K, 50 young (51200K), 3 survivors (3072K)
 Metaspace       used 28897K, committed 29184K, reserved 491520K
  class space    used 4037K, committed 4160K, reserved 425984K
}
Event: 69.256 GC heap after
{Heap after GC invocations=6 (full 0):
 garbage-first heap   total 86016K, used 27273K [0x0000000080000000, 0x0000000100000000)
  region size 1024K, 7 young (7168K), 7 survivors (7168K)
 Metaspace       used 28897K, committed 29184K, reserved 491520K
  class space    used 4037K, committed 4160K, reserved 425984K
}
Event: 144.849 GC heap before
{Heap before GC invocations=6 (full 0):
 garbage-first heap   total 86016K, used 65161K [0x0000000080000000, 0x0000000100000000)
  region size 1024K, 41 young (41984K), 7 survivors (7168K)
 Metaspace       used 31808K, committed 32256K, reserved 491520K
  class space    used 4350K, committed 4544K, reserved 425984K
}
Event: 144.930 GC heap after
{Heap after GC invocations=7 (full 0):
 garbage-first heap   total 86016K, used 28151K [0x0000000080000000, 0x0000000100000000)
  region size 1024K, 3 young (3072K), 3 survivors (3072K)
 Metaspace       used 31808K, committed 32256K, reserved 491520K
  class space    used 4350K, committed 4544K, reserved 425984K
}
Event: 164.336 GC heap before
{Heap before GC invocations=7 (full 0):
 garbage-first heap   total 86016K, used 62967K [0x0000000080000000, 0x0000000100000000)
  region size 1024K, 37 young (37888K), 3 survivors (3072K)
 Metaspace       used 33596K, committed 34048K, reserved 491520K
  class space    used 4608K, committed 4800K, reserved 425984K
}
Event: 164.346 GC heap after
{Heap after GC invocations=8 (full 0):
 garbage-first heap   total 86016K, used 30462K [0x0000000080000000, 0x0000000100000000)
  region size 1024K, 5 young (5120K), 5 survivors (5120K)
 Metaspace       used 33596K, committed 34048K, reserved 491520K
  class space    used 4608K, committed 4800K, reserved 425984K
}
Event: 177.712 GC heap before
{Heap before GC invocations=8 (full 0):
 garbage-first heap   total 86016K, used 58110K [0x0000000080000000, 0x0000000100000000)
  region size 1024K, 32 young (32768K), 5 survivors (5120K)
 Metaspace       used 35626K, committed 36096K, reserved 491520K
  class space    used 4819K, committed 5056K, reserved 425984K
}
Event: 177.727 GC heap after
{Heap after GC invocations=9 (full 0):
 garbage-first heap   total 86016K, used 31245K [0x0000000080000000, 0x0000000100000000)
  region size 1024K, 4 young (4096K), 4 survivors (4096K)
 Metaspace       used 35626K, committed 36096K, reserved 491520K
  class space    used 4819K, committed 5056K, reserved 425984K
}
Event: 227.731 GC heap before
{Heap before GC invocations=10 (full 0):
 garbage-first heap   total 86016K, used 65037K [0x0000000080000000, 0x0000000100000000)
  region size 1024K, 38 young (38912K), 4 survivors (4096K)
 Metaspace       used 38502K, committed 38976K, reserved 491520K
  class space    used 5298K, committed 5504K, reserved 425984K
}
Event: 227.794 GC heap after
{Heap after GC invocations=11 (full 0):
 garbage-first heap   total 86016K, used 33251K [0x0000000080000000, 0x0000000100000000)
  region size 1024K, 3 young (3072K), 3 survivors (3072K)
 Metaspace       used 38502K, committed 38976K, reserved 491520K
  class space    used 5298K, committed 5504K, reserved 425984K
}
Event: 307.129 GC heap before
{Heap before GC invocations=11 (full 0):
 garbage-first heap   total 86016K, used 67043K [0x0000000080000000, 0x0000000100000000)
  region size 1024K, 36 young (36864K), 3 survivors (3072K)
 Metaspace       used 41470K, committed 41984K, reserved 491520K
  class space    used 5714K, committed 5952K, reserved 425984K
}
Event: 307.211 GC heap after
{Heap after GC invocations=12 (full 0):
 garbage-first heap   total 86016K, used 33936K [0x0000000080000000, 0x0000000100000000)
  region size 1024K, 4 young (4096K), 4 survivors (4096K)
 Metaspace       used 41470K, committed 41984K, reserved 491520K
  class space    used 5714K, committed 5952K, reserved 425984K
}
Event: 411.777 GC heap before
{Heap before GC invocations=12 (full 0):
 garbage-first heap   total 86016K, used 73872K [0x0000000080000000, 0x0000000100000000)
  region size 1024K, 38 young (38912K), 4 survivors (4096K)
 Metaspace       used 42742K, committed 43264K, reserved 491520K
  class space    used 5914K, committed 6144K, reserved 425984K
}
Event: 412.081 GC heap after
{Heap after GC invocations=13 (full 0):
 garbage-first heap   total 86016K, used 41992K [0x0000000080000000, 0x0000000100000000)
  region size 1024K, 3 young (3072K), 3 survivors (3072K)
 Metaspace       used 42742K, committed 43264K, reserved 491520K
  class space    used 5914K, committed 6144K, reserved 425984K
}

Deoptimization events (20 events):
Event: 422.532 Thread 0x000002ab6c616880 Uncommon trap: trap_request=0xffffffc6 fr.pc=0x000002ab5d2c2618 relative=0x00000000000004b8
Event: 422.532 Thread 0x000002ab6c616880 Uncommon trap: reason=bimorphic_or_optimized_type_check action=maybe_recompile pc=0x000002ab5d2c2618 method=java.util.Collections$UnmodifiableCollection.contains(Ljava/lang/Object;)Z @ 5 c2
Event: 422.532 Thread 0x000002ab6c616880 DEOPT PACKING pc=0x000002ab5d2c2618 sp=0x000000f62cff65f0
Event: 422.532 Thread 0x000002ab6c616880 DEOPT UNPACKING pc=0x000002ab5ca35ba3 sp=0x000000f62cff6598 mode 2
Event: 432.465 Thread 0x000002ab6c616880 Uncommon trap: trap_request=0xffffff3d fr.pc=0x000002ab5d2215f0 relative=0x0000000000000cd0
Event: 432.465 Thread 0x000002ab6c616880 Uncommon trap: reason=unstable_fused_if action=reinterpret pc=0x000002ab5d2215f0 method=org.objectweb.asm.ByteVector.putUTF8(Ljava/lang/String;)Lorg/objectweb/asm/ByteVector; @ 93 c2
Event: 432.465 Thread 0x000002ab6c616880 DEOPT PACKING pc=0x000002ab5d2215f0 sp=0x000000f62cff6d40
Event: 432.466 Thread 0x000002ab6c616880 DEOPT UNPACKING pc=0x000002ab5ca35ba3 sp=0x000000f62cff6c98 mode 2
Event: 432.516 Thread 0x000002ab6c616880 Uncommon trap: trap_request=0xffffff45 fr.pc=0x000002ab5d228f2c relative=0x0000000000005a4c
Event: 432.516 Thread 0x000002ab6c616880 Uncommon trap: reason=unstable_if action=reinterpret pc=0x000002ab5d228f2c method=org.objectweb.asm.Frame.execute(IILorg/objectweb/asm/Symbol;Lorg/objectweb/asm/SymbolTable;)V @ 1 c2
Event: 432.516 Thread 0x000002ab6c616880 DEOPT PACKING pc=0x000002ab5d228f2c sp=0x000000f62cff6bb0
Event: 432.517 Thread 0x000002ab6c616880 DEOPT UNPACKING pc=0x000002ab5ca35ba3 sp=0x000000f62cff6b58 mode 2
Event: 433.311 Thread 0x000002ab6c616880 Uncommon trap: trap_request=0xffffff3d fr.pc=0x000002ab5d0fb350 relative=0x0000000000000210
Event: 433.311 Thread 0x000002ab6c616880 Uncommon trap: reason=unstable_fused_if action=reinterpret pc=0x000002ab5d0fb350 method=org.objectweb.asm.ByteVector.putUTF8(Ljava/lang/String;)Lorg/objectweb/asm/ByteVector; @ 93 c2
Event: 433.311 Thread 0x000002ab6c616880 DEOPT PACKING pc=0x000002ab5d0fb350 sp=0x000000f62cff6f60
Event: 433.312 Thread 0x000002ab6c616880 DEOPT UNPACKING pc=0x000002ab5ca35ba3 sp=0x000000f62cff6ee0 mode 2
Event: 433.684 Thread 0x000002ab6c616880 Uncommon trap: trap_request=0xffffff45 fr.pc=0x000002ab5d2659bc relative=0x000000000000043c
Event: 433.684 Thread 0x000002ab6c616880 Uncommon trap: reason=unstable_if action=reinterpret pc=0x000002ab5d2659bc method=org.gradle.internal.service.DefaultServiceRegistry$OwnServices.getService(Ljava/lang/reflect/Type;)Lorg/gradle/internal/service/Service; @ 27 c2
Event: 433.684 Thread 0x000002ab6c616880 DEOPT PACKING pc=0x000002ab5d2659bc sp=0x000000f62cff7350
Event: 433.684 Thread 0x000002ab6c616880 DEOPT UNPACKING pc=0x000002ab5ca35ba3 sp=0x000000f62cff72c8 mode 2

Classes unloaded (0 events):
No events

Classes redefined (0 events):
No events

Internal exceptions (20 events):
Event: 308.660 Thread 0x000002ab6c616880 Exception <a 'java/lang/NoSuchMethodError'{0x0000000084d4d3f8}: 'java.lang.Object java.lang.invoke.DirectMethodHandle$Holder.newInvokeSpecial(java.lang.Object, java.lang.Object, int)'> (0x0000000084d4d3f8) 
thrown [s\open\src\hotspot\share\interpreter\linkResolver.cpp, line 759]
Event: 412.290 Thread 0x000002ab6c616880 Exception <a 'java/lang/ClassNotFoundException'{0x0000000087b57400}: org/gradle/api/internal/project/DefaultProject_DecoratedBeanInfo> (0x0000000087b57400) 
thrown [s\open\src\hotspot\share\classfile\systemDictionary.cpp, line 256]
Event: 412.339 Thread 0x000002ab6c616880 Exception <a 'java/lang/ClassNotFoundException'{0x0000000087b6d430}: org/gradle/api/internal/project/DefaultProjectBeanInfo> (0x0000000087b6d430) 
thrown [s\open\src\hotspot\share\classfile\systemDictionary.cpp, line 256]
Event: 412.417 Thread 0x000002ab6c616880 Exception <a 'java/lang/ClassNotFoundException'{0x0000000087b86740}: org/gradle/api/internal/project/DefaultProjectCustomizer> (0x0000000087b86740) 
thrown [s\open\src\hotspot\share\classfile\systemDictionary.cpp, line 256]
Event: 413.251 Thread 0x000002ab6c616880 Exception <a 'java/lang/ClassNotFoundException'{0x0000000087a38900}: org/gradle/api/internal/project/DefaultProject_DecoratedCustomizer> (0x0000000087a38900) 
thrown [s\open\src\hotspot\share\classfile\systemDictionary.cpp, line 256]
Event: 415.830 Thread 0x000002ab6c616880 Exception <a 'java/lang/IncompatibleClassChangeError'{0x0000000085ce3948}: Found class java.lang.Object, but interface was expected> (0x0000000085ce3948) 
thrown [s\open\src\hotspot\share\interpreter\linkResolver.cpp, line 826]
Event: 416.811 Thread 0x000002ab6c616880 Exception <a 'java/lang/ClassNotFoundException'{0x0000000085a80410}: org/gradle/api/internal/project/DefaultAntBuilderBeanInfo> (0x0000000085a80410) 
thrown [s\open\src\hotspot\share\classfile\systemDictionary.cpp, line 256]
Event: 416.821 Thread 0x000002ab6c616880 Exception <a 'java/lang/ClassNotFoundException'{0x0000000085a97920}: org/gradle/api/internal/project/ant/BasicAntBuilderBeanInfo> (0x0000000085a97920) 
thrown [s\open\src\hotspot\share\classfile\systemDictionary.cpp, line 256]
Event: 416.833 Thread 0x000002ab6c616880 Exception <a 'java/lang/ClassNotFoundException'{0x0000000085aae480}: org/gradle/api/AntBuilderBeanInfo> (0x0000000085aae480) 
thrown [s\open\src\hotspot\share\classfile\systemDictionary.cpp, line 256]
Event: 416.884 Thread 0x000002ab6c616880 Exception <a 'java/lang/ClassNotFoundException'{0x0000000085ac7270}: groovy/ant/AntBuilderBeanInfo> (0x0000000085ac7270) 
thrown [s\open\src\hotspot\share\classfile\systemDictionary.cpp, line 256]
Event: 416.918 Thread 0x000002ab6c616880 Exception <a 'java/lang/ClassNotFoundException'{0x0000000084e2f3f8}: groovy/util/BuilderSupportBeanInfo> (0x0000000084e2f3f8) 
thrown [s\open\src\hotspot\share\classfile\systemDictionary.cpp, line 256]
Event: 416.996 Thread 0x000002ab6c616880 Exception <a 'java/lang/ClassNotFoundException'{0x0000000084e970c8}: groovy/util/BuilderSupportCustomizer> (0x0000000084e970c8) 
thrown [s\open\src\hotspot\share\classfile\systemDictionary.cpp, line 256]
Event: 417.010 Thread 0x000002ab6c616880 Exception <a 'java/lang/ClassNotFoundException'{0x0000000084eb21c8}: groovy/ant/AntBuilderCustomizer> (0x0000000084eb21c8) 
thrown [s\open\src\hotspot\share\classfile\systemDictionary.cpp, line 256]
Event: 417.026 Thread 0x000002ab6c616880 Exception <a 'java/lang/ClassNotFoundException'{0x0000000084ecdc60}: org/gradle/api/AntBuilderCustomizer> (0x0000000084ecdc60) 
thrown [s\open\src\hotspot\share\classfile\systemDictionary.cpp, line 256]
Event: 417.030 Thread 0x000002ab6c616880 Exception <a 'java/lang/ClassNotFoundException'{0x0000000084eefb90}: org/gradle/api/internal/project/ant/BasicAntBuilderCustomizer> (0x0000000084eefb90) 
thrown [s\open\src\hotspot\share\classfile\systemDictionary.cpp, line 256]
Event: 417.033 Thread 0x000002ab6c616880 Exception <a 'java/lang/ClassNotFoundException'{0x0000000084d19200}: org/gradle/api/internal/project/DefaultAntBuilderCustomizer> (0x0000000084d19200) 
thrown [s\open\src\hotspot\share\classfile\systemDictionary.cpp, line 256]
Event: 421.365 Thread 0x000002ab6c616880 Exception <a 'java/lang/IncompatibleClassChangeError'{0x0000000084ca9218}: Found class java.lang.Object, but interface was expected> (0x0000000084ca9218) 
thrown [s\open\src\hotspot\share\interpreter\linkResolver.cpp, line 826]
Event: 432.719 Thread 0x000002ab6c616880 Exception <a 'java/lang/NoSuchMethodError'{0x000000008454b4b0}: 'java.lang.Object java.lang.invoke.DirectMethodHandle$Holder.newInvokeSpecial(java.lang.Object, java.lang.Object, java.lang.Object, java.lang.Object, int)'> (0x000000008454b4b0) 
thrown [s\open\src\hotspot\share\interpreter\linkResolver.cpp, line 759]
Event: 432.729 Thread 0x000002ab6c616880 Exception <a 'java/lang/NoSuchMethodError'{0x00000000845508f8}: 'java.lang.Object java.lang.invoke.DirectMethodHandle$Holder.invokeSpecial(java.lang.Object, java.lang.Object, java.lang.Object, java.lang.Object, java.lang.Object, int)'> (0x00000000845508f8) 
thrown [s\open\src\hotspot\share\interpreter\linkResolver.cpp, line 759]
Event: 432.731 Thread 0x000002ab6c616880 Exception <a 'java/lang/NoSuchMethodError'{0x0000000084555728}: 'java.lang.Object java.lang.invoke.Invokers$Holder.linkToTargetMethod(java.lang.Object, java.lang.Object, java.lang.Object, int, java.lang.Object)'> (0x0000000084555728) 
thrown [s\open\src\hotspot\share\interpreter\linkResolver.cpp, line 759]

VM Operations (20 events):
Event: 425.556 Executing VM operation: Cleanup
Event: 425.587 Executing VM operation: Cleanup done
Event: 426.594 Executing VM operation: Cleanup
Event: 426.610 Executing VM operation: Cleanup done
Event: 427.623 Executing VM operation: Cleanup
Event: 427.654 Executing VM operation: Cleanup done
Event: 428.655 Executing VM operation: Cleanup
Event: 428.670 Executing VM operation: Cleanup done
Event: 431.699 Executing VM operation: Cleanup
Event: 431.714 Executing VM operation: Cleanup done
Event: 432.722 Executing VM operation: Cleanup
Event: 432.722 Executing VM operation: Cleanup done
Event: 433.726 Executing VM operation: Cleanup
Event: 433.742 Executing VM operation: Cleanup done
Event: 434.747 Executing VM operation: Cleanup
Event: 434.763 Executing VM operation: Cleanup done
Event: 435.775 Executing VM operation: Cleanup
Event: 435.825 Executing VM operation: Cleanup done
Event: 436.834 Executing VM operation: Cleanup
Event: 436.865 Executing VM operation: Cleanup done

Events (20 events):
Event: 424.944 loading class jdk/jfr/Recording
Event: 424.982 loading class jdk/jfr/Recording done
Event: 424.982 loading class jdk/jfr/FlightRecorder
Event: 425.019 loading class jdk/jfr/FlightRecorder done
Event: 425.019 loading class jdk/management/jfr/FlightRecorderMXBeanImpl$MXBeanListener
Event: 425.019 loading class jdk/jfr/FlightRecorderListener
Event: 425.022 loading class jdk/jfr/FlightRecorderListener done
Event: 425.022 loading class jdk/management/jfr/FlightRecorderMXBeanImpl$MXBeanListener done
Event: 425.955 loading class java/time/format/DateTimeFormatterBuilder$WeekBasedFieldPrinterParser
Event: 425.970 loading class java/time/format/DateTimeFormatterBuilder$WeekBasedFieldPrinterParser done
Event: 427.057 loading class com/sun/jmx/mbeanserver/StandardMBeanSupport
Event: 427.061 loading class com/sun/jmx/mbeanserver/StandardMBeanSupport done
Event: 427.061 loading class com/sun/jmx/mbeanserver/StandardMBeanIntrospector
Event: 427.088 loading class com/sun/jmx/mbeanserver/StandardMBeanIntrospector done
Event: 433.338 loading class sun/reflect/ReflectionFactory
Event: 433.340 loading class sun/reflect/ReflectionFactory done
Event: 433.340 loading class sun/reflect/ReflectionFactory$1
Event: 433.340 loading class sun/reflect/ReflectionFactory$1 done
Event: 433.356 loading class jdk/internal/reflect/SerializationConstructorAccessorImpl
Event: 433.356 loading class jdk/internal/reflect/SerializationConstructorAccessorImpl done


Dynamic libraries:
0x00007ff729c60000 - 0x00007ff729c70000 	C:\Program Files\Java\jdk-17\bin\java.exe
0x00007fffa3d70000 - 0x00007fffa3f68000 	C:\Windows\SYSTEM32\ntdll.dll
0x00007fffa2c80000 - 0x00007fffa2d42000 	C:\Windows\System32\KERNEL32.DLL
0x00007fffa1890000 - 0x00007fffa1b8e000 	C:\Windows\System32\KERNELBASE.dll
0x00007fffa1b90000 - 0x00007fffa1c90000 	C:\Windows\System32\ucrtbase.dll
0x00007fff0b520000 - 0x00007fff0b539000 	C:\Program Files\Java\jdk-17\bin\jli.dll
0x00007fffa1f00000 - 0x00007fffa1fb1000 	C:\Windows\System32\ADVAPI32.dll
0x00007fffa1d90000 - 0x00007fffa1e2e000 	C:\Windows\System32\msvcrt.dll
0x00007fffa2d50000 - 0x00007fffa2def000 	C:\Windows\System32\sechost.dll
0x00007fffa3290000 - 0x00007fffa33b3000 	C:\Windows\System32\RPCRT4.dll
0x00007fffa1410000 - 0x00007fffa1437000 	C:\Windows\System32\bcrypt.dll
0x00007fffa22e0000 - 0x00007fffa247d000 	C:\Windows\System32\USER32.dll
0x00007fff0b500000 - 0x00007fff0b51b000 	C:\Program Files\Java\jdk-17\bin\VCRUNTIME140.dll
0x00007fffa1740000 - 0x00007fffa1762000 	C:\Windows\System32\win32u.dll
0x00007fffa1fc0000 - 0x00007fffa1feb000 	C:\Windows\System32\GDI32.dll
0x00007fffa1770000 - 0x00007fffa1887000 	C:\Windows\System32\gdi32full.dll
0x00007fffa15a0000 - 0x00007fffa163d000 	C:\Windows\System32\msvcp_win.dll
0x00007fff82d70000 - 0x00007fff8300a000 	C:\Windows\WinSxS\amd64_microsoft.windows.common-controls_6595b64144ccf1df_6.0.19041.4355_none_60b8b9eb71f62e16\COMCTL32.dll
0x00007fff96830000 - 0x00007fff9683a000 	C:\Windows\SYSTEM32\VERSION.dll
0x00007fffa22b0000 - 0x00007fffa22df000 	C:\Windows\System32\IMM32.DLL
0x00007fff69e00000 - 0x00007fff69e0c000 	C:\Program Files\Java\jdk-17\bin\vcruntime140_1.dll
0x00007fff0b710000 - 0x00007fff0b79e000 	C:\Program Files\Java\jdk-17\bin\msvcp140.dll
0x00007fff0a920000 - 0x00007fff0b500000 	C:\Program Files\Java\jdk-17\bin\server\jvm.dll
0x00007fffa33c0000 - 0x00007fffa33c8000 	C:\Windows\System32\PSAPI.DLL
0x00007fff74e30000 - 0x00007fff74e39000 	C:\Windows\SYSTEM32\WSOCK32.dll
0x00007fffa2990000 - 0x00007fffa29fb000 	C:\Windows\System32\WS2_32.dll
0x00007fff8a6f0000 - 0x00007fff8a717000 	C:\Windows\SYSTEM32\WINMM.dll
0x00007fff9fbf0000 - 0x00007fff9fc02000 	C:\Windows\SYSTEM32\kernel.appcore.dll
0x00007fff697f0000 - 0x00007fff697fa000 	C:\Program Files\Java\jdk-17\bin\jimage.dll
0x00007fff9f900000 - 0x00007fff9fae4000 	C:\Windows\SYSTEM32\DBGHELP.DLL
0x00007fff8a530000 - 0x00007fff8a564000 	C:\Windows\SYSTEM32\dbgcore.DLL
0x00007fffa1c90000 - 0x00007fffa1d12000 	C:\Windows\System32\bcryptPrimitives.dll
0x00007fff0b6e0000 - 0x00007fff0b705000 	C:\Program Files\Java\jdk-17\bin\java.dll
0x00007fff0a770000 - 0x00007fff0a847000 	C:\Program Files\Java\jdk-17\bin\jsvml.dll
0x00007fffa33d0000 - 0x00007fffa3b3d000 	C:\Windows\System32\SHELL32.dll
0x00007fff9f080000 - 0x00007fff9f824000 	C:\Windows\SYSTEM32\windows.storage.dll
0x00007fffa2f30000 - 0x00007fffa3283000 	C:\Windows\System32\combase.dll
0x00007fffa0d60000 - 0x00007fffa0d8e000 	C:\Windows\SYSTEM32\Wldp.dll
0x00007fffa1e30000 - 0x00007fffa1efd000 	C:\Windows\System32\OLEAUT32.dll
0x00007fffa3b40000 - 0x00007fffa3bed000 	C:\Windows\System32\SHCORE.dll
0x00007fffa20a0000 - 0x00007fffa20f5000 	C:\Windows\System32\shlwapi.dll
0x00007fffa1340000 - 0x00007fffa1364000 	C:\Windows\SYSTEM32\profapi.dll
0x00007fff0b540000 - 0x00007fff0b559000 	C:\Program Files\Java\jdk-17\bin\net.dll
0x00007fff988e0000 - 0x00007fff989ed000 	C:\Windows\SYSTEM32\WINHTTP.dll
0x00007fffa0ad0000 - 0x00007fffa0b3a000 	C:\Windows\system32\mswsock.dll
0x00007fff0a850000 - 0x00007fff0a866000 	C:\Program Files\Java\jdk-17\bin\nio.dll
0x00007fff0a720000 - 0x00007fff0a738000 	C:\Program Files\Java\jdk-17\bin\zip.dll
0x00007fff79440000 - 0x00007fff79450000 	C:\Program Files\Java\jdk-17\bin\verify.dll
0x00007ffece2f0000 - 0x00007ffece317000 	C:\Users\vietp\.gradle\native\68d5fa5c4cc2d200863cafc0d521ce42e7d3e7ee720ec0a83991735586a16f82\windows-amd64\native-platform.dll
0x00007ffece1a0000 - 0x00007ffece2e4000 	C:\Users\vietp\.gradle\native\e376f236ea51e6404a007f0833ffe2c6e607c4080706a723a18a27aeea778392\windows-amd64\native-platform-file-events.dll
0x00007fff7c900000 - 0x00007fff7c90a000 	C:\Program Files\Java\jdk-17\bin\management.dll
0x00007fff7c8f0000 - 0x00007fff7c8fb000 	C:\Program Files\Java\jdk-17\bin\management_ext.dll
0x00007fffa0da0000 - 0x00007fffa0db8000 	C:\Windows\SYSTEM32\CRYPTSP.dll
0x00007fffa0410000 - 0x00007fffa0444000 	C:\Windows\system32\rsaenh.dll
0x00007fffa1300000 - 0x00007fffa132e000 	C:\Windows\SYSTEM32\USERENV.dll
0x00007fffa0c60000 - 0x00007fffa0c6c000 	C:\Windows\SYSTEM32\CRYPTBASE.dll
0x00007fffa07d0000 - 0x00007fffa080b000 	C:\Windows\SYSTEM32\IPHLPAPI.DLL
0x00007fffa2a00000 - 0x00007fffa2a08000 	C:\Windows\System32\NSI.dll
0x00007fff97450000 - 0x00007fff97467000 	C:\Windows\SYSTEM32\dhcpcsvc6.DLL
0x00007fff97430000 - 0x00007fff9744d000 	C:\Windows\SYSTEM32\dhcpcsvc.DLL
0x00007fffa0810000 - 0x00007fffa08da000 	C:\Windows\SYSTEM32\DNSAPI.dll
0x00007fff7c8e0000 - 0x00007fff7c8ee000 	C:\Program Files\Java\jdk-17\bin\sunmscapi.dll
0x00007fffa1440000 - 0x00007fffa159c000 	C:\Windows\System32\CRYPT32.dll
0x00007fffa0eb0000 - 0x00007fffa0ed7000 	C:\Windows\SYSTEM32\ncrypt.dll
0x00007fffa0e70000 - 0x00007fffa0eab000 	C:\Windows\SYSTEM32\NTASN1.dll
0x00007fff79da0000 - 0x00007fff79da7000 	C:\Windows\system32\wshunix.dll

dbghelp: loaded successfully - version: 4.0.5 - missing functions: none
symbol engine: initialized successfully - sym options: 0x614 - pdb path: .;C:\Program Files\Java\jdk-17\bin;C:\Windows\SYSTEM32;C:\Windows\WinSxS\amd64_microsoft.windows.common-controls_6595b64144ccf1df_6.0.19041.4355_none_60b8b9eb71f62e16;C:\Program Files\Java\jdk-17\bin\server;C:\Users\vietp\.gradle\native\68d5fa5c4cc2d200863cafc0d521ce42e7d3e7ee720ec0a83991735586a16f82\windows-amd64;C:\Users\vietp\.gradle\native\e376f236ea51e6404a007f0833ffe2c6e607c4080706a723a18a27aeea778392\windows-amd64

VM Arguments:
jvm_args: -XX:MaxMetaspaceSize=512m --add-opens=java.base/java.util=ALL-UNNAMED --add-opens=java.base/java.lang=ALL-UNNAMED --add-opens=java.base/java.lang.invoke=ALL-UNNAMED --add-opens=java.prefs/java.util.prefs=ALL-UNNAMED --add-opens=java.base/java.nio.charset=ALL-UNNAMED --add-opens=java.base/java.net=ALL-UNNAMED --add-opens=java.base/java.util.concurrent.atomic=ALL-UNNAMED -Xmx2048m -Dfile.encoding=windows-1252 -Duser.country=US -Duser.language=en -Duser.variant 
java_command: org.gradle.launcher.daemon.bootstrap.GradleDaemon 8.0.1
java_class_path (initial): C:\Users\vietp\.gradle\wrapper\dists\gradle-8.0.1-all\aro4hu1c3oeioove7l0i4i14o\gradle-8.0.1\lib\gradle-launcher-8.0.1.jar
Launcher Type: SUN_STANDARD

[Global flags]
     intx CICompilerCount                          = 4                                         {product} {ergonomic}
   size_t CompressedClassSpaceSize                 = 436207616                                 {product} {ergonomic}
     uint ConcGCThreads                            = 2                                         {product} {ergonomic}
     uint G1ConcRefinementThreads                  = 8                                         {product} {ergonomic}
   size_t G1HeapRegionSize                         = 1048576                                   {product} {ergonomic}
    uintx GCDrainStackTargetSize                   = 64                                        {product} {ergonomic}
   size_t InitialHeapSize                          = 130023424                                 {product} {ergonomic}
   size_t MarkStackSize                            = 4194304                                   {product} {ergonomic}
   size_t MaxHeapSize                              = 2147483648                                {product} {command line}
   size_t MaxMetaspaceSize                         = 536870912                                 {product} {command line}
   size_t MaxNewSize                               = 1287651328                                {product} {ergonomic}
   size_t MinHeapDeltaBytes                        = 1048576                                   {product} {ergonomic}
   size_t MinHeapSize                              = 8388608                                   {product} {ergonomic}
    uintx NonNMethodCodeHeapSize                   = 5839372                                {pd product} {ergonomic}
    uintx NonProfiledCodeHeapSize                  = 122909434                              {pd product} {ergonomic}
    uintx ProfiledCodeHeapSize                     = 122909434                              {pd product} {ergonomic}
    uintx ReservedCodeCacheSize                    = 251658240                              {pd product} {ergonomic}
     bool SegmentedCodeCache                       = true                                      {product} {ergonomic}
   size_t SoftMaxHeapSize                          = 2147483648                             {manageable} {ergonomic}
     bool UseCompressedClassPointers               = true                           {product lp64_product} {ergonomic}
     bool UseCompressedOops                        = true                           {product lp64_product} {ergonomic}
     bool UseG1GC                                  = true                                      {product} {ergonomic}
     bool UseLargePagesIndividualAllocation        = false                                  {pd product} {ergonomic}

Logging:
Log output configuration:
 #0: stdout all=warning uptime,level,tags
 #1: stderr all=off uptime,level,tags

Environment Variables:
JAVA_HOME=C:\Program Files\Java\jdk-17
CLASSPATH=D:\UI\Harmony-Chat\android\\gradle\wrapper\gradle-wrapper.jar
PATH=D:\UI\Harmony-Chat\node_modules\.bin;D:\UI\Harmony-Chat\node_modules\.bin;D:\UI\node_modules\.bin;D:\node_modules\.bin;C:\Program Files\nodejs\node_modules\npm\node_modules\@npmcli\run-script\lib\node-gyp-bin;D:\UI\Harmony-Chat\node_modules\.bin;D:\UI\node_modules\.bin;D:\node_modules\.bin;C:\Program Files\nodejs\node_modules\npm\node_modules\@npmcli\run-script\lib\node-gyp-bin;C:\Program Files\Common Files\Oracle\Java\javapath;C:\Program Files (x86)\Common Files\Oracle\Java\java8path;C:\Program Files (x86)\Common Files\Oracle\Java\javapath;C:\Python312\Scripts\;C:\Python312\;C:\Windows\system32;C:\Windows;C:\Windows\System32\Wbem;C:\Windows\System32\WindowsPowerShell\v1.0\;C:\Windows\System32\OpenSSH\;C:\ProgramData\chocolatey\bin;C:\Program Files\Git\cmd;C:\Program Files\Cloudflare\Cloudflare WARP\;C:\Program Files\Microsoft SQL Server\150\Tools\Binn\;C:\Program Files\Microsoft SQL Server\Client SDK\ODBC\170\Tools\Binn\;C:\Program Files\Intel\Intel(R) Memory and Storage Tool\;C:\Program Files (x86)\Microsoft SQL Server\160\Tools\Binn\;C:\Program Files\Microsoft SQL Server\160\Tools\Binn\;C:\Program Files\Microsoft SQL Server\160\DTS\Binn\;C:\Program Files\Docker\Docker\resources\bin;C:\Program Files (x86)\Microsoft SQL Server\160\DTS\Binn\;C:\Program Files\OpenSSL-Win64\bin;C:\Program Files\dotnet\;C:\Program Files\Java\jdk-17\bin;C:\Users\vietp\AppData\Local\Android\Sdk\platform-tools;C:\Users\vietp\AppData\Local\Android\Sdk\emulator;C:\Users\vietp\AppData\Local\Android\Sdk\cmdline-tools\latest\bin;C:\Program Files\nodejs\;C:\Users\vietp\AppData\Local\Android\Sdk\tools;C:\Program Files\MySQL\MySQL Shell 8.0\bin\;C:\Users\vietp\AppData\Local\Microsoft\WindowsApps;C:\Program Files\JetBrains\WebStorm 2024.1.5\bin;;C:\Program Files\JetBrains\IntelliJ IDEA 2024.1.4\bin;;C:\Users\vietp\AppData\Local\Programs\Microsoft VS Code\bin;C:\Users\vietp\AppData\Local\GitHubDesktop\bin;C:\Users\vietp\.dotnet\tools;C:\Program Files\JetBrains\JetBrains Rider 2024.2.5\bin;;C:\Use
USERNAME=vietp
LANG=en_US.UTF-8
OS=Windows_NT
PROCESSOR_IDENTIFIER=Intel64 Family 6 Model 140 Stepping 2, GenuineIntel



---------------  S Y S T E M  ---------------

OS:
 Windows 10 , 64 bit Build 19041 (10.0.19041.5198)
OS uptime: 0 days 5:45 hours
Hyper-V role detected

CPU: total 8 (initial active 8) (4 cores per cpu, 2 threads per core) family 6 model 140 stepping 2 microcode 0x16, cx8, cmov, fxsr, ht, mmx, 3dnowpref, sse, sse2, sse3, ssse3, sse4.1, sse4.2, popcnt, lzcnt, tsc, tscinvbit, avx, avx2, aes, erms, clmul, bmi1, bmi2, adx, avx512f, avx512dq, avx512cd, avx512bw, avx512vl, sha, fma, vzeroupper, avx512_vpopcntdq, avx512_vpclmulqdq, avx512_vaes, avx512_vnni, clflush, clflushopt, clwb, avx512_vbmi2, avx512_vbmi, hv

Memory: 4k page, system-wide physical 7894M (15M free)
TotalPageFile size 32470M (AvailPageFile size 0M)
current process WorkingSet (physical memory assigned to process): 87M, peak: 161M
current process commit charge ("private bytes"): 270M, peak: 273M

vm_info: Java HotSpot(TM) 64-Bit Server VM (17.0.12+8-LTS-286) for windows-amd64 JRE (17.0.12+8-LTS-286), built on Jun  5 2024 06:46:59 by "mach5one" with MS VC++ 17.6 (VS2022)

END.
